<?xml version="1.0" encoding="UTF-8"?>
<coverage generated="1536097127182" clover="3.2.0">
  <project timestamp="1536097127182" name="All files">
    <metrics statements="401" coveredstatements="363" conditionals="201" coveredconditionals="84" methods="156" coveredmethods="78" elements="758" coveredelements="525" complexity="0" loc="401" ncloc="401" packages="7" files="16" classes="16">
      <package name="actions">
        <metrics statements="64" coveredstatements="64" conditionals="0" coveredconditionals="0" methods="31" coveredmethods="9"/>
        <file name="fishmarks.js" path="/Users/grzegorzwypych/MSS_Development/FishMap/src/actions/fishmarks.js">
          <metrics statements="33" coveredstatements="33" conditionals="0" coveredconditionals="0" methods="16" coveredmethods="5"/>
          <line num="1" count="1" type="stmt"/>
          <line num="20" count="1" type="stmt"/>
          <line num="22" count="1" type="stmt"/>
          <line num="25" count="1" type="stmt"/>
          <line num="28" count="1" type="stmt"/>
          <line num="31" count="1" type="stmt"/>
          <line num="33" count="1" type="stmt"/>
          <line num="36" count="1" type="stmt"/>
          <line num="37" count="1" type="stmt"/>
          <line num="40" count="1" type="stmt"/>
          <line num="41" count="1" type="stmt"/>
          <line num="44" count="1" type="stmt"/>
          <line num="45" count="1" type="stmt"/>
          <line num="48" count="1" type="stmt"/>
          <line num="50" count="1" type="stmt"/>
          <line num="54" count="1" type="stmt"/>
          <line num="57" count="1" type="stmt"/>
          <line num="60" count="1" type="stmt"/>
          <line num="64" count="1" type="stmt"/>
          <line num="67" count="1" type="stmt"/>
          <line num="69" count="1" type="stmt"/>
          <line num="72" count="1" type="stmt"/>
          <line num="74" count="1" type="stmt"/>
          <line num="77" count="1" type="stmt"/>
          <line num="79" count="1" type="stmt"/>
          <line num="82" count="1" type="stmt"/>
          <line num="85" count="1" type="stmt"/>
          <line num="88" count="1" type="stmt"/>
          <line num="90" count="1" type="stmt"/>
          <line num="93" count="1" type="stmt"/>
          <line num="95" count="1" type="stmt"/>
          <line num="98" count="1" type="stmt"/>
          <line num="100" count="1" type="stmt"/>
        </file>
        <file name="user.js" path="/Users/grzegorzwypych/MSS_Development/FishMap/src/actions/user.js">
          <metrics statements="31" coveredstatements="31" conditionals="0" coveredconditionals="0" methods="15" coveredmethods="4"/>
          <line num="1" count="4" type="stmt"/>
          <line num="20" count="4" type="stmt"/>
          <line num="22" count="4" type="stmt"/>
          <line num="25" count="4" type="stmt"/>
          <line num="26" count="4" type="stmt"/>
          <line num="29" count="4" type="stmt"/>
          <line num="31" count="4" type="stmt"/>
          <line num="34" count="4" type="stmt"/>
          <line num="36" count="4" type="stmt"/>
          <line num="40" count="4" type="stmt"/>
          <line num="42" count="4" type="stmt"/>
          <line num="45" count="19" type="stmt"/>
          <line num="48" count="4" type="stmt"/>
          <line num="51" count="4" type="stmt"/>
          <line num="52" count="4" type="stmt"/>
          <line num="55" count="4" type="stmt"/>
          <line num="57" count="4" type="stmt"/>
          <line num="61" count="4" type="stmt"/>
          <line num="63" count="4" type="stmt"/>
          <line num="67" count="4" type="stmt"/>
          <line num="69" count="4" type="stmt"/>
          <line num="73" count="4" type="stmt"/>
          <line num="75" count="4" type="stmt"/>
          <line num="78" count="4" type="stmt"/>
          <line num="80" count="4" type="stmt"/>
          <line num="83" count="4" type="stmt"/>
          <line num="85" count="4" type="stmt"/>
          <line num="88" count="4" type="stmt"/>
          <line num="90" count="4" type="stmt"/>
          <line num="93" count="4" type="stmt"/>
          <line num="95" count="4" type="stmt"/>
        </file>
      </package>
      <package name="assets">
        <metrics statements="2" coveredstatements="2" conditionals="0" coveredconditionals="0" methods="0" coveredmethods="0"/>
        <file name="fishmap-lightsky.png" path="/Users/grzegorzwypych/MSS_Development/FishMap/src/assets/fishmap-lightsky.png">
          <metrics statements="1" coveredstatements="1" conditionals="0" coveredconditionals="0" methods="0" coveredmethods="0"/>
          <line num="1" count="1" type="stmt"/>
        </file>
        <file name="perch.png" path="/Users/grzegorzwypych/MSS_Development/FishMap/src/assets/perch.png">
          <metrics statements="1" coveredstatements="1" conditionals="0" coveredconditionals="0" methods="0" coveredmethods="0"/>
          <line num="1" count="1" type="stmt"/>
        </file>
      </package>
      <package name="common">
        <metrics statements="17" coveredstatements="8" conditionals="0" coveredconditionals="0" methods="6" coveredmethods="0"/>
        <file name="utils.js" path="/Users/grzegorzwypych/MSS_Development/FishMap/src/common/utils.js">
          <metrics statements="17" coveredstatements="8" conditionals="0" coveredconditionals="0" methods="6" coveredmethods="0"/>
          <line num="1" count="3" type="stmt"/>
          <line num="3" count="3" type="stmt"/>
          <line num="4" count="0" type="stmt"/>
          <line num="8" count="0" type="stmt"/>
          <line num="12" count="3" type="stmt"/>
          <line num="14" count="3" type="stmt"/>
          <line num="15" count="0" type="stmt"/>
          <line num="16" count="0" type="stmt"/>
          <line num="18" count="0" type="stmt"/>
          <line num="19" count="0" type="stmt"/>
          <line num="22" count="0" type="stmt"/>
          <line num="23" count="0" type="stmt"/>
          <line num="25" count="0" type="stmt"/>
          <line num="26" count="3" type="stmt"/>
          <line num="28" count="3" type="stmt"/>
          <line num="29" count="3" type="stmt"/>
          <line num="30" count="3" type="stmt"/>
        </file>
      </package>
      <package name="components">
        <metrics statements="30" coveredstatements="30" conditionals="0" coveredconditionals="0" methods="9" coveredmethods="9"/>
        <file name="EditedItem.js" path="/Users/grzegorzwypych/MSS_Development/FishMap/src/components/EditedItem.js">
          <metrics statements="10" coveredstatements="10" conditionals="0" coveredconditionals="0" methods="3" coveredmethods="3"/>
          <line num="1" count="2" type="stmt"/>
          <line num="2" count="2" type="stmt"/>
          <line num="3" count="2" type="stmt"/>
          <line num="5" count="2" type="stmt"/>
          <line num="7" count="2" type="stmt"/>
          <line num="9" count="1" type="stmt"/>
          <line num="15" count="1" type="stmt"/>
          <line num="24" count="2" type="stmt"/>
          <line num="25" count="2" type="stmt"/>
          <line num="30" count="2" type="stmt"/>
        </file>
        <file name="FishMarker.js" path="/Users/grzegorzwypych/MSS_Development/FishMap/src/components/FishMarker.js">
          <metrics statements="11" coveredstatements="11" conditionals="0" coveredconditionals="0" methods="3" coveredmethods="3"/>
          <line num="1" count="2" type="stmt"/>
          <line num="3" count="2" type="stmt"/>
          <line num="4" count="2" type="stmt"/>
          <line num="5" count="2" type="stmt"/>
          <line num="6" count="2" type="stmt"/>
          <line num="8" count="2" type="stmt"/>
          <line num="10" count="1" type="stmt"/>
          <line num="14" count="1" type="stmt"/>
          <line num="24" count="2" type="stmt"/>
          <line num="27" count="2" type="stmt"/>
          <line num="34" count="2" type="stmt"/>
        </file>
        <file name="UserMarker.js" path="/Users/grzegorzwypych/MSS_Development/FishMap/src/components/UserMarker.js">
          <metrics statements="9" coveredstatements="9" conditionals="0" coveredconditionals="0" methods="3" coveredmethods="3"/>
          <line num="1" count="2" type="stmt"/>
          <line num="2" count="2" type="stmt"/>
          <line num="3" count="2" type="stmt"/>
          <line num="5" count="2" type="stmt"/>
          <line num="8" count="1" type="stmt"/>
          <line num="12" count="1" type="stmt"/>
          <line num="18" count="2" type="stmt"/>
          <line num="21" count="2" type="stmt"/>
          <line num="23" count="2" type="stmt"/>
        </file>
      </package>
      <package name="constants">
        <metrics statements="75" coveredstatements="75" conditionals="0" coveredconditionals="0" methods="0" coveredmethods="0"/>
        <file name="constants.js" path="/Users/grzegorzwypych/MSS_Development/FishMap/src/constants/constants.js">
          <metrics statements="75" coveredstatements="75" conditionals="0" coveredconditionals="0" methods="0" coveredmethods="0"/>
          <line num="1" count="5" type="stmt"/>
          <line num="2" count="5" type="stmt"/>
          <line num="3" count="5" type="stmt"/>
          <line num="4" count="5" type="stmt"/>
          <line num="5" count="5" type="stmt"/>
          <line num="6" count="5" type="stmt"/>
          <line num="8" count="5" type="stmt"/>
          <line num="9" count="5" type="stmt"/>
          <line num="10" count="5" type="stmt"/>
          <line num="11" count="5" type="stmt"/>
          <line num="12" count="5" type="stmt"/>
          <line num="18" count="5" type="stmt"/>
          <line num="19" count="5" type="stmt"/>
          <line num="21" count="5" type="stmt"/>
          <line num="23" count="5" type="stmt"/>
          <line num="24" count="5" type="stmt"/>
          <line num="25" count="5" type="stmt"/>
          <line num="26" count="5" type="stmt"/>
          <line num="27" count="5" type="stmt"/>
          <line num="28" count="5" type="stmt"/>
          <line num="30" count="5" type="stmt"/>
          <line num="31" count="5" type="stmt"/>
          <line num="32" count="5" type="stmt"/>
          <line num="33" count="5" type="stmt"/>
          <line num="34" count="5" type="stmt"/>
          <line num="35" count="5" type="stmt"/>
          <line num="36" count="5" type="stmt"/>
          <line num="38" count="5" type="stmt"/>
          <line num="39" count="5" type="stmt"/>
          <line num="40" count="5" type="stmt"/>
          <line num="41" count="5" type="stmt"/>
          <line num="42" count="5" type="stmt"/>
          <line num="43" count="5" type="stmt"/>
          <line num="44" count="5" type="stmt"/>
          <line num="46" count="5" type="stmt"/>
          <line num="47" count="5" type="stmt"/>
          <line num="48" count="5" type="stmt"/>
          <line num="50" count="5" type="stmt"/>
          <line num="51" count="5" type="stmt"/>
          <line num="52" count="5" type="stmt"/>
          <line num="54" count="5" type="stmt"/>
          <line num="55" count="5" type="stmt"/>
          <line num="56" count="5" type="stmt"/>
          <line num="58" count="5" type="stmt"/>
          <line num="60" count="5" type="stmt"/>
          <line num="61" count="5" type="stmt"/>
          <line num="62" count="5" type="stmt"/>
          <line num="63" count="5" type="stmt"/>
          <line num="65" count="5" type="stmt"/>
          <line num="66" count="5" type="stmt"/>
          <line num="67" count="5" type="stmt"/>
          <line num="68" count="5" type="stmt"/>
          <line num="69" count="5" type="stmt"/>
          <line num="70" count="5" type="stmt"/>
          <line num="71" count="5" type="stmt"/>
          <line num="72" count="5" type="stmt"/>
          <line num="74" count="5" type="stmt"/>
          <line num="75" count="5" type="stmt"/>
          <line num="77" count="5" type="stmt"/>
          <line num="78" count="5" type="stmt"/>
          <line num="80" count="5" type="stmt"/>
          <line num="81" count="5" type="stmt"/>
          <line num="83" count="5" type="stmt"/>
          <line num="84" count="5" type="stmt"/>
          <line num="85" count="5" type="stmt"/>
          <line num="87" count="5" type="stmt"/>
          <line num="88" count="5" type="stmt"/>
          <line num="89" count="5" type="stmt"/>
          <line num="90" count="5" type="stmt"/>
          <line num="92" count="5" type="stmt"/>
          <line num="94" count="5" type="stmt"/>
          <line num="95" count="5" type="stmt"/>
          <line num="96" count="5" type="stmt"/>
          <line num="98" count="5" type="stmt"/>
          <line num="100" count="5" type="stmt"/>
        </file>
      </package>
      <package name="sagas">
        <metrics statements="17" coveredstatements="17" conditionals="104" coveredconditionals="14" methods="23" coveredmethods="10"/>
        <file name="users.js" path="/Users/grzegorzwypych/MSS_Development/FishMap/src/sagas/users.js">
          <metrics statements="17" coveredstatements="17" conditionals="104" coveredconditionals="14" methods="23" coveredmethods="10"/>
          <line num="1" count="1" type="stmt"/>
          <line num="25" count="1" type="stmt"/>
          <line num="26" count="1" type="stmt"/>
          <line num="27" count="1" type="stmt"/>
          <line num="29" count="1" type="stmt"/>
          <line num="54" count="1" type="stmt"/>
          <line num="75" count="1" type="stmt"/>
          <line num="88" count="1" type="stmt"/>
          <line num="119" count="1" type="stmt"/>
          <line num="148" count="1" type="stmt"/>
          <line num="191" count="1" type="stmt"/>
          <line num="230" count="1" type="stmt"/>
          <line num="245" count="3" type="cond" truecount="14" falsecount="90"/>
          <line num="246" count="1" type="stmt"/>
          <line num="247" count="1" type="stmt"/>
          <line num="251" count="1" type="stmt"/>
          <line num="259" count="1" type="stmt"/>
        </file>
      </package>
      <package name="screens">
        <metrics statements="196" coveredstatements="167" conditionals="97" coveredconditionals="70" methods="87" coveredmethods="50"/>
        <file name="CreateAccountScreen.js" path="/Users/grzegorzwypych/MSS_Development/FishMap/src/screens/CreateAccountScreen.js">
          <metrics statements="40" coveredstatements="35" conditionals="33" coveredconditionals="31" methods="11" coveredmethods="9"/>
          <line num="1" count="1" type="stmt"/>
          <line num="2" count="1" type="stmt"/>
          <line num="3" count="1" type="stmt"/>
          <line num="4" count="1" type="stmt"/>
          <line num="5" count="1" type="stmt"/>
          <line num="6" count="1" type="stmt"/>
          <line num="7" count="1" type="stmt"/>
          <line num="9" count="1" type="stmt"/>
          <line num="20" count="14" type="stmt"/>
          <line num="21" count="14" type="stmt"/>
          <line num="37" count="1" type="stmt"/>
          <line num="42" count="1" type="stmt"/>
          <line num="43" count="14" type="stmt"/>
          <line num="46" count="96" type="stmt"/>
          <line num="47" count="96" type="stmt"/>
          <line num="48" count="14" type="stmt"/>
          <line num="51" count="0" type="cond" truecount="0" falsecount="2"/>
          <line num="52" count="0" type="stmt"/>
          <line num="54" count="0" type="stmt"/>
          <line num="58" count="0" type="stmt"/>
          <line num="60" count="14" type="stmt"/>
          <line num="64" count="45" type="cond" truecount="2" falsecount="0"/>
          <line num="65" count="18" type="cond" truecount="4" falsecount="0"/>
          <line num="67" count="27" type="stmt"/>
          <line num="69" count="45" type="stmt"/>
          <line num="70" count="14" type="stmt"/>
          <line num="72" count="45" type="stmt"/>
          <line num="74" count="45" type="stmt"/>
          <line num="75" count="45" type="stmt"/>
          <line num="76" count="45" type="stmt"/>
          <line num="77" count="45" type="stmt"/>
          <line num="79" count="45" type="stmt"/>
          <line num="87" count="10" type="stmt"/>
          <line num="98" count="10" type="stmt"/>
          <line num="108" count="10" type="stmt"/>
          <line num="113" count="0" type="stmt"/>
          <line num="135" count="1" type="stmt"/>
          <line num="138" count="1" type="stmt"/>
          <line num="214" count="1" type="stmt"/>
          <line num="219" count="1" type="stmt"/>
        </file>
        <file name="LoginScreen.js" path="/Users/grzegorzwypych/MSS_Development/FishMap/src/screens/LoginScreen.js">
          <metrics statements="39" coveredstatements="35" conditionals="26" coveredconditionals="23" methods="19" coveredmethods="14"/>
          <line num="1" count="1" type="stmt"/>
          <line num="2" count="1" type="stmt"/>
          <line num="14" count="1" type="stmt"/>
          <line num="15" count="1" type="stmt"/>
          <line num="17" count="1" type="stmt"/>
          <line num="19" count="1" type="stmt"/>
          <line num="26" count="17" type="stmt"/>
          <line num="27" count="17" type="stmt"/>
          <line num="77" count="66" type="stmt"/>
          <line num="78" count="66" type="stmt"/>
          <line num="79" count="17" type="stmt"/>
          <line num="82" count="2" type="cond" truecount="4" falsecount="0"/>
          <line num="83" count="1" type="stmt"/>
          <line num="88" count="1" type="stmt"/>
          <line num="91" count="1" type="stmt"/>
          <line num="93" count="17" type="stmt"/>
          <line num="98" count="59" type="cond" truecount="2" falsecount="0"/>
          <line num="99" count="5" type="cond" truecount="2" falsecount="0"/>
          <line num="101" count="59" type="stmt"/>
          <line num="102" count="17" type="stmt"/>
          <line num="105" count="0" type="stmt"/>
          <line num="115" count="0" type="cond" truecount="0" falsecount="2"/>
          <line num="117" count="17" type="stmt"/>
          <line num="120" count="0" type="stmt"/>
          <line num="121" count="17" type="cond" truecount="1" falsecount="1"/>
          <line num="123" count="57" type="stmt"/>
          <line num="125" count="57" type="stmt"/>
          <line num="126" count="57" type="stmt"/>
          <line num="127" count="57" type="stmt"/>
          <line num="129" count="57" type="stmt"/>
          <line num="133" count="57" type="stmt"/>
          <line num="143" count="5" type="stmt"/>
          <line num="153" count="5" type="stmt"/>
          <line num="182" count="0" type="stmt"/>
          <line num="190" count="1" type="stmt"/>
          <line num="194" count="1" type="stmt"/>
          <line num="276" count="1" type="stmt"/>
          <line num="277" count="18" type="stmt"/>
          <line num="281" count="1" type="stmt"/>
        </file>
        <file name="MainScreen.js" path="/Users/grzegorzwypych/MSS_Development/FishMap/src/screens/MainScreen.js">
          <metrics statements="54" coveredstatements="47" conditionals="28" coveredconditionals="14" methods="34" coveredmethods="15"/>
          <line num="1" count="1" type="stmt"/>
          <line num="2" count="1" type="stmt"/>
          <line num="3" count="1" type="stmt"/>
          <line num="4" count="1" type="stmt"/>
          <line num="6" count="1" type="stmt"/>
          <line num="14" count="1" type="stmt"/>
          <line num="16" count="1" type="stmt"/>
          <line num="18" count="1" type="stmt"/>
          <line num="19" count="1" type="stmt"/>
          <line num="21" count="1" type="stmt"/>
          <line num="25" count="1" type="stmt"/>
          <line num="28" count="1" type="stmt"/>
          <line num="37" count="1" type="stmt"/>
          <line num="39" count="1" type="stmt"/>
          <line num="41" count="9" type="stmt"/>
          <line num="42" count="9" type="stmt"/>
          <line num="63" count="0" type="stmt"/>
          <line num="64" count="0" type="stmt"/>
          <line num="65" count="0" type="stmt"/>
          <line num="67" count="9" type="stmt"/>
          <line num="160" count="2" type="cond" truecount="4" falsecount="0"/>
          <line num="161" count="9" type="stmt"/>
          <line num="174" count="1" type="cond" truecount="0" falsecount="2"/>
          <line num="175" count="1" type="stmt"/>
          <line num="176" count="1" type="stmt"/>
          <line num="177" count="9" type="stmt"/>
          <line num="180" count="1" type="stmt"/>
          <line num="181" count="1" type="stmt"/>
          <line num="182" count="9" type="stmt"/>
          <line num="186" count="1" type="stmt"/>
          <line num="188" count="1" type="stmt"/>
          <line num="192" count="1" type="stmt"/>
          <line num="193" count="1" type="stmt"/>
          <line num="194" count="1" type="stmt"/>
          <line num="195" count="0" type="stmt"/>
          <line num="199" count="9" type="stmt"/>
          <line num="203" count="10" type="cond" truecount="2" falsecount="0"/>
          <line num="204" count="10" type="cond" truecount="3" falsecount="1"/>
          <line num="205" count="10" type="stmt"/>
          <line num="207" count="10" type="stmt"/>
          <line num="208" count="11" type="cond" truecount="0" falsecount="6"/>
          <line num="211" count="10" type="stmt"/>
          <line num="213" count="10" type="stmt"/>
          <line num="214" count="10" type="stmt"/>
          <line num="215" count="10" type="stmt"/>
          <line num="221" count="0" type="stmt"/>
          <line num="222" count="0" type="stmt"/>
          <line num="230" count="0" type="stmt"/>
          <line num="241" count="1" type="cond" truecount="0" falsecount="2"/>
          <line num="244" count="1" type="stmt"/>
          <line num="269" count="1" type="stmt"/>
          <line num="270" count="12" type="stmt"/>
          <line num="286" count="1" type="stmt"/>
          <line num="288" count="1" type="stmt"/>
        </file>
        <file name="ProfileScreen.js" path="/Users/grzegorzwypych/MSS_Development/FishMap/src/screens/ProfileScreen.js">
          <metrics statements="7" coveredstatements="7" conditionals="0" coveredconditionals="0" methods="3" coveredmethods="3"/>
          <line num="1" count="1" type="stmt"/>
          <line num="2" count="1" type="stmt"/>
          <line num="3" count="1" type="stmt"/>
          <line num="5" count="1" type="stmt"/>
          <line num="16" count="1" type="stmt"/>
          <line num="17" count="1" type="stmt"/>
          <line num="20" count="1" type="stmt"/>
        </file>
        <file name="SettingScreen.js" path="/Users/grzegorzwypych/MSS_Development/FishMap/src/screens/SettingScreen.js">
          <metrics statements="31" coveredstatements="28" conditionals="6" coveredconditionals="2" methods="10" coveredmethods="7"/>
          <line num="1" count="1" type="stmt"/>
          <line num="2" count="1" type="stmt"/>
          <line num="3" count="1" type="stmt"/>
          <line num="12" count="1" type="stmt"/>
          <line num="13" count="1" type="stmt"/>
          <line num="14" count="1" type="stmt"/>
          <line num="19" count="1" type="stmt"/>
          <line num="21" count="5" type="stmt"/>
          <line num="22" count="5" type="stmt"/>
          <line num="23" count="5" type="stmt"/>
          <line num="31" count="5" type="stmt"/>
          <line num="32" count="1" type="stmt"/>
          <line num="51" count="2" type="stmt"/>
          <line num="52" count="2" type="cond" truecount="2" falsecount="0"/>
          <line num="53" count="1" type="stmt"/>
          <line num="54" count="1" type="stmt"/>
          <line num="55" count="0" type="cond" truecount="0" falsecount="2"/>
          <line num="56" count="0" type="stmt"/>
          <line num="60" count="0" type="stmt"/>
          <line num="65" count="1" type="stmt"/>
          <line num="66" count="1" type="stmt"/>
          <line num="71" count="7" type="stmt"/>
          <line num="73" count="7" type="stmt"/>
          <line num="86" count="2" type="stmt"/>
          <line num="90" count="1" type="stmt"/>
          <line num="103" count="1" type="cond" truecount="0" falsecount="2"/>
          <line num="106" count="1" type="stmt"/>
          <line num="173" count="1" type="stmt"/>
          <line num="174" count="5" type="stmt"/>
          <line num="184" count="1" type="stmt"/>
          <line num="191" count="1" type="stmt"/>
        </file>
        <file name="WayPointEditScreen.js" path="/Users/grzegorzwypych/MSS_Development/FishMap/src/screens/WayPointEditScreen.js">
          <metrics statements="25" coveredstatements="15" conditionals="4" coveredconditionals="0" methods="10" coveredmethods="2"/>
          <line num="1" count="1" type="stmt"/>
          <line num="2" count="1" type="stmt"/>
          <line num="3" count="1" type="stmt"/>
          <line num="4" count="1" type="stmt"/>
          <line num="5" count="1" type="stmt"/>
          <line num="6" count="1" type="stmt"/>
          <line num="7" count="1" type="stmt"/>
          <line num="9" count="1" type="stmt"/>
          <line num="19" count="0" type="stmt"/>
          <line num="20" count="0" type="stmt"/>
          <line num="35" count="0" type="stmt"/>
          <line num="36" count="0" type="stmt"/>
          <line num="39" count="0" type="stmt"/>
          <line num="40" count="1" type="cond" truecount="0" falsecount="2"/>
          <line num="42" count="0" type="stmt"/>
          <line num="43" count="0" type="stmt"/>
          <line num="56" count="0" type="stmt"/>
          <line num="66" count="0" type="stmt"/>
          <line num="74" count="0" type="stmt"/>
          <line num="85" count="1" type="stmt"/>
          <line num="87" count="1" type="stmt"/>
          <line num="91" count="1" type="stmt"/>
          <line num="125" count="1" type="stmt"/>
          <line num="127" count="2" type="stmt"/>
          <line num="132" count="1" type="stmt"/>
        </file>
      </package>
    </metrics>
  </project>
</coverage>
