<?xml version="1.0" encoding="UTF-8"?>
<coverage generated="1517698027914" clover="3.2.0">
  <project timestamp="1517698027914" name="All files">
    <metrics statements="347" coveredstatements="237" conditionals="92" coveredconditionals="47" methods="111" coveredmethods="51" elements="550" coveredelements="335" complexity="0" loc="347" ncloc="347" packages="6" files="11" classes="11">
      <package name="actions">
        <metrics statements="30" coveredstatements="30" conditionals="0" coveredconditionals="0" methods="30" coveredmethods="10"/>
        <file name="fishmarks.js" path="/Users/grzegorzwypych/MSS_Development/FishMap/src/actions/fishmarks.js">
          <metrics statements="15" coveredstatements="15" conditionals="0" coveredconditionals="0" methods="15" coveredmethods="5"/>
          <line num="19" count="1" type="stmt"/>
          <line num="24" count="1" type="stmt"/>
          <line num="30" count="1" type="stmt"/>
          <line num="35" count="9" type="stmt"/>
          <line num="39" count="1" type="stmt"/>
          <line num="43" count="1" type="stmt"/>
          <line num="47" count="1" type="stmt"/>
          <line num="53" count="1" type="stmt"/>
          <line num="59" count="1" type="stmt"/>
          <line num="66" count="1" type="stmt"/>
          <line num="71" count="1" type="stmt"/>
          <line num="76" count="1" type="stmt"/>
          <line num="81" count="1" type="stmt"/>
          <line num="87" count="1" type="stmt"/>
          <line num="92" count="1" type="stmt"/>
        </file>
        <file name="user.js" path="/Users/grzegorzwypych/MSS_Development/FishMap/src/actions/user.js">
          <metrics statements="15" coveredstatements="15" conditionals="0" coveredconditionals="0" methods="15" coveredmethods="5"/>
          <line num="20" count="3" type="stmt"/>
          <line num="25" count="3" type="stmt"/>
          <line num="29" count="3" type="stmt"/>
          <line num="34" count="3" type="stmt"/>
          <line num="40" count="3" type="stmt"/>
          <line num="45" count="28" type="stmt"/>
          <line num="51" count="9" type="stmt"/>
          <line num="55" count="3" type="stmt"/>
          <line num="61" count="3" type="stmt"/>
          <line num="67" count="3" type="stmt"/>
          <line num="73" count="3" type="stmt"/>
          <line num="78" count="3" type="stmt"/>
          <line num="83" count="3" type="stmt"/>
          <line num="88" count="3" type="stmt"/>
          <line num="93" count="3" type="stmt"/>
        </file>
      </package>
      <package name="common">
        <metrics statements="14" coveredstatements="5" conditionals="0" coveredconditionals="0" methods="6" coveredmethods="0"/>
        <file name="utils.js" path="/Users/grzegorzwypych/MSS_Development/FishMap/src/common/utils.js">
          <metrics statements="14" coveredstatements="5" conditionals="0" coveredconditionals="0" methods="6" coveredmethods="0"/>
          <line num="3" count="3" type="stmt"/>
          <line num="4" count="0" type="stmt"/>
          <line num="8" count="0" type="stmt"/>
          <line num="14" count="3" type="stmt"/>
          <line num="15" count="0" type="stmt"/>
          <line num="16" count="0" type="stmt"/>
          <line num="18" count="0" type="stmt"/>
          <line num="19" count="0" type="stmt"/>
          <line num="22" count="0" type="stmt"/>
          <line num="23" count="0" type="stmt"/>
          <line num="26" count="0" type="stmt"/>
          <line num="29" count="3" type="stmt"/>
          <line num="30" count="3" type="stmt"/>
          <line num="31" count="3" type="stmt"/>
        </file>
      </package>
      <package name="components">
        <metrics statements="4" coveredstatements="0" conditionals="0" coveredconditionals="0" methods="2" coveredmethods="0"/>
        <file name="FishMarker.js" path="/Users/grzegorzwypych/MSS_Development/FishMap/src/components/FishMarker.js">
          <metrics statements="2" coveredstatements="0" conditionals="0" coveredconditionals="0" methods="1" coveredmethods="0"/>
          <line num="15" count="0" type="stmt"/>
          <line num="20" count="0" type="stmt"/>
        </file>
        <file name="UserMarker.js" path="/Users/grzegorzwypych/MSS_Development/FishMap/src/components/UserMarker.js">
          <metrics statements="2" coveredstatements="0" conditionals="0" coveredconditionals="0" methods="1" coveredmethods="0"/>
          <line num="9" count="0" type="stmt"/>
          <line num="14" count="0" type="stmt"/>
        </file>
      </package>
      <package name="constants">
        <metrics statements="75" coveredstatements="75" conditionals="0" coveredconditionals="0" methods="0" coveredmethods="0"/>
        <file name="constants.js" path="/Users/grzegorzwypych/MSS_Development/FishMap/src/constants/constants.js">
          <metrics statements="75" coveredstatements="75" conditionals="0" coveredconditionals="0" methods="0" coveredmethods="0"/>
          <line num="1" count="4" type="stmt"/>
          <line num="2" count="4" type="stmt"/>
          <line num="3" count="4" type="stmt"/>
          <line num="4" count="4" type="stmt"/>
          <line num="5" count="4" type="stmt"/>
          <line num="6" count="4" type="stmt"/>
          <line num="8" count="4" type="stmt"/>
          <line num="9" count="4" type="stmt"/>
          <line num="10" count="4" type="stmt"/>
          <line num="11" count="4" type="stmt"/>
          <line num="12" count="4" type="stmt"/>
          <line num="15" count="4" type="stmt"/>
          <line num="18" count="4" type="stmt"/>
          <line num="19" count="4" type="stmt"/>
          <line num="21" count="4" type="stmt"/>
          <line num="23" count="4" type="stmt"/>
          <line num="24" count="4" type="stmt"/>
          <line num="25" count="4" type="stmt"/>
          <line num="26" count="4" type="stmt"/>
          <line num="27" count="4" type="stmt"/>
          <line num="28" count="4" type="stmt"/>
          <line num="30" count="4" type="stmt"/>
          <line num="31" count="4" type="stmt"/>
          <line num="32" count="4" type="stmt"/>
          <line num="33" count="4" type="stmt"/>
          <line num="34" count="4" type="stmt"/>
          <line num="35" count="4" type="stmt"/>
          <line num="36" count="4" type="stmt"/>
          <line num="38" count="4" type="stmt"/>
          <line num="39" count="4" type="stmt"/>
          <line num="40" count="4" type="stmt"/>
          <line num="41" count="4" type="stmt"/>
          <line num="42" count="4" type="stmt"/>
          <line num="43" count="4" type="stmt"/>
          <line num="44" count="4" type="stmt"/>
          <line num="46" count="4" type="stmt"/>
          <line num="47" count="4" type="stmt"/>
          <line num="48" count="4" type="stmt"/>
          <line num="50" count="4" type="stmt"/>
          <line num="51" count="4" type="stmt"/>
          <line num="52" count="4" type="stmt"/>
          <line num="54" count="4" type="stmt"/>
          <line num="55" count="4" type="stmt"/>
          <line num="56" count="4" type="stmt"/>
          <line num="58" count="4" type="stmt"/>
          <line num="60" count="4" type="stmt"/>
          <line num="61" count="4" type="stmt"/>
          <line num="62" count="4" type="stmt"/>
          <line num="63" count="4" type="stmt"/>
          <line num="65" count="4" type="stmt"/>
          <line num="66" count="4" type="stmt"/>
          <line num="67" count="4" type="stmt"/>
          <line num="68" count="4" type="stmt"/>
          <line num="69" count="4" type="stmt"/>
          <line num="70" count="4" type="stmt"/>
          <line num="71" count="4" type="stmt"/>
          <line num="72" count="4" type="stmt"/>
          <line num="74" count="4" type="stmt"/>
          <line num="75" count="4" type="stmt"/>
          <line num="77" count="4" type="stmt"/>
          <line num="78" count="4" type="stmt"/>
          <line num="80" count="4" type="stmt"/>
          <line num="81" count="4" type="stmt"/>
          <line num="83" count="4" type="stmt"/>
          <line num="84" count="4" type="stmt"/>
          <line num="85" count="4" type="stmt"/>
          <line num="87" count="4" type="stmt"/>
          <line num="88" count="4" type="stmt"/>
          <line num="89" count="4" type="stmt"/>
          <line num="90" count="4" type="stmt"/>
          <line num="92" count="4" type="stmt"/>
          <line num="94" count="4" type="stmt"/>
          <line num="95" count="4" type="stmt"/>
          <line num="96" count="4" type="stmt"/>
          <line num="98" count="4" type="stmt"/>
        </file>
      </package>
      <package name="sagas">
        <metrics statements="96" coveredstatements="31" conditionals="38" coveredconditionals="7" methods="15" coveredmethods="5"/>
        <file name="users.js" path="/Users/grzegorzwypych/MSS_Development/FishMap/src/sagas/users.js">
          <metrics statements="96" coveredstatements="31" conditionals="38" coveredconditionals="7" methods="15" coveredmethods="5"/>
          <line num="25" count="1" type="stmt"/>
          <line num="28" count="1" type="stmt"/>
          <line num="29" count="1" type="stmt"/>
          <line num="30" count="1" type="stmt"/>
          <line num="32" count="1" type="stmt"/>
          <line num="35" count="1" type="stmt"/>
          <line num="36" count="0" type="stmt"/>
          <line num="37" count="0" type="stmt"/>
          <line num="41" count="1" type="stmt"/>
          <line num="43" count="1" type="stmt"/>
          <line num="45" count="1" type="stmt"/>
          <line num="46" count="1" type="stmt"/>
          <line num="51" count="1" type="stmt"/>
          <line num="53" count="1" type="stmt"/>
          <line num="55" count="0" type="stmt"/>
          <line num="63" count="0" type="cond" truecount="0" falsecount="2"/>
          <line num="64" count="0" type="stmt"/>
          <line num="66" count="0" type="stmt"/>
          <line num="69" count="0" type="stmt"/>
          <line num="75" count="1" type="stmt"/>
          <line num="77" count="1" type="stmt"/>
          <line num="78" count="1" type="stmt"/>
          <line num="79" count="1" type="cond" truecount="1" falsecount="1"/>
          <line num="80" count="1" type="stmt"/>
          <line num="81" count="0" type="stmt"/>
          <line num="85" count="0" type="stmt"/>
          <line num="91" count="0" type="stmt"/>
          <line num="92" count="0" type="stmt"/>
          <line num="94" count="0" type="stmt"/>
          <line num="96" count="0" type="stmt"/>
          <line num="104" count="0" type="stmt"/>
          <line num="105" count="0" type="stmt"/>
          <line num="108" count="0" type="cond" truecount="0" falsecount="2"/>
          <line num="109" count="0" type="stmt"/>
          <line num="110" count="0" type="stmt"/>
          <line num="112" count="0" type="stmt"/>
          <line num="113" count="0" type="stmt"/>
          <line num="117" count="0" type="stmt"/>
          <line num="118" count="0" type="stmt"/>
          <line num="124" count="0" type="stmt"/>
          <line num="125" count="0" type="stmt"/>
          <line num="127" count="0" type="stmt"/>
          <line num="129" count="0" type="stmt"/>
          <line num="136" count="0" type="stmt"/>
          <line num="137" count="0" type="stmt"/>
          <line num="140" count="0" type="cond" truecount="0" falsecount="2"/>
          <line num="141" count="0" type="stmt"/>
          <line num="142" count="0" type="stmt"/>
          <line num="144" count="0" type="stmt"/>
          <line num="145" count="0" type="stmt"/>
          <line num="149" count="0" type="stmt"/>
          <line num="150" count="0" type="stmt"/>
          <line num="156" count="0" type="stmt"/>
          <line num="157" count="0" type="stmt"/>
          <line num="159" count="0" type="stmt"/>
          <line num="161" count="0" type="stmt"/>
          <line num="169" count="0" type="stmt"/>
          <line num="170" count="0" type="stmt"/>
          <line num="173" count="0" type="cond" truecount="0" falsecount="2"/>
          <line num="174" count="0" type="stmt"/>
          <line num="175" count="0" type="stmt"/>
          <line num="178" count="0" type="stmt"/>
          <line num="180" count="0" type="stmt"/>
          <line num="181" count="0" type="cond" truecount="0" falsecount="4"/>
          <line num="182" count="0" type="stmt"/>
          <line num="187" count="0" type="stmt"/>
          <line num="188" count="0" type="stmt"/>
          <line num="193" count="0" type="stmt"/>
          <line num="194" count="0" type="stmt"/>
          <line num="199" count="1" type="stmt"/>
          <line num="200" count="1" type="stmt"/>
          <line num="202" count="1" type="stmt"/>
          <line num="204" count="1" type="stmt"/>
          <line num="206" count="1" type="stmt"/>
          <line num="214" count="1" type="cond" truecount="1" falsecount="1"/>
          <line num="215" count="1" type="stmt"/>
          <line num="217" count="0" type="cond" truecount="0" falsecount="2"/>
          <line num="218" count="0" type="stmt"/>
          <line num="221" count="0" type="cond" truecount="0" falsecount="2"/>
          <line num="224" count="0" type="stmt"/>
          <line num="225" count="0" type="cond" truecount="0" falsecount="4"/>
          <line num="226" count="0" type="cond" truecount="0" falsecount="2"/>
          <line num="227" count="0" type="stmt"/>
          <line num="228" count="0" type="stmt"/>
          <line num="230" count="0" type="stmt"/>
          <line num="232" count="0" type="cond" truecount="0" falsecount="2"/>
          <line num="233" count="0" type="stmt"/>
          <line num="235" count="0" type="cond" truecount="0" falsecount="2"/>
          <line num="236" count="0" type="stmt"/>
          <line num="244" count="2" type="cond" truecount="2" falsecount="0"/>
          <line num="245" count="1" type="stmt"/>
          <line num="251" count="1" type="cond" truecount="1" falsecount="1"/>
          <line num="252" count="1" type="stmt"/>
          <line num="258" count="1" type="cond" truecount="1" falsecount="1"/>
          <line num="259" count="1" type="stmt"/>
          <line num="263" count="1" type="stmt"/>
        </file>
      </package>
      <package name="screens">
        <metrics statements="128" coveredstatements="96" conditionals="54" coveredconditionals="40" methods="58" coveredmethods="36"/>
        <file name="LoginScreen.js" path="/Users/grzegorzwypych/MSS_Development/FishMap/src/screens/LoginScreen.js">
          <metrics statements="40" coveredstatements="38" conditionals="24" coveredconditionals="23" methods="16" coveredmethods="14"/>
          <line num="29" count="17" type="stmt"/>
          <line num="30" count="17" type="stmt"/>
          <line num="31" count="17" type="stmt"/>
          <line num="32" count="17" type="stmt"/>
          <line num="33" count="17" type="stmt"/>
          <line num="34" count="17" type="stmt"/>
          <line num="35" count="17" type="stmt"/>
          <line num="36" count="17" type="stmt"/>
          <line num="46" count="17" type="stmt"/>
          <line num="47" count="17" type="stmt"/>
          <line num="48" count="17" type="stmt"/>
          <line num="52" count="1" type="stmt"/>
          <line num="53" count="1" type="stmt"/>
          <line num="54" count="1" type="stmt"/>
          <line num="58" count="1" type="stmt"/>
          <line num="62" count="1" type="stmt"/>
          <line num="66" count="1" type="stmt"/>
          <line num="70" count="17" type="cond" truecount="1" falsecount="1"/>
          <line num="71" count="17" type="stmt"/>
          <line num="73" count="17" type="stmt"/>
          <line num="78" count="66" type="stmt"/>
          <line num="79" count="66" type="stmt"/>
          <line num="83" count="2" type="cond" truecount="4" falsecount="0"/>
          <line num="84" count="1" type="stmt"/>
          <line num="89" count="1" type="stmt"/>
          <line num="92" count="1" type="stmt"/>
          <line num="99" count="59" type="cond" truecount="2" falsecount="0"/>
          <line num="100" count="5" type="cond" truecount="2" falsecount="0"/>
          <line num="102" count="59" type="stmt"/>
          <line num="106" count="0" type="stmt"/>
          <line num="111" count="57" type="stmt"/>
          <line num="112" count="57" type="stmt"/>
          <line num="113" count="57" type="stmt"/>
          <line num="115" count="57" type="stmt"/>
          <line num="125" count="5" type="stmt"/>
          <line num="135" count="5" type="stmt"/>
          <line num="163" count="0" type="stmt"/>
          <line num="175" count="1" type="stmt"/>
          <line num="252" count="1" type="stmt"/>
          <line num="253" count="18" type="stmt"/>
        </file>
        <file name="MainScreen.js" path="/Users/grzegorzwypych/MSS_Development/FishMap/src/screens/MainScreen.js">
          <metrics statements="68" coveredstatements="40" conditionals="25" coveredconditionals="14" methods="32" coveredmethods="14"/>
          <line num="28" count="1" type="stmt"/>
          <line num="38" count="1" type="stmt"/>
          <line num="43" count="9" type="stmt"/>
          <line num="45" count="9" type="stmt"/>
          <line num="46" count="9" type="stmt"/>
          <line num="47" count="9" type="stmt"/>
          <line num="48" count="9" type="stmt"/>
          <line num="49" count="9" type="stmt"/>
          <line num="50" count="9" type="stmt"/>
          <line num="51" count="9" type="stmt"/>
          <line num="52" count="9" type="stmt"/>
          <line num="54" count="9" type="stmt"/>
          <line num="64" count="0" type="stmt"/>
          <line num="65" count="0" type="stmt"/>
          <line num="66" count="0" type="stmt"/>
          <line num="71" count="0" type="stmt"/>
          <line num="72" count="0" type="cond" truecount="0" falsecount="2"/>
          <line num="73" count="0" type="stmt"/>
          <line num="76" count="0" type="stmt"/>
          <line num="77" count="0" type="stmt"/>
          <line num="78" count="0" type="stmt"/>
          <line num="79" count="0" type="stmt"/>
          <line num="84" count="0" type="stmt"/>
          <line num="88" count="0" type="stmt"/>
          <line num="89" count="0" type="stmt"/>
          <line num="96" count="0" type="cond" truecount="0" falsecount="1"/>
          <line num="99" count="0" type="stmt"/>
          <line num="105" count="0" type="stmt"/>
          <line num="111" count="0" type="stmt"/>
          <line num="119" count="0" type="stmt"/>
          <line num="132" count="9" type="stmt"/>
          <line num="141" count="11" type="stmt"/>
          <line num="142" count="11" type="cond" truecount="1" falsecount="1"/>
          <line num="143" count="0" type="stmt"/>
          <line num="146" count="11" type="stmt"/>
          <line num="147" count="9" type="cond" truecount="1" falsecount="1"/>
          <line num="148" count="0" type="stmt"/>
          <line num="149" count="0" type="stmt"/>
          <line num="153" count="0" type="stmt"/>
          <line num="155" count="9" type="stmt"/>
          <line num="156" count="9" type="stmt"/>
          <line num="157" count="9" type="stmt"/>
          <line num="158" count="0" type="stmt"/>
          <line num="159" count="0" type="stmt"/>
          <line num="166" count="2" type="cond" truecount="4" falsecount="0"/>
          <line num="172" count="1" type="stmt"/>
          <line num="180" count="1" type="cond" truecount="0" falsecount="2"/>
          <line num="181" count="1" type="stmt"/>
          <line num="182" count="1" type="stmt"/>
          <line num="187" count="1" type="stmt"/>
          <line num="189" count="1" type="stmt"/>
          <line num="193" count="1" type="stmt"/>
          <line num="194" count="1" type="stmt"/>
          <line num="195" count="1" type="stmt"/>
          <line num="196" count="0" type="stmt"/>
          <line num="204" count="10" type="cond" truecount="2" falsecount="0"/>
          <line num="205" count="10" type="cond" truecount="3" falsecount="1"/>
          <line num="206" count="10" type="stmt"/>
          <line num="208" count="10" type="stmt"/>
          <line num="214" count="10" type="stmt"/>
          <line num="215" count="10" type="stmt"/>
          <line num="216" count="10" type="stmt"/>
          <line num="222" count="0" type="stmt"/>
          <line num="223" count="0" type="stmt"/>
          <line num="234" count="0" type="stmt"/>
          <line num="248" count="1" type="stmt"/>
          <line num="273" count="1" type="stmt"/>
          <line num="274" count="12" type="stmt"/>
        </file>
        <file name="ProfileScreen.js" path="/Users/grzegorzwypych/MSS_Development/FishMap/src/screens/ProfileScreen.js">
          <metrics statements="1" coveredstatements="1" conditionals="0" coveredconditionals="0" methods="1" coveredmethods="1"/>
          <line num="16" count="1" type="stmt"/>
        </file>
        <file name="SettingScreen.js" path="/Users/grzegorzwypych/MSS_Development/FishMap/src/screens/SettingScreen.js">
          <metrics statements="19" coveredstatements="17" conditionals="5" coveredconditionals="3" methods="9" coveredmethods="7"/>
          <line num="25" count="5" type="stmt"/>
          <line num="27" count="5" type="stmt"/>
          <line num="29" count="5" type="stmt"/>
          <line num="41" count="0" type="cond" truecount="0" falsecount="1"/>
          <line num="43" count="0" type="stmt"/>
          <line num="57" count="2" type="cond" truecount="2" falsecount="0"/>
          <line num="58" count="1" type="stmt"/>
          <line num="59" count="1" type="stmt"/>
          <line num="60" count="1" type="cond" truecount="1" falsecount="1"/>
          <line num="61" count="1" type="stmt"/>
          <line num="65" count="1" type="stmt"/>
          <line num="70" count="1" type="stmt"/>
          <line num="71" count="1" type="stmt"/>
          <line num="79" count="7" type="stmt"/>
          <line num="92" count="2" type="stmt"/>
          <line num="97" count="1" type="stmt"/>
          <line num="115" count="1" type="stmt"/>
          <line num="185" count="1" type="stmt"/>
          <line num="186" count="5" type="stmt"/>
        </file>
      </package>
    </metrics>
  </project>
</coverage>
