{"/Users/grzegorzwypych/MSS_Development/FishMap/src/actions/fishmarks.js": {"path":"/Users/grzegorzwypych/MSS_Development/FishMap/src/actions/fishmarks.js","statementMap":{"0":{"start":{"line":19,"column":27},"end":{"line":22,"column":2}},"1":{"start":{"line":19,"column":38},"end":{"line":22,"column":1}},"2":{"start":{"line":24,"column":38},"end":{"line":28,"column":2}},"3":{"start":{"line":24,"column":63},"end":{"line":28,"column":1}},"4":{"start":{"line":30,"column":38},"end":{"line":33,"column":2}},"5":{"start":{"line":30,"column":53},"end":{"line":33,"column":1}},"6":{"start":{"line":35,"column":33},"end":{"line":37,"column":2}},"7":{"start":{"line":35,"column":40},"end":{"line":37,"column":1}},"8":{"start":{"line":39,"column":39},"end":{"line":41,"column":2}},"9":{"start":{"line":39,"column":46},"end":{"line":41,"column":1}},"10":{"start":{"line":43,"column":38},"end":{"line":45,"column":2}},"11":{"start":{"line":43,"column":54},"end":{"line":45,"column":1}},"12":{"start":{"line":47,"column":43},"end":{"line":51,"column":2}},"13":{"start":{"line":47,"column":59},"end":{"line":51,"column":1}},"14":{"start":{"line":53,"column":35},"end":{"line":57,"column":2}},"15":{"start":{"line":53,"column":53},"end":{"line":57,"column":1}},"16":{"start":{"line":59,"column":36},"end":{"line":64,"column":2}},"17":{"start":{"line":59,"column":73},"end":{"line":64,"column":1}},"18":{"start":{"line":66,"column":31},"end":{"line":69,"column":2}},"19":{"start":{"line":66,"column":42},"end":{"line":69,"column":1}},"20":{"start":{"line":71,"column":37},"end":{"line":74,"column":2}},"21":{"start":{"line":71,"column":48},"end":{"line":74,"column":1}},"22":{"start":{"line":76,"column":43},"end":{"line":79,"column":2}},"23":{"start":{"line":76,"column":57},"end":{"line":79,"column":1}},"24":{"start":{"line":81,"column":37},"end":{"line":85,"column":2}},"25":{"start":{"line":81,"column":59},"end":{"line":85,"column":1}},"26":{"start":{"line":87,"column":35},"end":{"line":90,"column":2}},"27":{"start":{"line":87,"column":51},"end":{"line":90,"column":1}},"28":{"start":{"line":92,"column":38},"end":{"line":95,"column":2}},"29":{"start":{"line":92,"column":52},"end":{"line":95,"column":1}}},"fnMap":{"0":{"name":"(anonymous_0)","decl":{"start":{"line":19,"column":27},"end":{"line":19,"column":28}},"loc":{"start":{"line":19,"column":38},"end":{"line":22,"column":1}},"line":19},"1":{"name":"(anonymous_1)","decl":{"start":{"line":24,"column":38},"end":{"line":24,"column":39}},"loc":{"start":{"line":24,"column":63},"end":{"line":28,"column":1}},"line":24},"2":{"name":"(anonymous_2)","decl":{"start":{"line":30,"column":38},"end":{"line":30,"column":39}},"loc":{"start":{"line":30,"column":53},"end":{"line":33,"column":1}},"line":30},"3":{"name":"(anonymous_3)","decl":{"start":{"line":35,"column":33},"end":{"line":35,"column":34}},"loc":{"start":{"line":35,"column":40},"end":{"line":37,"column":1}},"line":35},"4":{"name":"(anonymous_4)","decl":{"start":{"line":39,"column":39},"end":{"line":39,"column":40}},"loc":{"start":{"line":39,"column":46},"end":{"line":41,"column":1}},"line":39},"5":{"name":"(anonymous_5)","decl":{"start":{"line":43,"column":38},"end":{"line":43,"column":39}},"loc":{"start":{"line":43,"column":54},"end":{"line":45,"column":1}},"line":43},"6":{"name":"(anonymous_6)","decl":{"start":{"line":47,"column":43},"end":{"line":47,"column":44}},"loc":{"start":{"line":47,"column":59},"end":{"line":51,"column":1}},"line":47},"7":{"name":"(anonymous_7)","decl":{"start":{"line":53,"column":35},"end":{"line":53,"column":36}},"loc":{"start":{"line":53,"column":53},"end":{"line":57,"column":1}},"line":53},"8":{"name":"(anonymous_8)","decl":{"start":{"line":59,"column":36},"end":{"line":59,"column":37}},"loc":{"start":{"line":59,"column":73},"end":{"line":64,"column":1}},"line":59},"9":{"name":"(anonymous_9)","decl":{"start":{"line":66,"column":31},"end":{"line":66,"column":32}},"loc":{"start":{"line":66,"column":42},"end":{"line":69,"column":1}},"line":66},"10":{"name":"(anonymous_10)","decl":{"start":{"line":71,"column":37},"end":{"line":71,"column":38}},"loc":{"start":{"line":71,"column":48},"end":{"line":74,"column":1}},"line":71},"11":{"name":"(anonymous_11)","decl":{"start":{"line":76,"column":43},"end":{"line":76,"column":44}},"loc":{"start":{"line":76,"column":57},"end":{"line":79,"column":1}},"line":76},"12":{"name":"(anonymous_12)","decl":{"start":{"line":81,"column":37},"end":{"line":81,"column":38}},"loc":{"start":{"line":81,"column":59},"end":{"line":85,"column":1}},"line":81},"13":{"name":"(anonymous_13)","decl":{"start":{"line":87,"column":35},"end":{"line":87,"column":36}},"loc":{"start":{"line":87,"column":51},"end":{"line":90,"column":1}},"line":87},"14":{"name":"(anonymous_14)","decl":{"start":{"line":92,"column":38},"end":{"line":92,"column":39}},"loc":{"start":{"line":92,"column":52},"end":{"line":95,"column":1}},"line":92}},"branchMap":{},"s":{"0":1,"1":1,"2":1,"3":0,"4":1,"5":1,"6":1,"7":9,"8":1,"9":0,"10":1,"11":0,"12":1,"13":1,"14":1,"15":0,"16":1,"17":0,"18":1,"19":1,"20":1,"21":0,"22":1,"23":0,"24":1,"25":0,"26":1,"27":0,"28":1,"29":0},"f":{"0":1,"1":0,"2":1,"3":9,"4":0,"5":0,"6":1,"7":0,"8":0,"9":1,"10":0,"11":0,"12":0,"13":0,"14":0},"b":{},"_coverageSchema":"332fd63041d2c1bcb487cc26dd0d5f7d97098a6c","hash":"114a9fcfc9c2043bcd340967195c23096d2550a9"}
,"/Users/grzegorzwypych/MSS_Development/FishMap/src/actions/user.js": {"path":"/Users/grzegorzwypych/MSS_Development/FishMap/src/actions/user.js","statementMap":{"0":{"start":{"line":20,"column":27},"end":{"line":23,"column":2}},"1":{"start":{"line":20,"column":38},"end":{"line":23,"column":1}},"2":{"start":{"line":25,"column":22},"end":{"line":27,"column":2}},"3":{"start":{"line":25,"column":29},"end":{"line":27,"column":1}},"4":{"start":{"line":29,"column":21},"end":{"line":32,"column":2}},"5":{"start":{"line":29,"column":32},"end":{"line":32,"column":1}},"6":{"start":{"line":34,"column":29},"end":{"line":38,"column":2}},"7":{"start":{"line":34,"column":40},"end":{"line":38,"column":1}},"8":{"start":{"line":40,"column":33},"end":{"line":43,"column":2}},"9":{"start":{"line":40,"column":44},"end":{"line":43,"column":1}},"10":{"start":{"line":45,"column":30},"end":{"line":49,"column":2}},"11":{"start":{"line":45,"column":53},"end":{"line":49,"column":1}},"12":{"start":{"line":51,"column":31},"end":{"line":53,"column":2}},"13":{"start":{"line":51,"column":38},"end":{"line":53,"column":1}},"14":{"start":{"line":55,"column":35},"end":{"line":59,"column":2}},"15":{"start":{"line":55,"column":48},"end":{"line":59,"column":1}},"16":{"start":{"line":61,"column":30},"end":{"line":65,"column":2}},"17":{"start":{"line":61,"column":49},"end":{"line":65,"column":1}},"18":{"start":{"line":67,"column":35},"end":{"line":71,"column":2}},"19":{"start":{"line":67,"column":52},"end":{"line":71,"column":1}},"20":{"start":{"line":73,"column":29},"end":{"line":76,"column":2}},"21":{"start":{"line":73,"column":45},"end":{"line":76,"column":1}},"22":{"start":{"line":78,"column":35},"end":{"line":81,"column":2}},"23":{"start":{"line":78,"column":50},"end":{"line":81,"column":1}},"24":{"start":{"line":83,"column":27},"end":{"line":86,"column":2}},"25":{"start":{"line":83,"column":40},"end":{"line":86,"column":1}},"26":{"start":{"line":88,"column":32},"end":{"line":91,"column":2}},"27":{"start":{"line":88,"column":45},"end":{"line":91,"column":1}},"28":{"start":{"line":93,"column":28},"end":{"line":96,"column":2}},"29":{"start":{"line":93,"column":40},"end":{"line":96,"column":1}}},"fnMap":{"0":{"name":"(anonymous_0)","decl":{"start":{"line":20,"column":27},"end":{"line":20,"column":28}},"loc":{"start":{"line":20,"column":38},"end":{"line":23,"column":1}},"line":20},"1":{"name":"(anonymous_1)","decl":{"start":{"line":25,"column":22},"end":{"line":25,"column":23}},"loc":{"start":{"line":25,"column":29},"end":{"line":27,"column":1}},"line":25},"2":{"name":"(anonymous_2)","decl":{"start":{"line":29,"column":21},"end":{"line":29,"column":22}},"loc":{"start":{"line":29,"column":32},"end":{"line":32,"column":1}},"line":29},"3":{"name":"(anonymous_3)","decl":{"start":{"line":34,"column":29},"end":{"line":34,"column":30}},"loc":{"start":{"line":34,"column":40},"end":{"line":38,"column":1}},"line":34},"4":{"name":"(anonymous_4)","decl":{"start":{"line":40,"column":33},"end":{"line":40,"column":34}},"loc":{"start":{"line":40,"column":44},"end":{"line":43,"column":1}},"line":40},"5":{"name":"(anonymous_5)","decl":{"start":{"line":45,"column":30},"end":{"line":45,"column":31}},"loc":{"start":{"line":45,"column":53},"end":{"line":49,"column":1}},"line":45},"6":{"name":"(anonymous_6)","decl":{"start":{"line":51,"column":31},"end":{"line":51,"column":32}},"loc":{"start":{"line":51,"column":38},"end":{"line":53,"column":1}},"line":51},"7":{"name":"(anonymous_7)","decl":{"start":{"line":55,"column":35},"end":{"line":55,"column":36}},"loc":{"start":{"line":55,"column":48},"end":{"line":59,"column":1}},"line":55},"8":{"name":"(anonymous_8)","decl":{"start":{"line":61,"column":30},"end":{"line":61,"column":31}},"loc":{"start":{"line":61,"column":49},"end":{"line":65,"column":1}},"line":61},"9":{"name":"(anonymous_9)","decl":{"start":{"line":67,"column":35},"end":{"line":67,"column":36}},"loc":{"start":{"line":67,"column":52},"end":{"line":71,"column":1}},"line":67},"10":{"name":"(anonymous_10)","decl":{"start":{"line":73,"column":29},"end":{"line":73,"column":30}},"loc":{"start":{"line":73,"column":45},"end":{"line":76,"column":1}},"line":73},"11":{"name":"(anonymous_11)","decl":{"start":{"line":78,"column":35},"end":{"line":78,"column":36}},"loc":{"start":{"line":78,"column":50},"end":{"line":81,"column":1}},"line":78},"12":{"name":"(anonymous_12)","decl":{"start":{"line":83,"column":27},"end":{"line":83,"column":28}},"loc":{"start":{"line":83,"column":40},"end":{"line":86,"column":1}},"line":83},"13":{"name":"(anonymous_13)","decl":{"start":{"line":88,"column":32},"end":{"line":88,"column":33}},"loc":{"start":{"line":88,"column":45},"end":{"line":91,"column":1}},"line":88},"14":{"name":"(anonymous_14)","decl":{"start":{"line":93,"column":28},"end":{"line":93,"column":29}},"loc":{"start":{"line":93,"column":40},"end":{"line":96,"column":1}},"line":93}},"branchMap":{},"s":{"0":3,"1":0,"2":3,"3":0,"4":3,"5":1,"6":3,"7":0,"8":3,"9":0,"10":3,"11":28,"12":3,"13":9,"14":3,"15":0,"16":3,"17":0,"18":3,"19":2,"20":3,"21":1,"22":3,"23":0,"24":3,"25":0,"26":3,"27":0,"28":3,"29":0},"f":{"0":0,"1":0,"2":1,"3":0,"4":0,"5":28,"6":9,"7":0,"8":0,"9":2,"10":1,"11":0,"12":0,"13":0,"14":0},"b":{},"_coverageSchema":"332fd63041d2c1bcb487cc26dd0d5f7d97098a6c","hash":"181f6fbc636a4263d5ea95ea73775efb12fcc6c6"}
,"/Users/grzegorzwypych/MSS_Development/FishMap/src/common/utils.js": {"path":"/Users/grzegorzwypych/MSS_Development/FishMap/src/common/utils.js","statementMap":{"0":{"start":{"line":3,"column":28},"end":{"line":12,"column":1}},"1":{"start":{"line":4,"column":1},"end":{"line":11,"column":3}},"2":{"start":{"line":8,"column":32},"end":{"line":8,"column":61}},"3":{"start":{"line":14,"column":32},"end":{"line":27,"column":1}},"4":{"start":{"line":15,"column":15},"end":{"line":15,"column":17}},"5":{"start":{"line":16,"column":14},"end":{"line":16,"column":16}},"6":{"start":{"line":18,"column":1},"end":{"line":20,"column":2}},"7":{"start":{"line":19,"column":2},"end":{"line":19,"column":32}},"8":{"start":{"line":22,"column":1},"end":{"line":24,"column":2}},"9":{"start":{"line":23,"column":2},"end":{"line":23,"column":26}},"10":{"start":{"line":26,"column":1},"end":{"line":26,"column":16}},"11":{"start":{"line":29,"column":24},"end":{"line":29,"column":62}},"12":{"start":{"line":29,"column":34},"end":{"line":29,"column":61}},"13":{"start":{"line":30,"column":27},"end":{"line":30,"column":70}},"14":{"start":{"line":30,"column":39},"end":{"line":30,"column":69}},"15":{"start":{"line":31,"column":24},"end":{"line":31,"column":87}},"16":{"start":{"line":31,"column":35},"end":{"line":31,"column":87}}},"fnMap":{"0":{"name":"(anonymous_0)","decl":{"start":{"line":3,"column":28},"end":{"line":3,"column":29}},"loc":{"start":{"line":3,"column":44},"end":{"line":12,"column":1}},"line":3},"1":{"name":"(anonymous_1)","decl":{"start":{"line":8,"column":26},"end":{"line":8,"column":27}},"loc":{"start":{"line":8,"column":32},"end":{"line":8,"column":61}},"line":8},"2":{"name":"(anonymous_2)","decl":{"start":{"line":14,"column":32},"end":{"line":14,"column":33}},"loc":{"start":{"line":14,"column":47},"end":{"line":27,"column":1}},"line":14},"3":{"name":"(anonymous_3)","decl":{"start":{"line":29,"column":24},"end":{"line":29,"column":25}},"loc":{"start":{"line":29,"column":34},"end":{"line":29,"column":61}},"line":29},"4":{"name":"(anonymous_4)","decl":{"start":{"line":30,"column":27},"end":{"line":30,"column":28}},"loc":{"start":{"line":30,"column":39},"end":{"line":30,"column":69}},"line":30},"5":{"name":"(anonymous_5)","decl":{"start":{"line":31,"column":24},"end":{"line":31,"column":25}},"loc":{"start":{"line":31,"column":35},"end":{"line":31,"column":87}},"line":31}},"branchMap":{},"s":{"0":3,"1":0,"2":0,"3":3,"4":0,"5":0,"6":0,"7":0,"8":0,"9":0,"10":0,"11":3,"12":0,"13":3,"14":0,"15":3,"16":0},"f":{"0":0,"1":0,"2":0,"3":0,"4":0,"5":0},"b":{},"_coverageSchema":"332fd63041d2c1bcb487cc26dd0d5f7d97098a6c","hash":"71870d9f607820d35ffaf47629cafbfec5e73cdb"}
,"/Users/grzegorzwypych/MSS_Development/FishMap/src/components/FishMarker.js": {"path":"/Users/grzegorzwypych/MSS_Development/FishMap/src/components/FishMarker.js","statementMap":{"0":{"start":{"line":15,"column":17},"end":{"line":19,"column":3}},"1":{"start":{"line":20,"column":2},"end":{"line":29,"column":4}}},"fnMap":{"0":{"name":"(anonymous_0)","decl":{"start":{"line":13,"column":1},"end":{"line":13,"column":2}},"loc":{"start":{"line":13,"column":10},"end":{"line":30,"column":2}},"line":13}},"branchMap":{},"s":{"0":0,"1":0},"f":{"0":0},"b":{},"_coverageSchema":"332fd63041d2c1bcb487cc26dd0d5f7d97098a6c","hash":"362dda4b032a373c9270010351320006752a4400"}
,"/Users/grzegorzwypych/MSS_Development/FishMap/src/components/UserMarker.js": {"path":"/Users/grzegorzwypych/MSS_Development/FishMap/src/components/UserMarker.js","statementMap":{"0":{"start":{"line":9,"column":17},"end":{"line":13,"column":3}},"1":{"start":{"line":14,"column":2},"end":{"line":19,"column":4}}},"fnMap":{"0":{"name":"(anonymous_0)","decl":{"start":{"line":7,"column":1},"end":{"line":7,"column":2}},"loc":{"start":{"line":7,"column":10},"end":{"line":20,"column":2}},"line":7}},"branchMap":{},"s":{"0":0,"1":0},"f":{"0":0},"b":{},"_coverageSchema":"332fd63041d2c1bcb487cc26dd0d5f7d97098a6c","hash":"c68f55f75c286e0b0a21722824852a4836df5bdf"}
,"/Users/grzegorzwypych/MSS_Development/FishMap/src/constants/constants.js": {"path":"/Users/grzegorzwypych/MSS_Development/FishMap/src/constants/constants.js","statementMap":{"0":{"start":{"line":1,"column":37},"end":{"line":1,"column":60}},"1":{"start":{"line":2,"column":45},"end":{"line":2,"column":76}},"2":{"start":{"line":3,"column":41},"end":{"line":3,"column":68}},"3":{"start":{"line":4,"column":40},"end":{"line":4,"column":66}},"4":{"start":{"line":5,"column":48},"end":{"line":5,"column":82}},"5":{"start":{"line":6,"column":48},"end":{"line":6,"column":82}},"6":{"start":{"line":8,"column":48},"end":{"line":8,"column":82}},"7":{"start":{"line":9,"column":47},"end":{"line":9,"column":80}},"8":{"start":{"line":10,"column":44},"end":{"line":10,"column":74}},"9":{"start":{"line":11,"column":45},"end":{"line":11,"column":76}},"10":{"start":{"line":12,"column":40},"end":{"line":12,"column":66}},"11":{"start":{"line":15,"column":25},"end":{"line":15,"column":66}},"12":{"start":{"line":18,"column":28},"end":{"line":18,"column":48}},"13":{"start":{"line":19,"column":29},"end":{"line":19,"column":44}},"14":{"start":{"line":21,"column":26},"end":{"line":21,"column":38}},"15":{"start":{"line":23,"column":22},"end":{"line":23,"column":30}},"16":{"start":{"line":24,"column":21},"end":{"line":24,"column":28}},"17":{"start":{"line":25,"column":30},"end":{"line":25,"column":46}},"18":{"start":{"line":26,"column":37},"end":{"line":26,"column":60}},"19":{"start":{"line":27,"column":41},"end":{"line":27,"column":68}},"20":{"start":{"line":28,"column":48},"end":{"line":28,"column":89}},"21":{"start":{"line":30,"column":32},"end":{"line":30,"column":50}},"22":{"start":{"line":31,"column":33},"end":{"line":31,"column":52}},"23":{"start":{"line":32,"column":28},"end":{"line":32,"column":42}},"24":{"start":{"line":33,"column":36},"end":{"line":33,"column":58}},"25":{"start":{"line":34,"column":35},"end":{"line":34,"column":56}},"26":{"start":{"line":35,"column":36},"end":{"line":35,"column":58}},"27":{"start":{"line":36,"column":35},"end":{"line":36,"column":56}},"28":{"start":{"line":38,"column":41},"end":{"line":38,"column":68}},"29":{"start":{"line":39,"column":40},"end":{"line":39,"column":66}},"30":{"start":{"line":40,"column":33},"end":{"line":40,"column":52}},"31":{"start":{"line":41,"column":38},"end":{"line":41,"column":62}},"32":{"start":{"line":42,"column":48},"end":{"line":42,"column":82}},"33":{"start":{"line":43,"column":46},"end":{"line":43,"column":78}},"34":{"start":{"line":44,"column":30},"end":{"line":44,"column":46}},"35":{"start":{"line":46,"column":31},"end":{"line":46,"column":48}},"36":{"start":{"line":47,"column":39},"end":{"line":47,"column":64}},"37":{"start":{"line":48,"column":38},"end":{"line":48,"column":62}},"38":{"start":{"line":50,"column":56},"end":{"line":50,"column":98}},"39":{"start":{"line":51,"column":64},"end":{"line":51,"column":114}},"40":{"start":{"line":52,"column":63},"end":{"line":52,"column":112}},"41":{"start":{"line":54,"column":38},"end":{"line":54,"column":62}},"42":{"start":{"line":55,"column":38},"end":{"line":55,"column":62}},"43":{"start":{"line":56,"column":37},"end":{"line":56,"column":60}},"44":{"start":{"line":58,"column":29},"end":{"line":58,"column":44}},"45":{"start":{"line":60,"column":36},"end":{"line":60,"column":58}},"46":{"start":{"line":61,"column":44},"end":{"line":61,"column":74}},"47":{"start":{"line":62,"column":44},"end":{"line":62,"column":74}},"48":{"start":{"line":63,"column":43},"end":{"line":63,"column":72}},"49":{"start":{"line":65,"column":38},"end":{"line":65,"column":62}},"50":{"start":{"line":66,"column":46},"end":{"line":66,"column":78}},"51":{"start":{"line":67,"column":45},"end":{"line":67,"column":76}},"52":{"start":{"line":68,"column":44},"end":{"line":68,"column":74}},"53":{"start":{"line":69,"column":43},"end":{"line":69,"column":72}},"54":{"start":{"line":70,"column":44},"end":{"line":70,"column":74}},"55":{"start":{"line":71,"column":52},"end":{"line":71,"column":90}},"56":{"start":{"line":72,"column":40},"end":{"line":72,"column":66}},"57":{"start":{"line":74,"column":33},"end":{"line":74,"column":52}},"58":{"start":{"line":75,"column":40},"end":{"line":75,"column":66}},"59":{"start":{"line":77,"column":31},"end":{"line":77,"column":48}},"60":{"start":{"line":78,"column":44},"end":{"line":78,"column":74}},"61":{"start":{"line":80,"column":37},"end":{"line":80,"column":60}},"62":{"start":{"line":81,"column":37},"end":{"line":81,"column":60}},"63":{"start":{"line":83,"column":47},"end":{"line":83,"column":80}},"64":{"start":{"line":84,"column":46},"end":{"line":84,"column":78}},"65":{"start":{"line":85,"column":42},"end":{"line":85,"column":70}},"66":{"start":{"line":87,"column":37},"end":{"line":87,"column":60}},"67":{"start":{"line":88,"column":45},"end":{"line":88,"column":76}},"68":{"start":{"line":89,"column":45},"end":{"line":89,"column":76}},"69":{"start":{"line":90,"column":31},"end":{"line":90,"column":48}},"70":{"start":{"line":92,"column":37},"end":{"line":92,"column":60}},"71":{"start":{"line":94,"column":39},"end":{"line":94,"column":64}},"72":{"start":{"line":95,"column":29},"end":{"line":95,"column":44}},"73":{"start":{"line":96,"column":34},"end":{"line":96,"column":54}},"74":{"start":{"line":98,"column":37},"end":{"line":98,"column":60}}},"fnMap":{},"branchMap":{},"s":{"0":4,"1":4,"2":4,"3":4,"4":4,"5":4,"6":4,"7":4,"8":4,"9":4,"10":4,"11":4,"12":4,"13":4,"14":4,"15":4,"16":4,"17":4,"18":4,"19":4,"20":4,"21":4,"22":4,"23":4,"24":4,"25":4,"26":4,"27":4,"28":4,"29":4,"30":4,"31":4,"32":4,"33":4,"34":4,"35":4,"36":4,"37":4,"38":4,"39":4,"40":4,"41":4,"42":4,"43":4,"44":4,"45":4,"46":4,"47":4,"48":4,"49":4,"50":4,"51":4,"52":4,"53":4,"54":4,"55":4,"56":4,"57":4,"58":4,"59":4,"60":4,"61":4,"62":4,"63":4,"64":4,"65":4,"66":4,"67":4,"68":4,"69":4,"70":4,"71":4,"72":4,"73":4,"74":4},"f":{},"b":{},"_coverageSchema":"332fd63041d2c1bcb487cc26dd0d5f7d97098a6c","hash":"d08d1d00798bb6fccb88166a3979797788704e9e"}
,"/Users/grzegorzwypych/MSS_Development/FishMap/src/sagas/users.js": {"path":"/Users/grzegorzwypych/MSS_Development/FishMap/src/sagas/users.js","statementMap":{"0":{"start":{"line":25,"column":28},"end":{"line":25,"column":56}},"1":{"start":{"line":25,"column":37},"end":{"line":25,"column":56}},"2":{"start":{"line":28,"column":32},"end":{"line":28,"column":94}},"3":{"start":{"line":28,"column":42},"end":{"line":28,"column":94}},"4":{"start":{"line":29,"column":39},"end":{"line":29,"column":102}},"5":{"start":{"line":29,"column":49},"end":{"line":29,"column":102}},"6":{"start":{"line":30,"column":33},"end":{"line":30,"column":96}},"7":{"start":{"line":30,"column":43},"end":{"line":30,"column":96}},"8":{"start":{"line":32,"column":30},"end":{"line":32,"column":93}},"9":{"start":{"line":32,"column":40},"end":{"line":32,"column":93}},"10":{"start":{"line":35,"column":27},"end":{"line":39,"column":1}},"11":{"start":{"line":36,"column":1},"end":{"line":38,"column":4}},"12":{"start":{"line":37,"column":2},"end":{"line":37,"column":69}},"13":{"start":{"line":41,"column":26},"end":{"line":41,"column":50}},"14":{"start":{"line":43,"column":21},"end":{"line":43,"column":35}},"15":{"start":{"line":45,"column":24},"end":{"line":45,"column":30}},"16":{"start":{"line":46,"column":24},"end":{"line":46,"column":54}},"17":{"start":{"line":51,"column":1},"end":{"line":70,"column":2}},"18":{"start":{"line":53,"column":23},"end":{"line":53,"column":111}},"19":{"start":{"line":55,"column":23},"end":{"line":60,"column":3}},"20":{"start":{"line":63,"column":2},"end":{"line":67,"column":3}},"21":{"start":{"line":64,"column":3},"end":{"line":64,"column":92}},"22":{"start":{"line":66,"column":3},"end":{"line":66,"column":87}},"23":{"start":{"line":69,"column":2},"end":{"line":69,"column":58}},"24":{"start":{"line":75,"column":1},"end":{"line":86,"column":2}},"25":{"start":{"line":77,"column":2},"end":{"line":77,"column":35}},"26":{"start":{"line":78,"column":15},"end":{"line":78,"column":44}},"27":{"start":{"line":79,"column":2},"end":{"line":83,"column":3}},"28":{"start":{"line":80,"column":3},"end":{"line":80,"column":71}},"29":{"start":{"line":81,"column":3},"end":{"line":81,"column":51}},"30":{"start":{"line":85,"column":2},"end":{"line":85,"column":61}},"31":{"start":{"line":91,"column":1},"end":{"line":119,"column":2}},"32":{"start":{"line":92,"column":20},"end":{"line":92,"column":33}},"33":{"start":{"line":94,"column":2},"end":{"line":94,"column":55}},"34":{"start":{"line":96,"column":15},"end":{"line":103,"column":3}},"35":{"start":{"line":104,"column":19},"end":{"line":104,"column":62}},"36":{"start":{"line":105,"column":17},"end":{"line":105,"column":38}},"37":{"start":{"line":108,"column":2},"end":{"line":114,"column":3}},"38":{"start":{"line":109,"column":3},"end":{"line":109,"column":69}},"39":{"start":{"line":110,"column":3},"end":{"line":110,"column":43}},"40":{"start":{"line":112,"column":3},"end":{"line":112,"column":50}},"41":{"start":{"line":113,"column":3},"end":{"line":113,"column":42}},"42":{"start":{"line":117,"column":2},"end":{"line":117,"column":63}},"43":{"start":{"line":118,"column":2},"end":{"line":118,"column":37}},"44":{"start":{"line":124,"column":1},"end":{"line":151,"column":2}},"45":{"start":{"line":125,"column":20},"end":{"line":125,"column":33}},"46":{"start":{"line":127,"column":2},"end":{"line":127,"column":55}},"47":{"start":{"line":129,"column":15},"end":{"line":135,"column":3}},"48":{"start":{"line":136,"column":19},"end":{"line":136,"column":56}},"49":{"start":{"line":137,"column":17},"end":{"line":137,"column":38}},"50":{"start":{"line":140,"column":2},"end":{"line":146,"column":3}},"51":{"start":{"line":141,"column":3},"end":{"line":141,"column":80}},"52":{"start":{"line":142,"column":3},"end":{"line":142,"column":43}},"53":{"start":{"line":144,"column":3},"end":{"line":144,"column":50}},"54":{"start":{"line":145,"column":3},"end":{"line":145,"column":42}},"55":{"start":{"line":149,"column":2},"end":{"line":149,"column":74}},"56":{"start":{"line":150,"column":2},"end":{"line":150,"column":37}},"57":{"start":{"line":156,"column":1},"end":{"line":195,"column":2}},"58":{"start":{"line":157,"column":20},"end":{"line":157,"column":33}},"59":{"start":{"line":159,"column":2},"end":{"line":159,"column":55}},"60":{"start":{"line":161,"column":15},"end":{"line":168,"column":3}},"61":{"start":{"line":169,"column":19},"end":{"line":169,"column":55}},"62":{"start":{"line":170,"column":17},"end":{"line":170,"column":38}},"63":{"start":{"line":173,"column":2},"end":{"line":190,"column":3}},"64":{"start":{"line":174,"column":3},"end":{"line":174,"column":64}},"65":{"start":{"line":175,"column":3},"end":{"line":175,"column":41}},"66":{"start":{"line":178,"column":3},"end":{"line":178,"column":32}},"67":{"start":{"line":180,"column":17},"end":{"line":180,"column":46}},"68":{"start":{"line":181,"column":3},"end":{"line":189,"column":4}},"69":{"start":{"line":182,"column":4},"end":{"line":186,"column":7}},"70":{"start":{"line":187,"column":4},"end":{"line":187,"column":93}},"71":{"start":{"line":188,"column":4},"end":{"line":188,"column":50}},"72":{"start":{"line":193,"column":2},"end":{"line":193,"column":58}},"73":{"start":{"line":194,"column":2},"end":{"line":194,"column":35}},"74":{"start":{"line":199,"column":15},"end":{"line":199,"column":44}},"75":{"start":{"line":200,"column":18},"end":{"line":200,"column":44}},"76":{"start":{"line":202,"column":19},"end":{"line":202,"column":32}},"77":{"start":{"line":204,"column":1},"end":{"line":204,"column":54}},"78":{"start":{"line":206,"column":14},"end":{"line":212,"column":2}},"79":{"start":{"line":214,"column":1},"end":{"line":220,"column":2}},"80":{"start":{"line":215,"column":2},"end":{"line":215,"column":48}},"81":{"start":{"line":217,"column":2},"end":{"line":219,"column":3}},"82":{"start":{"line":218,"column":3},"end":{"line":218,"column":43}},"83":{"start":{"line":221,"column":16},"end":{"line":221,"column":55}},"84":{"start":{"line":224,"column":14},"end":{"line":224,"column":18}},"85":{"start":{"line":225,"column":1},"end":{"line":239,"column":2}},"86":{"start":{"line":226,"column":2},"end":{"line":229,"column":3}},"87":{"start":{"line":227,"column":3},"end":{"line":227,"column":96}},"88":{"start":{"line":228,"column":3},"end":{"line":228,"column":85}},"89":{"start":{"line":230,"column":2},"end":{"line":230,"column":41}},"90":{"start":{"line":232,"column":2},"end":{"line":234,"column":3}},"91":{"start":{"line":233,"column":3},"end":{"line":233,"column":36}},"92":{"start":{"line":235,"column":2},"end":{"line":238,"column":3}},"93":{"start":{"line":236,"column":3},"end":{"line":236,"column":43}},"94":{"start":{"line":244,"column":1},"end":{"line":254,"column":2}},"95":{"start":{"line":245,"column":2},"end":{"line":249,"column":5}},"96":{"start":{"line":251,"column":2},"end":{"line":253,"column":3}},"97":{"start":{"line":252,"column":3},"end":{"line":252,"column":94}},"98":{"start":{"line":258,"column":1},"end":{"line":260,"column":2}},"99":{"start":{"line":259,"column":2},"end":{"line":259,"column":78}},"100":{"start":{"line":263,"column":25},"end":{"line":272,"column":1}}},"fnMap":{"0":{"name":"(anonymous_0)","decl":{"start":{"line":25,"column":28},"end":{"line":25,"column":29}},"loc":{"start":{"line":25,"column":37},"end":{"line":25,"column":56}},"line":25},"1":{"name":"(anonymous_1)","decl":{"start":{"line":28,"column":32},"end":{"line":28,"column":33}},"loc":{"start":{"line":28,"column":42},"end":{"line":28,"column":94}},"line":28},"2":{"name":"(anonymous_2)","decl":{"start":{"line":29,"column":39},"end":{"line":29,"column":40}},"loc":{"start":{"line":29,"column":49},"end":{"line":29,"column":102}},"line":29},"3":{"name":"(anonymous_3)","decl":{"start":{"line":30,"column":33},"end":{"line":30,"column":34}},"loc":{"start":{"line":30,"column":43},"end":{"line":30,"column":96}},"line":30},"4":{"name":"(anonymous_4)","decl":{"start":{"line":32,"column":30},"end":{"line":32,"column":31}},"loc":{"start":{"line":32,"column":40},"end":{"line":32,"column":93}},"line":32},"5":{"name":"(anonymous_5)","decl":{"start":{"line":35,"column":27},"end":{"line":35,"column":28}},"loc":{"start":{"line":35,"column":40},"end":{"line":39,"column":1}},"line":35},"6":{"name":"(anonymous_6)","decl":{"start":{"line":36,"column":20},"end":{"line":36,"column":21}},"loc":{"start":{"line":36,"column":47},"end":{"line":38,"column":2}},"line":36},"7":{"name":"getUserPosition","decl":{"start":{"line":49,"column":17},"end":{"line":49,"column":32}},"loc":{"start":{"line":49,"column":35},"end":{"line":71,"column":1}},"line":49},"8":{"name":"logoutUser","decl":{"start":{"line":74,"column":17},"end":{"line":74,"column":27}},"loc":{"start":{"line":74,"column":36},"end":{"line":87,"column":1}},"line":74},"9":{"name":"createUserAccount","decl":{"start":{"line":89,"column":17},"end":{"line":89,"column":34}},"loc":{"start":{"line":89,"column":43},"end":{"line":121,"column":1}},"line":89},"10":{"name":"resendVerificationEmail","decl":{"start":{"line":123,"column":18},"end":{"line":123,"column":41}},"loc":{"start":{"line":123,"column":50},"end":{"line":152,"column":1}},"line":123},"11":{"name":"loginUser","decl":{"start":{"line":154,"column":10},"end":{"line":154,"column":19}},"loc":{"start":{"line":154,"column":28},"end":{"line":196,"column":1}},"line":154},"12":{"name":"verifyToken","decl":{"start":{"line":198,"column":17},"end":{"line":198,"column":28}},"loc":{"start":{"line":198,"column":37},"end":{"line":240,"column":1}},"line":198},"13":{"name":"emitWaypointReceiver","decl":{"start":{"line":242,"column":17},"end":{"line":242,"column":37}},"loc":{"start":{"line":242,"column":46},"end":{"line":255,"column":1}},"line":242},"14":{"name":"changeDurationInterval","decl":{"start":{"line":257,"column":17},"end":{"line":257,"column":39}},"loc":{"start":{"line":257,"column":48},"end":{"line":261,"column":1}},"line":257}},"branchMap":{"0":{"loc":{"start":{"line":63,"column":2},"end":{"line":67,"column":3}},"type":"if","locations":[{"start":{"line":63,"column":2},"end":{"line":67,"column":3}},{"start":{"line":63,"column":2},"end":{"line":67,"column":3}}],"line":63},"1":{"loc":{"start":{"line":79,"column":2},"end":{"line":83,"column":3}},"type":"if","locations":[{"start":{"line":79,"column":2},"end":{"line":83,"column":3}},{"start":{"line":79,"column":2},"end":{"line":83,"column":3}}],"line":79},"2":{"loc":{"start":{"line":108,"column":2},"end":{"line":114,"column":3}},"type":"if","locations":[{"start":{"line":108,"column":2},"end":{"line":114,"column":3}},{"start":{"line":108,"column":2},"end":{"line":114,"column":3}}],"line":108},"3":{"loc":{"start":{"line":140,"column":2},"end":{"line":146,"column":3}},"type":"if","locations":[{"start":{"line":140,"column":2},"end":{"line":146,"column":3}},{"start":{"line":140,"column":2},"end":{"line":146,"column":3}}],"line":140},"4":{"loc":{"start":{"line":173,"column":2},"end":{"line":190,"column":3}},"type":"if","locations":[{"start":{"line":173,"column":2},"end":{"line":190,"column":3}},{"start":{"line":173,"column":2},"end":{"line":190,"column":3}}],"line":173},"5":{"loc":{"start":{"line":181,"column":3},"end":{"line":189,"column":4}},"type":"if","locations":[{"start":{"line":181,"column":3},"end":{"line":189,"column":4}},{"start":{"line":181,"column":3},"end":{"line":189,"column":4}}],"line":181},"6":{"loc":{"start":{"line":181,"column":7},"end":{"line":181,"column":44}},"type":"binary-expr","locations":[{"start":{"line":181,"column":7},"end":{"line":181,"column":12}},{"start":{"line":181,"column":16},"end":{"line":181,"column":44}}],"line":181},"7":{"loc":{"start":{"line":210,"column":10},"end":{"line":210,"column":53}},"type":"cond-expr","locations":[{"start":{"line":210,"column":18},"end":{"line":210,"column":46}},{"start":{"line":210,"column":49},"end":{"line":210,"column":53}}],"line":210},"8":{"loc":{"start":{"line":214,"column":1},"end":{"line":220,"column":2}},"type":"if","locations":[{"start":{"line":214,"column":1},"end":{"line":220,"column":2}},{"start":{"line":214,"column":1},"end":{"line":220,"column":2}}],"line":214},"9":{"loc":{"start":{"line":217,"column":2},"end":{"line":219,"column":3}},"type":"if","locations":[{"start":{"line":217,"column":2},"end":{"line":219,"column":3}},{"start":{"line":217,"column":2},"end":{"line":219,"column":3}}],"line":217},"10":{"loc":{"start":{"line":221,"column":22},"end":{"line":221,"column":55}},"type":"cond-expr","locations":[{"start":{"line":221,"column":33},"end":{"line":221,"column":48}},{"start":{"line":221,"column":51},"end":{"line":221,"column":55}}],"line":221},"11":{"loc":{"start":{"line":225,"column":1},"end":{"line":239,"column":2}},"type":"if","locations":[{"start":{"line":225,"column":1},"end":{"line":239,"column":2}},{"start":{"line":225,"column":1},"end":{"line":239,"column":2}}],"line":225},"12":{"loc":{"start":{"line":225,"column":5},"end":{"line":225,"column":29}},"type":"binary-expr","locations":[{"start":{"line":225,"column":5},"end":{"line":225,"column":11}},{"start":{"line":225,"column":15},"end":{"line":225,"column":29}}],"line":225},"13":{"loc":{"start":{"line":226,"column":2},"end":{"line":229,"column":3}},"type":"if","locations":[{"start":{"line":226,"column":2},"end":{"line":229,"column":3}},{"start":{"line":226,"column":2},"end":{"line":229,"column":3}}],"line":226},"14":{"loc":{"start":{"line":232,"column":2},"end":{"line":234,"column":3}},"type":"if","locations":[{"start":{"line":232,"column":2},"end":{"line":234,"column":3}},{"start":{"line":232,"column":2},"end":{"line":234,"column":3}}],"line":232},"15":{"loc":{"start":{"line":235,"column":2},"end":{"line":238,"column":3}},"type":"if","locations":[{"start":{"line":235,"column":2},"end":{"line":238,"column":3}},{"start":{"line":235,"column":2},"end":{"line":238,"column":3}}],"line":235},"16":{"loc":{"start":{"line":244,"column":1},"end":{"line":254,"column":2}},"type":"if","locations":[{"start":{"line":244,"column":1},"end":{"line":254,"column":2}},{"start":{"line":244,"column":1},"end":{"line":254,"column":2}}],"line":244},"17":{"loc":{"start":{"line":251,"column":2},"end":{"line":253,"column":3}},"type":"if","locations":[{"start":{"line":251,"column":2},"end":{"line":253,"column":3}},{"start":{"line":251,"column":2},"end":{"line":253,"column":3}}],"line":251},"18":{"loc":{"start":{"line":258,"column":1},"end":{"line":260,"column":2}},"type":"if","locations":[{"start":{"line":258,"column":1},"end":{"line":260,"column":2}},{"start":{"line":258,"column":1},"end":{"line":260,"column":2}}],"line":258}},"s":{"0":1,"1":0,"2":1,"3":0,"4":1,"5":0,"6":1,"7":0,"8":1,"9":0,"10":1,"11":0,"12":0,"13":1,"14":1,"15":1,"16":1,"17":1,"18":1,"19":0,"20":0,"21":0,"22":0,"23":0,"24":1,"25":1,"26":1,"27":1,"28":1,"29":0,"30":0,"31":0,"32":0,"33":0,"34":0,"35":0,"36":0,"37":0,"38":0,"39":0,"40":0,"41":0,"42":0,"43":0,"44":0,"45":0,"46":0,"47":0,"48":0,"49":0,"50":0,"51":0,"52":0,"53":0,"54":0,"55":0,"56":0,"57":0,"58":0,"59":0,"60":0,"61":0,"62":0,"63":0,"64":0,"65":0,"66":0,"67":0,"68":0,"69":0,"70":0,"71":0,"72":0,"73":0,"74":1,"75":1,"76":1,"77":1,"78":1,"79":1,"80":1,"81":0,"82":0,"83":0,"84":0,"85":0,"86":0,"87":0,"88":0,"89":0,"90":0,"91":0,"92":0,"93":0,"94":2,"95":1,"96":1,"97":1,"98":1,"99":1,"100":1},"f":{"0":0,"1":0,"2":0,"3":0,"4":0,"5":0,"6":0,"7":1,"8":1,"9":0,"10":0,"11":0,"12":1,"13":2,"14":1},"b":{"0":[0,0],"1":[1,0],"2":[0,0],"3":[0,0],"4":[0,0],"5":[0,0],"6":[0,0],"7":[1,0],"8":[1,0],"9":[0,0],"10":[0,0],"11":[0,0],"12":[0,0],"13":[0,0],"14":[0,0],"15":[0,0],"16":[1,1],"17":[1,0],"18":[1,0]},"_coverageSchema":"332fd63041d2c1bcb487cc26dd0d5f7d97098a6c","hash":"130ad1e95cc615c0467af00765d690f24764f382"}
,"/Users/grzegorzwypych/MSS_Development/FishMap/src/screens/LoginScreen.js": {"path":"/Users/grzegorzwypych/MSS_Development/FishMap/src/screens/LoginScreen.js","statementMap":{"0":{"start":{"line":29,"column":2},"end":{"line":29,"column":10}},"1":{"start":{"line":30,"column":2},"end":{"line":30,"column":59}},"2":{"start":{"line":31,"column":2},"end":{"line":31,"column":59}},"3":{"start":{"line":32,"column":2},"end":{"line":32,"column":61}},"4":{"start":{"line":33,"column":2},"end":{"line":33,"column":53}},"5":{"start":{"line":34,"column":2},"end":{"line":34,"column":71}},"6":{"start":{"line":35,"column":2},"end":{"line":35,"column":71}},"7":{"start":{"line":36,"column":2},"end":{"line":41,"column":4}},"8":{"start":{"line":46,"column":2},"end":{"line":46,"column":65}},"9":{"start":{"line":47,"column":2},"end":{"line":47,"column":65}},"10":{"start":{"line":48,"column":2},"end":{"line":48,"column":64}},"11":{"start":{"line":52,"column":2},"end":{"line":52,"column":45}},"12":{"start":{"line":53,"column":2},"end":{"line":53,"column":45}},"13":{"start":{"line":54,"column":2},"end":{"line":54,"column":67}},"14":{"start":{"line":58,"column":2},"end":{"line":58,"column":40}},"15":{"start":{"line":62,"column":2},"end":{"line":62,"column":41}},"16":{"start":{"line":66,"column":2},"end":{"line":66,"column":34}},"17":{"start":{"line":70,"column":2},"end":{"line":72,"column":3}},"18":{"start":{"line":71,"column":3},"end":{"line":71,"column":32}},"19":{"start":{"line":73,"column":2},"end":{"line":73,"column":76}},"20":{"start":{"line":78,"column":13},"end":{"line":78,"column":165}},"21":{"start":{"line":79,"column":2},"end":{"line":79,"column":24}},"22":{"start":{"line":83,"column":2},"end":{"line":93,"column":3}},"23":{"start":{"line":84,"column":16},"end":{"line":88,"column":4}},"24":{"start":{"line":89,"column":3},"end":{"line":89,"column":36}},"25":{"start":{"line":92,"column":3},"end":{"line":92,"column":41}},"26":{"start":{"line":99,"column":2},"end":{"line":101,"column":3}},"27":{"start":{"line":100,"column":3},"end":{"line":100,"column":102}},"28":{"start":{"line":102,"column":2},"end":{"line":102,"column":14}},"29":{"start":{"line":106,"column":2},"end":{"line":106,"column":56}},"30":{"start":{"line":111,"column":13},"end":{"line":111,"column":42}},"31":{"start":{"line":112,"column":19},"end":{"line":112,"column":38}},"32":{"start":{"line":113,"column":16},"end":{"line":113,"column":32}},"33":{"start":{"line":115,"column":2},"end":{"line":170,"column":4}},"34":{"start":{"line":125,"column":36},"end":{"line":125,"column":67}},"35":{"start":{"line":135,"column":39},"end":{"line":135,"column":76}},"36":{"start":{"line":163,"column":21},"end":{"line":163,"column":50}},"37":{"start":{"line":175,"column":15},"end":{"line":251,"column":1}},"38":{"start":{"line":252,"column":24},"end":{"line":254,"column":1}},"39":{"start":{"line":253,"column":1},"end":{"line":253,"column":11}}},"fnMap":{"0":{"name":"(anonymous_0)","decl":{"start":{"line":28,"column":1},"end":{"line":28,"column":2}},"loc":{"start":{"line":28,"column":15},"end":{"line":43,"column":2}},"line":28},"1":{"name":"(anonymous_1)","decl":{"start":{"line":45,"column":1},"end":{"line":45,"column":2}},"loc":{"start":{"line":45,"column":22},"end":{"line":49,"column":2}},"line":45},"2":{"name":"(anonymous_2)","decl":{"start":{"line":51,"column":1},"end":{"line":51,"column":2}},"loc":{"start":{"line":51,"column":24},"end":{"line":55,"column":2}},"line":51},"3":{"name":"(anonymous_3)","decl":{"start":{"line":57,"column":1},"end":{"line":57,"column":2}},"loc":{"start":{"line":57,"column":20},"end":{"line":59,"column":2}},"line":57},"4":{"name":"(anonymous_4)","decl":{"start":{"line":61,"column":1},"end":{"line":61,"column":2}},"loc":{"start":{"line":61,"column":20},"end":{"line":63,"column":2}},"line":61},"5":{"name":"(anonymous_5)","decl":{"start":{"line":65,"column":1},"end":{"line":65,"column":2}},"loc":{"start":{"line":65,"column":25},"end":{"line":67,"column":2}},"line":65},"6":{"name":"(anonymous_6)","decl":{"start":{"line":69,"column":1},"end":{"line":69,"column":2}},"loc":{"start":{"line":69,"column":21},"end":{"line":75,"column":2}},"line":69},"7":{"name":"(anonymous_7)","decl":{"start":{"line":77,"column":17},"end":{"line":77,"column":18}},"loc":{"start":{"line":77,"column":28},"end":{"line":80,"column":2}},"line":77},"8":{"name":"(anonymous_8)","decl":{"start":{"line":82,"column":16},"end":{"line":82,"column":17}},"loc":{"start":{"line":82,"column":22},"end":{"line":94,"column":2}},"line":82},"9":{"name":"(anonymous_9)","decl":{"start":{"line":97,"column":26},"end":{"line":97,"column":27}},"loc":{"start":{"line":97,"column":32},"end":{"line":103,"column":2}},"line":97},"10":{"name":"(anonymous_10)","decl":{"start":{"line":105,"column":26},"end":{"line":105,"column":27}},"loc":{"start":{"line":105,"column":32},"end":{"line":107,"column":2}},"line":105},"11":{"name":"(anonymous_11)","decl":{"start":{"line":109,"column":1},"end":{"line":109,"column":2}},"loc":{"start":{"line":109,"column":10},"end":{"line":171,"column":2}},"line":109},"12":{"name":"(anonymous_12)","decl":{"start":{"line":125,"column":25},"end":{"line":125,"column":26}},"loc":{"start":{"line":125,"column":36},"end":{"line":125,"column":67}},"line":125},"13":{"name":"(anonymous_13)","decl":{"start":{"line":135,"column":25},"end":{"line":135,"column":26}},"loc":{"start":{"line":135,"column":39},"end":{"line":135,"column":76}},"line":135},"14":{"name":"(anonymous_14)","decl":{"start":{"line":163,"column":15},"end":{"line":163,"column":16}},"loc":{"start":{"line":163,"column":21},"end":{"line":163,"column":50}},"line":163},"15":{"name":"(anonymous_15)","decl":{"start":{"line":252,"column":24},"end":{"line":252,"column":25}},"loc":{"start":{"line":252,"column":33},"end":{"line":254,"column":1}},"line":252}},"branchMap":{"0":{"loc":{"start":{"line":70,"column":2},"end":{"line":72,"column":3}},"type":"if","locations":[{"start":{"line":70,"column":2},"end":{"line":72,"column":3}},{"start":{"line":70,"column":2},"end":{"line":72,"column":3}}],"line":70},"1":{"loc":{"start":{"line":83,"column":2},"end":{"line":93,"column":3}},"type":"if","locations":[{"start":{"line":83,"column":2},"end":{"line":93,"column":3}},{"start":{"line":83,"column":2},"end":{"line":93,"column":3}}],"line":83},"2":{"loc":{"start":{"line":83,"column":6},"end":{"line":83,"column":65}},"type":"binary-expr","locations":[{"start":{"line":83,"column":6},"end":{"line":83,"column":42}},{"start":{"line":83,"column":46},"end":{"line":83,"column":65}}],"line":83},"3":{"loc":{"start":{"line":99,"column":2},"end":{"line":101,"column":3}},"type":"if","locations":[{"start":{"line":99,"column":2},"end":{"line":101,"column":3}},{"start":{"line":99,"column":2},"end":{"line":101,"column":3}}],"line":99},"4":{"loc":{"start":{"line":100,"column":10},"end":{"line":100,"column":101}},"type":"cond-expr","locations":[{"start":{"line":100,"column":77},"end":{"line":100,"column":87}},{"start":{"line":100,"column":90},"end":{"line":100,"column":101}}],"line":100},"5":{"loc":{"start":{"line":117,"column":5},"end":{"line":121,"column":11}},"type":"cond-expr","locations":[{"start":{"line":118,"column":5},"end":{"line":120,"column":12}},{"start":{"line":121,"column":7},"end":{"line":121,"column":11}}],"line":117},"6":{"loc":{"start":{"line":117,"column":5},"end":{"line":117,"column":52}},"type":"binary-expr","locations":[{"start":{"line":117,"column":5},"end":{"line":117,"column":24}},{"start":{"line":117,"column":28},"end":{"line":117,"column":52}}],"line":117},"7":{"loc":{"start":{"line":124,"column":23},"end":{"line":124,"column":71}},"type":"cond-expr","locations":[{"start":{"line":124,"column":41},"end":{"line":124,"column":53}},{"start":{"line":124,"column":56},"end":{"line":124,"column":71}}],"line":124},"8":{"loc":{"start":{"line":130,"column":23},"end":{"line":130,"column":71}},"type":"cond-expr","locations":[{"start":{"line":130,"column":41},"end":{"line":130,"column":53}},{"start":{"line":130,"column":56},"end":{"line":130,"column":71}}],"line":130},"9":{"loc":{"start":{"line":143,"column":7},"end":{"line":144,"column":52}},"type":"cond-expr","locations":[{"start":{"line":144,"column":32},"end":{"line":144,"column":38}},{"start":{"line":144,"column":41},"end":{"line":144,"column":52}}],"line":143},"10":{"loc":{"start":{"line":143,"column":7},"end":{"line":144,"column":29}},"type":"binary-expr","locations":[{"start":{"line":143,"column":8},"end":{"line":143,"column":45}},{"start":{"line":144,"column":8},"end":{"line":144,"column":28}}],"line":143},"11":{"loc":{"start":{"line":145,"column":16},"end":{"line":145,"column":55}},"type":"binary-expr","locations":[{"start":{"line":145,"column":16},"end":{"line":145,"column":25}},{"start":{"line":145,"column":29},"end":{"line":145,"column":55}}],"line":145}},"s":{"0":17,"1":17,"2":17,"3":17,"4":17,"5":17,"6":17,"7":17,"8":17,"9":17,"10":17,"11":1,"12":1,"13":1,"14":1,"15":1,"16":1,"17":17,"18":17,"19":17,"20":66,"21":66,"22":2,"23":1,"24":1,"25":1,"26":59,"27":5,"28":59,"29":0,"30":57,"31":57,"32":57,"33":57,"34":5,"35":5,"36":0,"37":1,"38":1,"39":18},"f":{"0":17,"1":17,"2":1,"3":1,"4":1,"5":1,"6":17,"7":66,"8":2,"9":59,"10":0,"11":57,"12":5,"13":5,"14":0,"15":18},"b":{"0":[17,0],"1":[1,1],"2":[2,1],"3":[5,54],"4":[2,3],"5":[53,4],"6":[57,55],"7":[17,40],"8":[17,40],"9":[55,2],"10":[57,4],"11":[57,7]},"_coverageSchema":"332fd63041d2c1bcb487cc26dd0d5f7d97098a6c","hash":"11a27dc782d25af052d82c24c5ffe6697cd0ac1e"}
,"/Users/grzegorzwypych/MSS_Development/FishMap/src/screens/MainScreen.js": {"path":"/Users/grzegorzwypych/MSS_Development/FishMap/src/screens/MainScreen.js","statementMap":{"0":{"start":{"line":28,"column":19},"end":{"line":33,"column":2}},"1":{"start":{"line":28,"column":53},"end":{"line":33,"column":1}},"2":{"start":{"line":38,"column":15},"end":{"line":38,"column":22}},"3":{"start":{"line":43,"column":2},"end":{"line":43,"column":10}},"4":{"start":{"line":45,"column":2},"end":{"line":45,"column":65}},"5":{"start":{"line":46,"column":2},"end":{"line":46,"column":67}},"6":{"start":{"line":47,"column":2},"end":{"line":47,"column":51}},"7":{"start":{"line":48,"column":2},"end":{"line":48,"column":47}},"8":{"start":{"line":49,"column":2},"end":{"line":49,"column":61}},"9":{"start":{"line":50,"column":2},"end":{"line":50,"column":71}},"10":{"start":{"line":51,"column":2},"end":{"line":51,"column":55}},"11":{"start":{"line":52,"column":2},"end":{"line":52,"column":53}},"12":{"start":{"line":54,"column":2},"end":{"line":60,"column":4}},"13":{"start":{"line":64,"column":2},"end":{"line":64,"column":39}},"14":{"start":{"line":65,"column":2},"end":{"line":65,"column":48}},"15":{"start":{"line":66,"column":2},"end":{"line":66,"column":48}},"16":{"start":{"line":71,"column":2},"end":{"line":75,"column":5}},"17":{"start":{"line":72,"column":3},"end":{"line":74,"column":4}},"18":{"start":{"line":73,"column":4},"end":{"line":73,"column":91}},"19":{"start":{"line":76,"column":2},"end":{"line":76,"column":38}},"20":{"start":{"line":77,"column":2},"end":{"line":77,"column":46}},"21":{"start":{"line":78,"column":2},"end":{"line":78,"column":32}},"22":{"start":{"line":79,"column":2},"end":{"line":79,"column":48}},"23":{"start":{"line":84,"column":2},"end":{"line":92,"column":4}},"24":{"start":{"line":88,"column":33},"end":{"line":88,"column":50}},"25":{"start":{"line":89,"column":37},"end":{"line":89,"column":58}},"26":{"start":{"line":96,"column":26},"end":{"line":96,"column":42}},"27":{"start":{"line":99,"column":2},"end":{"line":127,"column":4}},"28":{"start":{"line":105,"column":28},"end":{"line":105,"column":93}},"29":{"start":{"line":111,"column":19},"end":{"line":111,"column":52}},"30":{"start":{"line":119,"column":20},"end":{"line":119,"column":41}},"31":{"start":{"line":132,"column":2},"end":{"line":136,"column":5}},"32":{"start":{"line":141,"column":2},"end":{"line":161,"column":5}},"33":{"start":{"line":142,"column":3},"end":{"line":160,"column":4}},"34":{"start":{"line":143,"column":4},"end":{"line":143,"column":50}},"35":{"start":{"line":146,"column":4},"end":{"line":146,"column":77}},"36":{"start":{"line":147,"column":4},"end":{"line":154,"column":5}},"37":{"start":{"line":148,"column":5},"end":{"line":148,"column":41}},"38":{"start":{"line":149,"column":5},"end":{"line":152,"column":30}},"39":{"start":{"line":149,"column":36},"end":{"line":152,"column":7}},"40":{"start":{"line":153,"column":5},"end":{"line":153,"column":52}},"41":{"start":{"line":155,"column":4},"end":{"line":155,"column":43}},"42":{"start":{"line":156,"column":4},"end":{"line":156,"column":45}},"43":{"start":{"line":157,"column":4},"end":{"line":157,"column":73}},"44":{"start":{"line":158,"column":4},"end":{"line":158,"column":86}},"45":{"start":{"line":158,"column":56},"end":{"line":158,"column":84}},"46":{"start":{"line":159,"column":4},"end":{"line":159,"column":86}},"47":{"start":{"line":159,"column":53},"end":{"line":159,"column":84}},"48":{"start":{"line":166,"column":2},"end":{"line":166,"column":106}},"49":{"start":{"line":172,"column":2},"end":{"line":176,"column":6}},"50":{"start":{"line":180,"column":18},"end":{"line":180,"column":141}},"51":{"start":{"line":180,"column":56},"end":{"line":180,"column":140}},"52":{"start":{"line":181,"column":2},"end":{"line":181,"column":48}},"53":{"start":{"line":182,"column":2},"end":{"line":182,"column":50}},"54":{"start":{"line":187,"column":19},"end":{"line":187,"column":43}},"55":{"start":{"line":189,"column":2},"end":{"line":199,"column":4}},"56":{"start":{"line":193,"column":36},"end":{"line":193,"column":64}},"57":{"start":{"line":194,"column":35},"end":{"line":194,"column":87}},"58":{"start":{"line":195,"column":37},"end":{"line":195,"column":90}},"59":{"start":{"line":196,"column":37},"end":{"line":196,"column":58}},"60":{"start":{"line":204,"column":18},"end":{"line":204,"column":83}},"61":{"start":{"line":205,"column":2},"end":{"line":207,"column":3}},"62":{"start":{"line":206,"column":3},"end":{"line":206,"column":26}},"63":{"start":{"line":208,"column":2},"end":{"line":208,"column":22}},"64":{"start":{"line":214,"column":27},"end":{"line":214,"column":56}},"65":{"start":{"line":215,"column":18},"end":{"line":215,"column":39}},"66":{"start":{"line":216,"column":2},"end":{"line":243,"column":4}},"67":{"start":{"line":222,"column":13},"end":{"line":222,"column":32}},"68":{"start":{"line":223,"column":13},"end":{"line":223,"column":67}},"69":{"start":{"line":234,"column":6},"end":{"line":236,"column":8}},"70":{"start":{"line":248,"column":15},"end":{"line":271,"column":1}},"71":{"start":{"line":273,"column":24},"end":{"line":288,"column":1}},"72":{"start":{"line":274,"column":1},"end":{"line":287,"column":3}}},"fnMap":{"0":{"name":"(anonymous_0)","decl":{"start":{"line":28,"column":19},"end":{"line":28,"column":20}},"loc":{"start":{"line":28,"column":53},"end":{"line":33,"column":1}},"line":28},"1":{"name":"(anonymous_1)","decl":{"start":{"line":42,"column":1},"end":{"line":42,"column":2}},"loc":{"start":{"line":42,"column":15},"end":{"line":61,"column":2}},"line":42},"2":{"name":"(anonymous_2)","decl":{"start":{"line":63,"column":18},"end":{"line":63,"column":19}},"loc":{"start":{"line":63,"column":28},"end":{"line":68,"column":2}},"line":63},"3":{"name":"(anonymous_3)","decl":{"start":{"line":70,"column":1},"end":{"line":70,"column":2}},"loc":{"start":{"line":70,"column":14},"end":{"line":81,"column":2}},"line":70},"4":{"name":"(anonymous_4)","decl":{"start":{"line":71,"column":37},"end":{"line":71,"column":38}},"loc":{"start":{"line":71,"column":46},"end":{"line":75,"column":3}},"line":71},"5":{"name":"(anonymous_5)","decl":{"start":{"line":83,"column":1},"end":{"line":83,"column":2}},"loc":{"start":{"line":83,"column":16},"end":{"line":93,"column":2}},"line":83},"6":{"name":"(anonymous_6)","decl":{"start":{"line":88,"column":27},"end":{"line":88,"column":28}},"loc":{"start":{"line":88,"column":33},"end":{"line":88,"column":50}},"line":88},"7":{"name":"(anonymous_7)","decl":{"start":{"line":89,"column":31},"end":{"line":89,"column":32}},"loc":{"start":{"line":89,"column":37},"end":{"line":89,"column":58}},"line":89},"8":{"name":"(anonymous_8)","decl":{"start":{"line":95,"column":28},"end":{"line":95,"column":29}},"loc":{"start":{"line":95,"column":48},"end":{"line":128,"column":2}},"line":95},"9":{"name":"(anonymous_9)","decl":{"start":{"line":105,"column":16},"end":{"line":105,"column":17}},"loc":{"start":{"line":105,"column":28},"end":{"line":105,"column":93}},"line":105},"10":{"name":"(anonymous_10)","decl":{"start":{"line":111,"column":13},"end":{"line":111,"column":14}},"loc":{"start":{"line":111,"column":19},"end":{"line":111,"column":52}},"line":111},"11":{"name":"(anonymous_11)","decl":{"start":{"line":119,"column":14},"end":{"line":119,"column":15}},"loc":{"start":{"line":119,"column":20},"end":{"line":119,"column":41}},"line":119},"12":{"name":"(anonymous_12)","decl":{"start":{"line":131,"column":1},"end":{"line":131,"column":2}},"loc":{"start":{"line":131,"column":22},"end":{"line":137,"column":2}},"line":131},"13":{"name":"(anonymous_13)","decl":{"start":{"line":140,"column":1},"end":{"line":140,"column":2}},"loc":{"start":{"line":140,"column":21},"end":{"line":162,"column":2}},"line":140},"14":{"name":"(anonymous_14)","decl":{"start":{"line":141,"column":37},"end":{"line":141,"column":38}},"loc":{"start":{"line":141,"column":46},"end":{"line":161,"column":3}},"line":141},"15":{"name":"(anonymous_15)","decl":{"start":{"line":149,"column":30},"end":{"line":149,"column":31}},"loc":{"start":{"line":149,"column":36},"end":{"line":152,"column":7}},"line":149},"16":{"name":"(anonymous_16)","decl":{"start":{"line":158,"column":48},"end":{"line":158,"column":49}},"loc":{"start":{"line":158,"column":56},"end":{"line":158,"column":84}},"line":158},"17":{"name":"(anonymous_17)","decl":{"start":{"line":159,"column":45},"end":{"line":159,"column":46}},"loc":{"start":{"line":159,"column":53},"end":{"line":159,"column":84}},"line":159},"18":{"name":"(anonymous_18)","decl":{"start":{"line":165,"column":21},"end":{"line":165,"column":22}},"loc":{"start":{"line":165,"column":31},"end":{"line":167,"column":2}},"line":165},"19":{"name":"(anonymous_19)","decl":{"start":{"line":170,"column":1},"end":{"line":170,"column":2}},"loc":{"start":{"line":170,"column":24},"end":{"line":177,"column":2}},"line":170},"20":{"name":"(anonymous_20)","decl":{"start":{"line":179,"column":17},"end":{"line":179,"column":18}},"loc":{"start":{"line":179,"column":31},"end":{"line":183,"column":2}},"line":179},"21":{"name":"(anonymous_21)","decl":{"start":{"line":180,"column":44},"end":{"line":180,"column":45}},"loc":{"start":{"line":180,"column":56},"end":{"line":180,"column":140}},"line":180},"22":{"name":"(anonymous_22)","decl":{"start":{"line":186,"column":24},"end":{"line":186,"column":25}},"loc":{"start":{"line":186,"column":31},"end":{"line":200,"column":2}},"line":186},"23":{"name":"(anonymous_23)","decl":{"start":{"line":193,"column":30},"end":{"line":193,"column":31}},"loc":{"start":{"line":193,"column":36},"end":{"line":193,"column":64}},"line":193},"24":{"name":"(anonymous_24)","decl":{"start":{"line":194,"column":29},"end":{"line":194,"column":30}},"loc":{"start":{"line":194,"column":35},"end":{"line":194,"column":87}},"line":194},"25":{"name":"(anonymous_25)","decl":{"start":{"line":195,"column":31},"end":{"line":195,"column":32}},"loc":{"start":{"line":195,"column":37},"end":{"line":195,"column":90}},"line":195},"26":{"name":"(anonymous_26)","decl":{"start":{"line":196,"column":31},"end":{"line":196,"column":32}},"loc":{"start":{"line":196,"column":37},"end":{"line":196,"column":58}},"line":196},"27":{"name":"(anonymous_27)","decl":{"start":{"line":202,"column":26},"end":{"line":202,"column":27}},"loc":{"start":{"line":202,"column":32},"end":{"line":209,"column":2}},"line":202},"28":{"name":"(anonymous_28)","decl":{"start":{"line":212,"column":1},"end":{"line":212,"column":2}},"loc":{"start":{"line":212,"column":10},"end":{"line":244,"column":2}},"line":212},"29":{"name":"(anonymous_29)","decl":{"start":{"line":221,"column":17},"end":{"line":221,"column":18}},"loc":{"start":{"line":221,"column":30},"end":{"line":224,"column":13}},"line":221},"30":{"name":"(anonymous_30)","decl":{"start":{"line":233,"column":31},"end":{"line":233,"column":32}},"loc":{"start":{"line":234,"column":6},"end":{"line":236,"column":8}},"line":234},"31":{"name":"(anonymous_31)","decl":{"start":{"line":273,"column":24},"end":{"line":273,"column":25}},"loc":{"start":{"line":273,"column":33},"end":{"line":288,"column":1}},"line":273}},"branchMap":{"0":{"loc":{"start":{"line":32,"column":8},"end":{"line":32,"column":49}},"type":"cond-expr","locations":[{"start":{"line":32,"column":24},"end":{"line":32,"column":39}},{"start":{"line":32,"column":42},"end":{"line":32,"column":49}}],"line":32},"1":{"loc":{"start":{"line":72,"column":3},"end":{"line":74,"column":4}},"type":"if","locations":[{"start":{"line":72,"column":3},"end":{"line":74,"column":4}},{"start":{"line":72,"column":3},"end":{"line":74,"column":4}}],"line":72},"2":{"loc":{"start":{"line":96,"column":10},"end":{"line":96,"column":21}},"type":"default-arg","locations":[{"start":{"line":96,"column":19},"end":{"line":96,"column":21}}],"line":96},"3":{"loc":{"start":{"line":142,"column":3},"end":{"line":160,"column":4}},"type":"if","locations":[{"start":{"line":142,"column":3},"end":{"line":160,"column":4}},{"start":{"line":142,"column":3},"end":{"line":160,"column":4}}],"line":142},"4":{"loc":{"start":{"line":147,"column":4},"end":{"line":154,"column":5}},"type":"if","locations":[{"start":{"line":147,"column":4},"end":{"line":154,"column":5}},{"start":{"line":147,"column":4},"end":{"line":154,"column":5}}],"line":147},"5":{"loc":{"start":{"line":166,"column":2},"end":{"line":166,"column":105}},"type":"cond-expr","locations":[{"start":{"line":166,"column":34},"end":{"line":166,"column":98}},{"start":{"line":166,"column":101},"end":{"line":166,"column":105}}],"line":166},"6":{"loc":{"start":{"line":166,"column":2},"end":{"line":166,"column":31}},"type":"binary-expr","locations":[{"start":{"line":166,"column":2},"end":{"line":166,"column":16}},{"start":{"line":166,"column":20},"end":{"line":166,"column":31}}],"line":166},"7":{"loc":{"start":{"line":180,"column":56},"end":{"line":180,"column":140}},"type":"binary-expr","locations":[{"start":{"line":180,"column":56},"end":{"line":180,"column":95}},{"start":{"line":180,"column":99},"end":{"line":180,"column":140}}],"line":180},"8":{"loc":{"start":{"line":204,"column":18},"end":{"line":204,"column":83}},"type":"cond-expr","locations":[{"start":{"line":204,"column":53},"end":{"line":204,"column":76}},{"start":{"line":204,"column":79},"end":{"line":204,"column":83}}],"line":204},"9":{"loc":{"start":{"line":205,"column":2},"end":{"line":207,"column":3}},"type":"if","locations":[{"start":{"line":205,"column":2},"end":{"line":207,"column":3}},{"start":{"line":205,"column":2},"end":{"line":207,"column":3}}],"line":205},"10":{"loc":{"start":{"line":205,"column":6},"end":{"line":205,"column":50}},"type":"binary-expr","locations":[{"start":{"line":205,"column":6},"end":{"line":205,"column":13}},{"start":{"line":205,"column":17},"end":{"line":205,"column":50}}],"line":205},"11":{"loc":{"start":{"line":238,"column":6},"end":{"line":239,"column":52}},"type":"cond-expr","locations":[{"start":{"line":239,"column":6},"end":{"line":239,"column":45}},{"start":{"line":239,"column":48},"end":{"line":239,"column":52}}],"line":238},"12":{"loc":{"start":{"line":241,"column":5},"end":{"line":241,"column":66}},"type":"cond-expr","locations":[{"start":{"line":241,"column":24},"end":{"line":241,"column":59}},{"start":{"line":241,"column":62},"end":{"line":241,"column":66}}],"line":241}},"s":{"0":1,"1":0,"2":1,"3":9,"4":9,"5":9,"6":9,"7":9,"8":9,"9":9,"10":9,"11":9,"12":9,"13":0,"14":0,"15":0,"16":0,"17":0,"18":0,"19":0,"20":0,"21":0,"22":0,"23":0,"24":0,"25":0,"26":0,"27":0,"28":0,"29":0,"30":0,"31":9,"32":11,"33":11,"34":0,"35":11,"36":9,"37":0,"38":0,"39":0,"40":0,"41":9,"42":9,"43":9,"44":0,"45":0,"46":0,"47":0,"48":2,"49":1,"50":1,"51":0,"52":1,"53":1,"54":1,"55":1,"56":1,"57":1,"58":1,"59":0,"60":10,"61":10,"62":10,"63":10,"64":10,"65":10,"66":10,"67":0,"68":0,"69":0,"70":1,"71":1,"72":12},"f":{"0":0,"1":9,"2":0,"3":0,"4":0,"5":0,"6":0,"7":0,"8":0,"9":0,"10":0,"11":0,"12":9,"13":11,"14":11,"15":0,"16":0,"17":0,"18":2,"19":1,"20":1,"21":0,"22":1,"23":1,"24":1,"25":1,"26":0,"27":10,"28":10,"29":0,"30":0,"31":12},"b":{"0":[0,0],"1":[0,0],"2":[0],"3":[0,11],"4":[0,9],"5":[1,1],"6":[2,1],"7":[0,0],"8":[1,9],"9":[10,0],"10":[10,9],"11":[1,9],"12":[0,10]},"_coverageSchema":"332fd63041d2c1bcb487cc26dd0d5f7d97098a6c","hash":"575ecd75178ed15400a116469fe97588d4b28796"}
,"/Users/grzegorzwypych/MSS_Development/FishMap/src/screens/ProfileScreen.js": {"path":"/Users/grzegorzwypych/MSS_Development/FishMap/src/screens/ProfileScreen.js","statementMap":{"0":{"start":{"line":16,"column":2},"end":{"line":16,"column":40}}},"fnMap":{"0":{"name":"(anonymous_0)","decl":{"start":{"line":15,"column":1},"end":{"line":15,"column":2}},"loc":{"start":{"line":15,"column":10},"end":{"line":17,"column":2}},"line":15}},"branchMap":{},"s":{"0":1},"f":{"0":1},"b":{},"_coverageSchema":"332fd63041d2c1bcb487cc26dd0d5f7d97098a6c","hash":"e89ab6ad60a29a9ccf368a249b5283381ad35ff6"}
,"/Users/grzegorzwypych/MSS_Development/FishMap/src/screens/SettingScreen.js": {"path":"/Users/grzegorzwypych/MSS_Development/FishMap/src/screens/SettingScreen.js","statementMap":{"0":{"start":{"line":25,"column":2},"end":{"line":25,"column":10}},"1":{"start":{"line":27,"column":2},"end":{"line":27,"column":41}},"2":{"start":{"line":29,"column":2},"end":{"line":36,"column":4}},"3":{"start":{"line":41,"column":26},"end":{"line":41,"column":42}},"4":{"start":{"line":43,"column":2},"end":{"line":49,"column":4}},"5":{"start":{"line":57,"column":2},"end":{"line":73,"column":3}},"6":{"start":{"line":58,"column":3},"end":{"line":58,"column":51}},"7":{"start":{"line":59,"column":3},"end":{"line":67,"column":6}},"8":{"start":{"line":60,"column":4},"end":{"line":66,"column":5}},"9":{"start":{"line":61,"column":24},"end":{"line":64,"column":29}},"10":{"start":{"line":61,"column":42},"end":{"line":64,"column":7}},"11":{"start":{"line":65,"column":5},"end":{"line":65,"column":52}},"12":{"start":{"line":70,"column":3},"end":{"line":70,"column":39}},"13":{"start":{"line":71,"column":3},"end":{"line":71,"column":50}},"14":{"start":{"line":79,"column":2},"end":{"line":111,"column":4}},"15":{"start":{"line":92,"column":28},"end":{"line":92,"column":42}},"16":{"start":{"line":97,"column":37},"end":{"line":97,"column":85}},"17":{"start":{"line":115,"column":15},"end":{"line":182,"column":2}},"18":{"start":{"line":185,"column":24},"end":{"line":194,"column":1}},"19":{"start":{"line":186,"column":1},"end":{"line":193,"column":3}}},"fnMap":{"0":{"name":"(anonymous_0)","decl":{"start":{"line":24,"column":1},"end":{"line":24,"column":2}},"loc":{"start":{"line":24,"column":15},"end":{"line":37,"column":2}},"line":24},"1":{"name":"(anonymous_1)","decl":{"start":{"line":39,"column":28},"end":{"line":39,"column":29}},"loc":{"start":{"line":39,"column":48},"end":{"line":50,"column":2}},"line":39},"2":{"name":"(anonymous_2)","decl":{"start":{"line":56,"column":1},"end":{"line":56,"column":2}},"loc":{"start":{"line":56,"column":11},"end":{"line":74,"column":2}},"line":56},"3":{"name":"(anonymous_3)","decl":{"start":{"line":59,"column":38},"end":{"line":59,"column":39}},"loc":{"start":{"line":59,"column":47},"end":{"line":67,"column":4}},"line":59},"4":{"name":"(anonymous_4)","decl":{"start":{"line":61,"column":36},"end":{"line":61,"column":37}},"loc":{"start":{"line":61,"column":42},"end":{"line":64,"column":7}},"line":61},"5":{"name":"(anonymous_5)","decl":{"start":{"line":77,"column":1},"end":{"line":77,"column":2}},"loc":{"start":{"line":77,"column":10},"end":{"line":112,"column":2}},"line":77},"6":{"name":"(anonymous_6)","decl":{"start":{"line":92,"column":22},"end":{"line":92,"column":23}},"loc":{"start":{"line":92,"column":28},"end":{"line":92,"column":42}},"line":92},"7":{"name":"(anonymous_7)","decl":{"start":{"line":97,"column":31},"end":{"line":97,"column":32}},"loc":{"start":{"line":97,"column":37},"end":{"line":97,"column":85}},"line":97},"8":{"name":"(anonymous_8)","decl":{"start":{"line":185,"column":24},"end":{"line":185,"column":25}},"loc":{"start":{"line":185,"column":33},"end":{"line":194,"column":1}},"line":185}},"branchMap":{"0":{"loc":{"start":{"line":41,"column":10},"end":{"line":41,"column":21}},"type":"default-arg","locations":[{"start":{"line":41,"column":19},"end":{"line":41,"column":21}}],"line":41},"1":{"loc":{"start":{"line":57,"column":2},"end":{"line":73,"column":3}},"type":"if","locations":[{"start":{"line":57,"column":2},"end":{"line":73,"column":3}},{"start":{"line":57,"column":2},"end":{"line":73,"column":3}}],"line":57},"2":{"loc":{"start":{"line":60,"column":4},"end":{"line":66,"column":5}},"type":"if","locations":[{"start":{"line":60,"column":4},"end":{"line":66,"column":5}},{"start":{"line":60,"column":4},"end":{"line":66,"column":5}}],"line":60}},"s":{"0":5,"1":5,"2":5,"3":0,"4":0,"5":2,"6":1,"7":1,"8":1,"9":1,"10":0,"11":1,"12":1,"13":1,"14":7,"15":2,"16":1,"17":1,"18":1,"19":5},"f":{"0":5,"1":0,"2":2,"3":1,"4":0,"5":7,"6":2,"7":1,"8":5},"b":{"0":[0],"1":[1,1],"2":[1,0]},"_coverageSchema":"332fd63041d2c1bcb487cc26dd0d5f7d97098a6c","hash":"da466b481db6f494950a7dcd297c60924a0eae85"}
}
