{"/Users/grzegorzwypych/MSS_Development/FishMap/src/actions/fishmarks.js": {"path":"/Users/grzegorzwypych/MSS_Development/FishMap/src/actions/fishmarks.js","statementMap":{"0":{"start":{"line":1,"column":13},"end":{"line":1,"column":75}},"1":{"start":{"line":1,"column":75},"end":{"line":1,"column":580}},"2":{"start":{"line":1,"column":597},"end":{"line":1,"column":630}},"3":{"start":{"line":20,"column":18},"end":{"line":22,"column":18}},"4":{"start":{"line":20,"column":46},"end":{"line":22,"column":17}},"5":{"start":{"line":22,"column":19},"end":{"line":22,"column":53}},"6":{"start":{"line":25,"column":29},"end":{"line":28,"column":26}},"7":{"start":{"line":25,"column":82},"end":{"line":28,"column":25}},"8":{"start":{"line":28,"column":27},"end":{"line":28,"column":83}},"9":{"start":{"line":31,"column":29},"end":{"line":33,"column":26}},"10":{"start":{"line":31,"column":72},"end":{"line":33,"column":25}},"11":{"start":{"line":33,"column":27},"end":{"line":33,"column":83}},"12":{"start":{"line":36,"column":24},"end":{"line":37,"column":49}},"13":{"start":{"line":36,"column":54},"end":{"line":37,"column":48}},"14":{"start":{"line":37,"column":50},"end":{"line":37,"column":96}},"15":{"start":{"line":40,"column":30},"end":{"line":41,"column":47}},"16":{"start":{"line":40,"column":66},"end":{"line":41,"column":46}},"17":{"start":{"line":41,"column":48},"end":{"line":41,"column":106}},"18":{"start":{"line":44,"column":29},"end":{"line":45,"column":45}},"19":{"start":{"line":44,"column":64},"end":{"line":45,"column":44}},"20":{"start":{"line":45,"column":46},"end":{"line":45,"column":102}},"21":{"start":{"line":48,"column":34},"end":{"line":50,"column":28}},"22":{"start":{"line":48,"column":83},"end":{"line":50,"column":27}},"23":{"start":{"line":50,"column":29},"end":{"line":50,"column":95}},"24":{"start":{"line":54,"column":26},"end":{"line":57,"column":20}},"25":{"start":{"line":54,"column":69},"end":{"line":57,"column":19}},"26":{"start":{"line":57,"column":21},"end":{"line":57,"column":71}},"27":{"start":{"line":60,"column":27},"end":{"line":64,"column":36}},"28":{"start":{"line":60,"column":90},"end":{"line":64,"column":35}},"29":{"start":{"line":64,"column":37},"end":{"line":64,"column":89}},"30":{"start":{"line":67,"column":22},"end":{"line":69,"column":18}},"31":{"start":{"line":67,"column":54},"end":{"line":69,"column":17}},"32":{"start":{"line":69,"column":19},"end":{"line":69,"column":61}},"33":{"start":{"line":72,"column":28},"end":{"line":74,"column":18}},"34":{"start":{"line":72,"column":66},"end":{"line":74,"column":17}},"35":{"start":{"line":74,"column":19},"end":{"line":74,"column":73}},"36":{"start":{"line":77,"column":34},"end":{"line":79,"column":24}},"37":{"start":{"line":77,"column":81},"end":{"line":79,"column":23}},"38":{"start":{"line":79,"column":25},"end":{"line":79,"column":91}},"39":{"start":{"line":82,"column":28},"end":{"line":85,"column":22}},"40":{"start":{"line":82,"column":77},"end":{"line":85,"column":21}},"41":{"start":{"line":85,"column":23},"end":{"line":85,"column":77}},"42":{"start":{"line":88,"column":26},"end":{"line":90,"column":28}},"43":{"start":{"line":88,"column":67},"end":{"line":90,"column":27}},"44":{"start":{"line":90,"column":29},"end":{"line":90,"column":79}},"45":{"start":{"line":93,"column":29},"end":{"line":95,"column":24}},"46":{"start":{"line":93,"column":71},"end":{"line":95,"column":23}},"47":{"start":{"line":95,"column":25},"end":{"line":95,"column":81}},"48":{"start":{"line":98,"column":21},"end":{"line":100,"column":26}},"49":{"start":{"line":98,"column":56},"end":{"line":100,"column":25}},"50":{"start":{"line":100,"column":27},"end":{"line":100,"column":67}}},"fnMap":{"0":{"name":"setFishmark","decl":{"start":{"line":20,"column":27},"end":{"line":20,"column":38}},"loc":{"start":{"line":20,"column":45},"end":{"line":22,"column":18}},"line":20},"1":{"name":"moveToFishmarkPosition","decl":{"start":{"line":25,"column":38},"end":{"line":25,"column":60}},"loc":{"start":{"line":25,"column":81},"end":{"line":28,"column":26}},"line":25},"2":{"name":"deleteFishmarkPosition","decl":{"start":{"line":31,"column":38},"end":{"line":31,"column":60}},"loc":{"start":{"line":31,"column":71},"end":{"line":33,"column":26}},"line":31},"3":{"name":"loadFishPositions","decl":{"start":{"line":36,"column":33},"end":{"line":36,"column":50}},"loc":{"start":{"line":36,"column":53},"end":{"line":37,"column":49}},"line":36},"4":{"name":"loadFishWaypointsOnPush","decl":{"start":{"line":40,"column":39},"end":{"line":40,"column":62}},"loc":{"start":{"line":40,"column":65},"end":{"line":41,"column":47}},"line":40},"5":{"name":"deleteAllUserFishmarks","decl":{"start":{"line":44,"column":38},"end":{"line":44,"column":60}},"loc":{"start":{"line":44,"column":63},"end":{"line":45,"column":45}},"line":44},"6":{"name":"IOsetFishmarksCandidateList","decl":{"start":{"line":48,"column":43},"end":{"line":48,"column":70}},"loc":{"start":{"line":48,"column":82},"end":{"line":50,"column":28}},"line":48},"7":{"name":"shareWaypointToPeer","decl":{"start":{"line":54,"column":35},"end":{"line":54,"column":54}},"loc":{"start":{"line":54,"column":68},"end":{"line":57,"column":20}},"line":54},"8":{"name":"shareWaypointChecked","decl":{"start":{"line":60,"column":36},"end":{"line":60,"column":56}},"loc":{"start":{"line":60,"column":89},"end":{"line":64,"column":36}},"line":60},"9":{"name":"shareMyWaypoint","decl":{"start":{"line":67,"column":31},"end":{"line":67,"column":46}},"loc":{"start":{"line":67,"column":53},"end":{"line":69,"column":18}},"line":67},"10":{"name":"removeShareMyWaypoint","decl":{"start":{"line":72,"column":37},"end":{"line":72,"column":58}},"loc":{"start":{"line":72,"column":65},"end":{"line":74,"column":18}},"line":72},"11":{"name":"clearSharedCheckedWaypoints","decl":{"start":{"line":77,"column":43},"end":{"line":77,"column":70}},"loc":{"start":{"line":77,"column":80},"end":{"line":79,"column":24}},"line":77},"12":{"name":"uncheckWaypointShared","decl":{"start":{"line":82,"column":37},"end":{"line":82,"column":58}},"loc":{"start":{"line":82,"column":76},"end":{"line":85,"column":22}},"line":82},"13":{"name":"saveSharedWaypoints","decl":{"start":{"line":88,"column":35},"end":{"line":88,"column":54}},"loc":{"start":{"line":88,"column":66},"end":{"line":90,"column":28}},"line":88},"14":{"name":"setMapViewForAnimation","decl":{"start":{"line":93,"column":38},"end":{"line":93,"column":60}},"loc":{"start":{"line":93,"column":70},"end":{"line":95,"column":24}},"line":93},"15":{"name":"selectWaypoint","decl":{"start":{"line":98,"column":30},"end":{"line":98,"column":44}},"loc":{"start":{"line":98,"column":55},"end":{"line":100,"column":26}},"line":98}},"branchMap":{},"s":{"0":1,"1":1,"2":1,"3":1,"4":1,"5":1,"6":1,"7":0,"8":1,"9":1,"10":1,"11":1,"12":1,"13":0,"14":1,"15":1,"16":0,"17":1,"18":1,"19":0,"20":1,"21":1,"22":1,"23":1,"24":1,"25":0,"26":1,"27":1,"28":0,"29":1,"30":1,"31":1,"32":1,"33":1,"34":0,"35":1,"36":1,"37":0,"38":1,"39":1,"40":0,"41":1,"42":1,"43":0,"44":1,"45":1,"46":0,"47":1,"48":1,"49":1,"50":1},"f":{"0":1,"1":0,"2":1,"3":0,"4":0,"5":0,"6":1,"7":0,"8":0,"9":1,"10":0,"11":0,"12":0,"13":0,"14":0,"15":1},"b":{},"_coverageSchema":"332fd63041d2c1bcb487cc26dd0d5f7d97098a6c","hash":"5b9bedb6e9b5a93582f045700e0fda8b02273e35"}
,"/Users/grzegorzwypych/MSS_Development/FishMap/src/actions/user.js": {"path":"/Users/grzegorzwypych/MSS_Development/FishMap/src/actions/user.js","statementMap":{"0":{"start":{"line":1,"column":13},"end":{"line":1,"column":75}},"1":{"start":{"line":1,"column":75},"end":{"line":1,"column":451}},"2":{"start":{"line":1,"column":468},"end":{"line":1,"column":501}},"3":{"start":{"line":20,"column":18},"end":{"line":22,"column":18}},"4":{"start":{"line":20,"column":46},"end":{"line":22,"column":17}},"5":{"start":{"line":22,"column":19},"end":{"line":22,"column":53}},"6":{"start":{"line":25,"column":13},"end":{"line":26,"column":31}},"7":{"start":{"line":25,"column":32},"end":{"line":26,"column":30}},"8":{"start":{"line":26,"column":32},"end":{"line":26,"column":56}},"9":{"start":{"line":29,"column":12},"end":{"line":31,"column":18}},"10":{"start":{"line":29,"column":34},"end":{"line":31,"column":17}},"11":{"start":{"line":31,"column":19},"end":{"line":31,"column":41}},"12":{"start":{"line":34,"column":20},"end":{"line":36,"column":18}},"13":{"start":{"line":34,"column":50},"end":{"line":36,"column":17}},"14":{"start":{"line":36,"column":19},"end":{"line":36,"column":57}},"15":{"start":{"line":40,"column":24},"end":{"line":42,"column":18}},"16":{"start":{"line":40,"column":58},"end":{"line":42,"column":17}},"17":{"start":{"line":42,"column":19},"end":{"line":42,"column":65}},"18":{"start":{"line":45,"column":21},"end":{"line":48,"column":22}},"19":{"start":{"line":45,"column":64},"end":{"line":48,"column":21}},"20":{"start":{"line":48,"column":23},"end":{"line":48,"column":63}},"21":{"start":{"line":51,"column":22},"end":{"line":52,"column":42}},"22":{"start":{"line":51,"column":50},"end":{"line":52,"column":41}},"23":{"start":{"line":52,"column":43},"end":{"line":52,"column":85}},"24":{"start":{"line":55,"column":26},"end":{"line":57,"column":23}},"25":{"start":{"line":55,"column":64},"end":{"line":57,"column":22}},"26":{"start":{"line":57,"column":24},"end":{"line":57,"column":74}},"27":{"start":{"line":61,"column":21},"end":{"line":63,"column":34}},"28":{"start":{"line":61,"column":60},"end":{"line":63,"column":33}},"29":{"start":{"line":63,"column":35},"end":{"line":63,"column":75}},"30":{"start":{"line":67,"column":26},"end":{"line":69,"column":30}},"31":{"start":{"line":67,"column":68},"end":{"line":69,"column":29}},"32":{"start":{"line":69,"column":31},"end":{"line":69,"column":81}},"33":{"start":{"line":73,"column":20},"end":{"line":75,"column":28}},"34":{"start":{"line":73,"column":55},"end":{"line":75,"column":27}},"35":{"start":{"line":75,"column":29},"end":{"line":75,"column":67}},"36":{"start":{"line":78,"column":26},"end":{"line":80,"column":26}},"37":{"start":{"line":78,"column":66},"end":{"line":80,"column":25}},"38":{"start":{"line":80,"column":27},"end":{"line":80,"column":77}},"39":{"start":{"line":83,"column":18},"end":{"line":85,"column":22}},"40":{"start":{"line":83,"column":48},"end":{"line":85,"column":21}},"41":{"start":{"line":85,"column":23},"end":{"line":85,"column":57}},"42":{"start":{"line":88,"column":23},"end":{"line":90,"column":22}},"43":{"start":{"line":88,"column":58},"end":{"line":90,"column":21}},"44":{"start":{"line":90,"column":23},"end":{"line":90,"column":67}},"45":{"start":{"line":93,"column":19},"end":{"line":95,"column":20}},"46":{"start":{"line":93,"column":49},"end":{"line":95,"column":19}},"47":{"start":{"line":95,"column":21},"end":{"line":95,"column":57}}},"fnMap":{"0":{"name":"setUserData","decl":{"start":{"line":20,"column":27},"end":{"line":20,"column":38}},"loc":{"start":{"line":20,"column":45},"end":{"line":22,"column":18}},"line":20},"1":{"name":"logout","decl":{"start":{"line":25,"column":22},"end":{"line":25,"column":28}},"loc":{"start":{"line":25,"column":31},"end":{"line":26,"column":31}},"line":25},"2":{"name":"login","decl":{"start":{"line":29,"column":21},"end":{"line":29,"column":26}},"loc":{"start":{"line":29,"column":33},"end":{"line":31,"column":18}},"line":29},"3":{"name":"createAccount","decl":{"start":{"line":34,"column":29},"end":{"line":34,"column":42}},"loc":{"start":{"line":34,"column":49},"end":{"line":36,"column":18}},"line":34},"4":{"name":"resendVerifyEmail","decl":{"start":{"line":40,"column":33},"end":{"line":40,"column":50}},"loc":{"start":{"line":40,"column":57},"end":{"line":42,"column":18}},"line":40},"5":{"name":"checkAuthToken","decl":{"start":{"line":45,"column":30},"end":{"line":45,"column":44}},"loc":{"start":{"line":45,"column":63},"end":{"line":48,"column":22}},"line":45},"6":{"name":"getUserLocation","decl":{"start":{"line":51,"column":31},"end":{"line":51,"column":46}},"loc":{"start":{"line":51,"column":49},"end":{"line":52,"column":42}},"line":51},"7":{"name":"changeReceiveStatus","decl":{"start":{"line":55,"column":35},"end":{"line":55,"column":54}},"loc":{"start":{"line":55,"column":63},"end":{"line":57,"column":23}},"line":55},"8":{"name":"changeDuration","decl":{"start":{"line":61,"column":30},"end":{"line":61,"column":44}},"loc":{"start":{"line":61,"column":59},"end":{"line":63,"column":34}},"line":61},"9":{"name":"emitWaypointReceive","decl":{"start":{"line":67,"column":35},"end":{"line":67,"column":54}},"loc":{"start":{"line":67,"column":67},"end":{"line":69,"column":30}},"line":67},"10":{"name":"setIntervalID","decl":{"start":{"line":73,"column":29},"end":{"line":73,"column":42}},"loc":{"start":{"line":73,"column":54},"end":{"line":75,"column":28}},"line":73},"11":{"name":"setSelectedDuration","decl":{"start":{"line":78,"column":35},"end":{"line":78,"column":54}},"loc":{"start":{"line":78,"column":65},"end":{"line":80,"column":26}},"line":78},"12":{"name":"setIOSocket","decl":{"start":{"line":83,"column":27},"end":{"line":83,"column":38}},"loc":{"start":{"line":83,"column":47},"end":{"line":85,"column":22}},"line":83},"13":{"name":"setIntervalAlive","decl":{"start":{"line":88,"column":32},"end":{"line":88,"column":48}},"loc":{"start":{"line":88,"column":57},"end":{"line":90,"column":22}},"line":88},"14":{"name":"shareToEmail","decl":{"start":{"line":93,"column":28},"end":{"line":93,"column":40}},"loc":{"start":{"line":93,"column":48},"end":{"line":95,"column":20}},"line":93}},"branchMap":{},"s":{"0":4,"1":4,"2":4,"3":4,"4":0,"5":4,"6":4,"7":0,"8":4,"9":4,"10":1,"11":4,"12":4,"13":1,"14":4,"15":4,"16":0,"17":4,"18":4,"19":19,"20":4,"21":4,"22":0,"23":4,"24":4,"25":0,"26":4,"27":4,"28":0,"29":4,"30":4,"31":2,"32":4,"33":4,"34":0,"35":4,"36":4,"37":0,"38":4,"39":4,"40":0,"41":4,"42":4,"43":0,"44":4,"45":4,"46":0,"47":4},"f":{"0":0,"1":0,"2":1,"3":1,"4":0,"5":19,"6":0,"7":0,"8":0,"9":2,"10":0,"11":0,"12":0,"13":0,"14":0},"b":{},"_coverageSchema":"332fd63041d2c1bcb487cc26dd0d5f7d97098a6c","hash":"87283c082dfbe123328f0bb5e909b49fb96341ef"}
,"/Users/grzegorzwypych/MSS_Development/FishMap/src/assets/fishmap-lightsky.png": {"path":"/Users/grzegorzwypych/MSS_Development/FishMap/src/assets/fishmap-lightsky.png","statementMap":{"0":{"start":{"line":1,"column":0},"end":{"line":4,"column":6}}},"fnMap":{},"branchMap":{},"s":{"0":1},"f":{},"b":{},"_coverageSchema":"332fd63041d2c1bcb487cc26dd0d5f7d97098a6c","hash":"9900b99ef21c3b0156bd47155e04869a90863907"}
,"/Users/grzegorzwypych/MSS_Development/FishMap/src/assets/perch.png": {"path":"/Users/grzegorzwypych/MSS_Development/FishMap/src/assets/perch.png","statementMap":{"0":{"start":{"line":1,"column":0},"end":{"line":4,"column":6}}},"fnMap":{},"branchMap":{},"s":{"0":1},"f":{},"b":{},"_coverageSchema":"332fd63041d2c1bcb487cc26dd0d5f7d97098a6c","hash":"a60a12634d7142586444130c4402b5969abd4132"}
,"/Users/grzegorzwypych/MSS_Development/FishMap/src/common/utils.js": {"path":"/Users/grzegorzwypych/MSS_Development/FishMap/src/common/utils.js","statementMap":{"0":{"start":{"line":1,"column":13},"end":{"line":1,"column":75}},"1":{"start":{"line":1,"column":75},"end":{"line":1,"column":192}},"2":{"start":{"line":1,"column":211},"end":{"line":1,"column":234}},"3":{"start":{"line":3,"column":19},"end":{"line":12,"column":1}},"4":{"start":{"line":4,"column":2},"end":{"line":10,"column":24}},"5":{"start":{"line":8,"column":45},"end":{"line":8,"column":82}},"6":{"start":{"line":12,"column":2},"end":{"line":12,"column":38}},"7":{"start":{"line":14,"column":23},"end":{"line":26,"column":1}},"8":{"start":{"line":15,"column":15},"end":{"line":15,"column":17}},"9":{"start":{"line":16,"column":15},"end":{"line":16,"column":17}},"10":{"start":{"line":18,"column":2},"end":{"line":20,"column":3}},"11":{"start":{"line":19,"column":4},"end":{"line":19,"column":34}},"12":{"start":{"line":22,"column":2},"end":{"line":24,"column":3}},"13":{"start":{"line":23,"column":4},"end":{"line":23,"column":28}},"14":{"start":{"line":25,"column":2},"end":{"line":25,"column":16}},"15":{"start":{"line":26,"column":2},"end":{"line":26,"column":46}},"16":{"start":{"line":28,"column":15},"end":{"line":28,"column":90}},"17":{"start":{"line":28,"column":41},"end":{"line":28,"column":89}},"18":{"start":{"line":28,"column":91},"end":{"line":28,"column":119}},"19":{"start":{"line":29,"column":18},"end":{"line":29,"column":99}},"20":{"start":{"line":29,"column":47},"end":{"line":29,"column":98}},"21":{"start":{"line":29,"column":100},"end":{"line":29,"column":134}},"22":{"start":{"line":30,"column":15},"end":{"line":30,"column":115}},"23":{"start":{"line":30,"column":41},"end":{"line":30,"column":114}},"24":{"start":{"line":30,"column":116},"end":{"line":30,"column":144}}},"fnMap":{"0":{"name":"displayAlert","decl":{"start":{"line":3,"column":28},"end":{"line":3,"column":40}},"loc":{"start":{"line":3,"column":53},"end":{"line":12,"column":1}},"line":3},"1":{"name":"onPress","decl":{"start":{"line":8,"column":34},"end":{"line":8,"column":41}},"loc":{"start":{"line":8,"column":44},"end":{"line":8,"column":83}},"line":8},"2":{"name":"removeDuplicates","decl":{"start":{"line":14,"column":32},"end":{"line":14,"column":48}},"loc":{"start":{"line":14,"column":60},"end":{"line":26,"column":1}},"line":14},"3":{"name":"getToken","decl":{"start":{"line":28,"column":24},"end":{"line":28,"column":32}},"loc":{"start":{"line":28,"column":40},"end":{"line":28,"column":90}},"line":28},"4":{"name":"removeToken","decl":{"start":{"line":29,"column":27},"end":{"line":29,"column":38}},"loc":{"start":{"line":29,"column":46},"end":{"line":29,"column":99}},"line":29},"5":{"name":"setToken","decl":{"start":{"line":30,"column":24},"end":{"line":30,"column":32}},"loc":{"start":{"line":30,"column":40},"end":{"line":30,"column":115}},"line":30}},"branchMap":{},"s":{"0":3,"1":3,"2":3,"3":3,"4":0,"5":0,"6":3,"7":3,"8":0,"9":0,"10":0,"11":0,"12":0,"13":0,"14":0,"15":3,"16":3,"17":0,"18":3,"19":3,"20":0,"21":3,"22":3,"23":0,"24":3},"f":{"0":0,"1":0,"2":0,"3":0,"4":0,"5":0},"b":{},"_coverageSchema":"332fd63041d2c1bcb487cc26dd0d5f7d97098a6c","hash":"1ae52a2521700d0f82a52f933666d59b5a909125"}
,"/Users/grzegorzwypych/MSS_Development/FishMap/src/components/EditedItem.js": {"path":"/Users/grzegorzwypych/MSS_Development/FishMap/src/components/EditedItem.js","statementMap":{"0":{"start":{"line":1,"column":13},"end":{"line":1,"column":75}},"1":{"start":{"line":1,"column":75},"end":{"line":1,"column":103}},"2":{"start":{"line":1,"column":116},"end":{"line":1,"column":168}},"3":{"start":{"line":2,"column":19},"end":{"line":2,"column":42}},"4":{"start":{"line":3,"column":17},"end":{"line":3,"column":74}},"5":{"start":{"line":3,"column":94},"end":{"line":3,"column":170}},"6":{"start":{"line":5,"column":17},"end":{"line":24,"column":1}},"7":{"start":{"line":7,"column":2},"end":{"line":18,"column":171}},"8":{"start":{"line":9,"column":127},"end":{"line":9,"column":177}},"9":{"start":{"line":15,"column":127},"end":{"line":15,"column":180}},"10":{"start":{"line":24,"column":2},"end":{"line":24,"column":34}},"11":{"start":{"line":25,"column":0},"end":{"line":27,"column":36}},"12":{"start":{"line":30,"column":13},"end":{"line":100,"column":28}}},"fnMap":{"0":{"name":"EditedItem","decl":{"start":{"line":5,"column":26},"end":{"line":5,"column":36}},"loc":{"start":{"line":5,"column":44},"end":{"line":24,"column":1}},"line":5},"1":{"name":"onPress","decl":{"start":{"line":9,"column":116},"end":{"line":9,"column":123}},"loc":{"start":{"line":9,"column":126},"end":{"line":9,"column":178}},"line":9},"2":{"name":"onPress","decl":{"start":{"line":15,"column":116},"end":{"line":15,"column":123}},"loc":{"start":{"line":15,"column":126},"end":{"line":15,"column":181}},"line":15}},"branchMap":{},"s":{"0":2,"1":2,"2":2,"3":2,"4":2,"5":2,"6":2,"7":2,"8":1,"9":1,"10":2,"11":2,"12":2},"f":{"0":2,"1":1,"2":1},"b":{},"_coverageSchema":"332fd63041d2c1bcb487cc26dd0d5f7d97098a6c","hash":"0c25f92d34056be4b236b291975d9ffa58aae2d7"}
,"/Users/grzegorzwypych/MSS_Development/FishMap/src/components/FishMarker.js": {"path":"/Users/grzegorzwypych/MSS_Development/FishMap/src/components/FishMarker.js","statementMap":{"0":{"start":{"line":1,"column":13},"end":{"line":1,"column":75}},"1":{"start":{"line":1,"column":75},"end":{"line":1,"column":100}},"2":{"start":{"line":3,"column":13},"end":{"line":3,"column":66}},"3":{"start":{"line":4,"column":19},"end":{"line":4,"column":42}},"4":{"start":{"line":5,"column":23},"end":{"line":5,"column":87}},"5":{"start":{"line":6,"column":17},"end":{"line":6,"column":74}},"6":{"start":{"line":6,"column":94},"end":{"line":6,"column":170}},"7":{"start":{"line":8,"column":13},"end":{"line":24,"column":93}},"8":{"start":{"line":8,"column":59},"end":{"line":8,"column":105}},"9":{"start":{"line":8,"column":105},"end":{"line":8,"column":221}},"10":{"start":{"line":8,"column":222},"end":{"line":24,"column":10}},"11":{"start":{"line":10,"column":19},"end":{"line":12,"column":48}},"12":{"start":{"line":14,"column":6},"end":{"line":21,"column":191}},"13":{"start":{"line":24,"column":10},"end":{"line":24,"column":56}},"14":{"start":{"line":24,"column":56},"end":{"line":24,"column":74}},"15":{"start":{"line":27,"column":0},"end":{"line":31,"column":37}},"16":{"start":{"line":34,"column":0},"end":{"line":34,"column":10}},"17":{"start":{"line":34,"column":11},"end":{"line":34,"column":38}}},"fnMap":{"0":{"name":"(anonymous_0)","decl":{"start":{"line":8,"column":13},"end":{"line":8,"column":14}},"loc":{"start":{"line":8,"column":35},"end":{"line":24,"column":75}},"line":8},"1":{"name":"FishMarker","decl":{"start":{"line":8,"column":45},"end":{"line":8,"column":55}},"loc":{"start":{"line":8,"column":58},"end":{"line":8,"column":222}},"line":8},"2":{"name":"render","decl":{"start":{"line":8,"column":293},"end":{"line":8,"column":299}},"loc":{"start":{"line":9,"column":4},"end":{"line":24,"column":5}},"line":9}},"branchMap":{},"s":{"0":2,"1":2,"2":2,"3":2,"4":2,"5":2,"6":2,"7":2,"8":1,"9":1,"10":2,"11":1,"12":1,"13":2,"14":2,"15":2,"16":2,"17":2},"f":{"0":2,"1":1,"2":1},"b":{},"_coverageSchema":"332fd63041d2c1bcb487cc26dd0d5f7d97098a6c","hash":"96b8ad2cb652d77e2941e432b4c642ee90547e03"}
,"/Users/grzegorzwypych/MSS_Development/FishMap/src/components/UserMarker.js": {"path":"/Users/grzegorzwypych/MSS_Development/FishMap/src/components/UserMarker.js","statementMap":{"0":{"start":{"line":1,"column":13},"end":{"line":1,"column":75}},"1":{"start":{"line":1,"column":75},"end":{"line":1,"column":100}},"2":{"start":{"line":1,"column":113},"end":{"line":1,"column":166}},"3":{"start":{"line":2,"column":23},"end":{"line":2,"column":87}},"4":{"start":{"line":3,"column":17},"end":{"line":3,"column":74}},"5":{"start":{"line":3,"column":94},"end":{"line":3,"column":170}},"6":{"start":{"line":5,"column":13},"end":{"line":18,"column":93}},"7":{"start":{"line":5,"column":59},"end":{"line":5,"column":105}},"8":{"start":{"line":5,"column":105},"end":{"line":5,"column":221}},"9":{"start":{"line":5,"column":222},"end":{"line":18,"column":10}},"10":{"start":{"line":8,"column":19},"end":{"line":10,"column":48}},"11":{"start":{"line":12,"column":6},"end":{"line":14,"column":87}},"12":{"start":{"line":18,"column":10},"end":{"line":18,"column":56}},"13":{"start":{"line":18,"column":56},"end":{"line":18,"column":74}},"14":{"start":{"line":21,"column":0},"end":{"line":21,"column":10}},"15":{"start":{"line":21,"column":11},"end":{"line":21,"column":38}},"16":{"start":{"line":23,"column":0},"end":{"line":24,"column":38}}},"fnMap":{"0":{"name":"(anonymous_0)","decl":{"start":{"line":5,"column":13},"end":{"line":5,"column":14}},"loc":{"start":{"line":5,"column":35},"end":{"line":18,"column":75}},"line":5},"1":{"name":"UserMarker","decl":{"start":{"line":5,"column":45},"end":{"line":5,"column":55}},"loc":{"start":{"line":5,"column":58},"end":{"line":5,"column":222}},"line":5},"2":{"name":"render","decl":{"start":{"line":5,"column":293},"end":{"line":5,"column":299}},"loc":{"start":{"line":7,"column":4},"end":{"line":18,"column":5}},"line":7}},"branchMap":{},"s":{"0":2,"1":2,"2":2,"3":2,"4":2,"5":2,"6":2,"7":1,"8":1,"9":2,"10":1,"11":1,"12":2,"13":2,"14":2,"15":2,"16":2},"f":{"0":2,"1":1,"2":1},"b":{},"_coverageSchema":"332fd63041d2c1bcb487cc26dd0d5f7d97098a6c","hash":"c25180ec4a7ba0f10ef18b8f554f98f53cdd44bf"}
,"/Users/grzegorzwypych/MSS_Development/FishMap/src/constants/constants.js": {"path":"/Users/grzegorzwypych/MSS_Development/FishMap/src/constants/constants.js","statementMap":{"0":{"start":{"line":1,"column":13},"end":{"line":1,"column":75}},"1":{"start":{"line":1,"column":75},"end":{"line":1,"column":2657}},"2":{"start":{"line":1,"column":2685},"end":{"line":1,"column":2708}},"3":{"start":{"line":1,"column":2709},"end":{"line":1,"column":2763}},"4":{"start":{"line":2,"column":36},"end":{"line":2,"column":67}},"5":{"start":{"line":2,"column":68},"end":{"line":2,"column":138}},"6":{"start":{"line":3,"column":32},"end":{"line":3,"column":59}},"7":{"start":{"line":3,"column":60},"end":{"line":3,"column":122}},"8":{"start":{"line":4,"column":31},"end":{"line":4,"column":57}},"9":{"start":{"line":4,"column":58},"end":{"line":4,"column":118}},"10":{"start":{"line":5,"column":39},"end":{"line":5,"column":73}},"11":{"start":{"line":5,"column":74},"end":{"line":5,"column":150}},"12":{"start":{"line":6,"column":39},"end":{"line":6,"column":73}},"13":{"start":{"line":6,"column":74},"end":{"line":6,"column":150}},"14":{"start":{"line":8,"column":39},"end":{"line":8,"column":73}},"15":{"start":{"line":8,"column":74},"end":{"line":8,"column":150}},"16":{"start":{"line":9,"column":38},"end":{"line":9,"column":71}},"17":{"start":{"line":9,"column":72},"end":{"line":9,"column":146}},"18":{"start":{"line":10,"column":35},"end":{"line":10,"column":65}},"19":{"start":{"line":10,"column":66},"end":{"line":10,"column":134}},"20":{"start":{"line":11,"column":36},"end":{"line":11,"column":67}},"21":{"start":{"line":11,"column":68},"end":{"line":11,"column":138}},"22":{"start":{"line":12,"column":31},"end":{"line":12,"column":57}},"23":{"start":{"line":12,"column":58},"end":{"line":12,"column":118}},"24":{"start":{"line":18,"column":19},"end":{"line":18,"column":35}},"25":{"start":{"line":18,"column":36},"end":{"line":18,"column":72}},"26":{"start":{"line":19,"column":20},"end":{"line":19,"column":35}},"27":{"start":{"line":19,"column":36},"end":{"line":19,"column":74}},"28":{"start":{"line":21,"column":17},"end":{"line":21,"column":29}},"29":{"start":{"line":21,"column":30},"end":{"line":21,"column":62}},"30":{"start":{"line":23,"column":13},"end":{"line":23,"column":21}},"31":{"start":{"line":23,"column":22},"end":{"line":23,"column":46}},"32":{"start":{"line":24,"column":12},"end":{"line":24,"column":19}},"33":{"start":{"line":24,"column":20},"end":{"line":24,"column":42}},"34":{"start":{"line":25,"column":21},"end":{"line":25,"column":37}},"35":{"start":{"line":25,"column":38},"end":{"line":25,"column":78}},"36":{"start":{"line":26,"column":28},"end":{"line":26,"column":51}},"37":{"start":{"line":26,"column":52},"end":{"line":26,"column":106}},"38":{"start":{"line":27,"column":32},"end":{"line":27,"column":59}},"39":{"start":{"line":27,"column":60},"end":{"line":27,"column":122}},"40":{"start":{"line":28,"column":39},"end":{"line":28,"column":80}},"41":{"start":{"line":28,"column":81},"end":{"line":28,"column":157}},"42":{"start":{"line":30,"column":23},"end":{"line":30,"column":41}},"43":{"start":{"line":30,"column":42},"end":{"line":30,"column":86}},"44":{"start":{"line":31,"column":24},"end":{"line":31,"column":43}},"45":{"start":{"line":31,"column":44},"end":{"line":31,"column":90}},"46":{"start":{"line":32,"column":19},"end":{"line":32,"column":33}},"47":{"start":{"line":32,"column":34},"end":{"line":32,"column":70}},"48":{"start":{"line":33,"column":27},"end":{"line":33,"column":49}},"49":{"start":{"line":33,"column":50},"end":{"line":33,"column":102}},"50":{"start":{"line":34,"column":26},"end":{"line":34,"column":47}},"51":{"start":{"line":34,"column":48},"end":{"line":34,"column":98}},"52":{"start":{"line":35,"column":27},"end":{"line":35,"column":49}},"53":{"start":{"line":35,"column":50},"end":{"line":35,"column":102}},"54":{"start":{"line":36,"column":26},"end":{"line":36,"column":47}},"55":{"start":{"line":36,"column":48},"end":{"line":36,"column":98}},"56":{"start":{"line":38,"column":32},"end":{"line":38,"column":59}},"57":{"start":{"line":38,"column":60},"end":{"line":38,"column":122}},"58":{"start":{"line":39,"column":31},"end":{"line":39,"column":57}},"59":{"start":{"line":39,"column":58},"end":{"line":39,"column":118}},"60":{"start":{"line":40,"column":24},"end":{"line":40,"column":43}},"61":{"start":{"line":40,"column":44},"end":{"line":40,"column":90}},"62":{"start":{"line":41,"column":29},"end":{"line":41,"column":53}},"63":{"start":{"line":41,"column":54},"end":{"line":41,"column":110}},"64":{"start":{"line":42,"column":39},"end":{"line":42,"column":73}},"65":{"start":{"line":42,"column":74},"end":{"line":42,"column":150}},"66":{"start":{"line":43,"column":37},"end":{"line":43,"column":69}},"67":{"start":{"line":43,"column":70},"end":{"line":43,"column":142}},"68":{"start":{"line":44,"column":21},"end":{"line":44,"column":37}},"69":{"start":{"line":44,"column":38},"end":{"line":44,"column":78}},"70":{"start":{"line":46,"column":22},"end":{"line":46,"column":39}},"71":{"start":{"line":46,"column":40},"end":{"line":46,"column":82}},"72":{"start":{"line":47,"column":30},"end":{"line":47,"column":55}},"73":{"start":{"line":47,"column":56},"end":{"line":47,"column":114}},"74":{"start":{"line":48,"column":29},"end":{"line":48,"column":53}},"75":{"start":{"line":48,"column":54},"end":{"line":48,"column":110}},"76":{"start":{"line":50,"column":47},"end":{"line":50,"column":89}},"77":{"start":{"line":50,"column":90},"end":{"line":50,"column":182}},"78":{"start":{"line":51,"column":55},"end":{"line":51,"column":105}},"79":{"start":{"line":51,"column":106},"end":{"line":51,"column":214}},"80":{"start":{"line":52,"column":54},"end":{"line":52,"column":103}},"81":{"start":{"line":52,"column":104},"end":{"line":52,"column":210}},"82":{"start":{"line":54,"column":29},"end":{"line":54,"column":53}},"83":{"start":{"line":54,"column":54},"end":{"line":54,"column":110}},"84":{"start":{"line":55,"column":29},"end":{"line":55,"column":53}},"85":{"start":{"line":55,"column":54},"end":{"line":55,"column":110}},"86":{"start":{"line":56,"column":28},"end":{"line":56,"column":51}},"87":{"start":{"line":56,"column":52},"end":{"line":56,"column":106}},"88":{"start":{"line":58,"column":20},"end":{"line":58,"column":35}},"89":{"start":{"line":58,"column":36},"end":{"line":58,"column":74}},"90":{"start":{"line":60,"column":27},"end":{"line":60,"column":49}},"91":{"start":{"line":60,"column":50},"end":{"line":60,"column":102}},"92":{"start":{"line":61,"column":35},"end":{"line":61,"column":65}},"93":{"start":{"line":61,"column":66},"end":{"line":61,"column":134}},"94":{"start":{"line":62,"column":35},"end":{"line":62,"column":65}},"95":{"start":{"line":62,"column":66},"end":{"line":62,"column":134}},"96":{"start":{"line":63,"column":34},"end":{"line":63,"column":63}},"97":{"start":{"line":63,"column":64},"end":{"line":63,"column":130}},"98":{"start":{"line":65,"column":29},"end":{"line":65,"column":53}},"99":{"start":{"line":65,"column":54},"end":{"line":65,"column":110}},"100":{"start":{"line":66,"column":37},"end":{"line":66,"column":69}},"101":{"start":{"line":66,"column":70},"end":{"line":66,"column":142}},"102":{"start":{"line":67,"column":36},"end":{"line":67,"column":67}},"103":{"start":{"line":67,"column":68},"end":{"line":67,"column":138}},"104":{"start":{"line":68,"column":35},"end":{"line":68,"column":65}},"105":{"start":{"line":68,"column":66},"end":{"line":68,"column":134}},"106":{"start":{"line":69,"column":34},"end":{"line":69,"column":63}},"107":{"start":{"line":69,"column":64},"end":{"line":69,"column":130}},"108":{"start":{"line":70,"column":35},"end":{"line":70,"column":65}},"109":{"start":{"line":70,"column":66},"end":{"line":70,"column":134}},"110":{"start":{"line":71,"column":43},"end":{"line":71,"column":81}},"111":{"start":{"line":71,"column":82},"end":{"line":71,"column":166}},"112":{"start":{"line":72,"column":31},"end":{"line":72,"column":57}},"113":{"start":{"line":72,"column":58},"end":{"line":72,"column":118}},"114":{"start":{"line":74,"column":24},"end":{"line":74,"column":43}},"115":{"start":{"line":74,"column":44},"end":{"line":74,"column":90}},"116":{"start":{"line":75,"column":31},"end":{"line":75,"column":57}},"117":{"start":{"line":75,"column":58},"end":{"line":75,"column":118}},"118":{"start":{"line":77,"column":22},"end":{"line":77,"column":39}},"119":{"start":{"line":77,"column":40},"end":{"line":77,"column":82}},"120":{"start":{"line":78,"column":35},"end":{"line":78,"column":65}},"121":{"start":{"line":78,"column":66},"end":{"line":78,"column":134}},"122":{"start":{"line":80,"column":28},"end":{"line":80,"column":51}},"123":{"start":{"line":80,"column":52},"end":{"line":80,"column":106}},"124":{"start":{"line":81,"column":28},"end":{"line":81,"column":51}},"125":{"start":{"line":81,"column":52},"end":{"line":81,"column":106}},"126":{"start":{"line":83,"column":38},"end":{"line":83,"column":71}},"127":{"start":{"line":83,"column":72},"end":{"line":83,"column":146}},"128":{"start":{"line":84,"column":37},"end":{"line":84,"column":69}},"129":{"start":{"line":84,"column":70},"end":{"line":84,"column":142}},"130":{"start":{"line":85,"column":33},"end":{"line":85,"column":61}},"131":{"start":{"line":85,"column":62},"end":{"line":85,"column":126}},"132":{"start":{"line":87,"column":28},"end":{"line":87,"column":51}},"133":{"start":{"line":87,"column":52},"end":{"line":87,"column":106}},"134":{"start":{"line":88,"column":36},"end":{"line":88,"column":67}},"135":{"start":{"line":88,"column":68},"end":{"line":88,"column":138}},"136":{"start":{"line":89,"column":36},"end":{"line":89,"column":67}},"137":{"start":{"line":89,"column":68},"end":{"line":89,"column":138}},"138":{"start":{"line":90,"column":22},"end":{"line":90,"column":39}},"139":{"start":{"line":90,"column":40},"end":{"line":90,"column":82}},"140":{"start":{"line":92,"column":28},"end":{"line":92,"column":51}},"141":{"start":{"line":92,"column":52},"end":{"line":92,"column":106}},"142":{"start":{"line":94,"column":30},"end":{"line":94,"column":55}},"143":{"start":{"line":94,"column":56},"end":{"line":94,"column":114}},"144":{"start":{"line":95,"column":20},"end":{"line":95,"column":35}},"145":{"start":{"line":95,"column":36},"end":{"line":95,"column":74}},"146":{"start":{"line":96,"column":25},"end":{"line":96,"column":45}},"147":{"start":{"line":96,"column":46},"end":{"line":96,"column":94}},"148":{"start":{"line":98,"column":28},"end":{"line":98,"column":51}},"149":{"start":{"line":98,"column":52},"end":{"line":98,"column":106}},"150":{"start":{"line":100,"column":22},"end":{"line":100,"column":39}},"151":{"start":{"line":100,"column":40},"end":{"line":100,"column":82}}},"fnMap":{},"branchMap":{},"s":{"0":5,"1":5,"2":5,"3":5,"4":5,"5":5,"6":5,"7":5,"8":5,"9":5,"10":5,"11":5,"12":5,"13":5,"14":5,"15":5,"16":5,"17":5,"18":5,"19":5,"20":5,"21":5,"22":5,"23":5,"24":5,"25":5,"26":5,"27":5,"28":5,"29":5,"30":5,"31":5,"32":5,"33":5,"34":5,"35":5,"36":5,"37":5,"38":5,"39":5,"40":5,"41":5,"42":5,"43":5,"44":5,"45":5,"46":5,"47":5,"48":5,"49":5,"50":5,"51":5,"52":5,"53":5,"54":5,"55":5,"56":5,"57":5,"58":5,"59":5,"60":5,"61":5,"62":5,"63":5,"64":5,"65":5,"66":5,"67":5,"68":5,"69":5,"70":5,"71":5,"72":5,"73":5,"74":5,"75":5,"76":5,"77":5,"78":5,"79":5,"80":5,"81":5,"82":5,"83":5,"84":5,"85":5,"86":5,"87":5,"88":5,"89":5,"90":5,"91":5,"92":5,"93":5,"94":5,"95":5,"96":5,"97":5,"98":5,"99":5,"100":5,"101":5,"102":5,"103":5,"104":5,"105":5,"106":5,"107":5,"108":5,"109":5,"110":5,"111":5,"112":5,"113":5,"114":5,"115":5,"116":5,"117":5,"118":5,"119":5,"120":5,"121":5,"122":5,"123":5,"124":5,"125":5,"126":5,"127":5,"128":5,"129":5,"130":5,"131":5,"132":5,"133":5,"134":5,"135":5,"136":5,"137":5,"138":5,"139":5,"140":5,"141":5,"142":5,"143":5,"144":5,"145":5,"146":5,"147":5,"148":5,"149":5,"150":5,"151":5},"f":{},"b":{},"_coverageSchema":"332fd63041d2c1bcb487cc26dd0d5f7d97098a6c","hash":"373122cd70bca7127b2a1e678be622f75a508597"}
,"/Users/grzegorzwypych/MSS_Development/FishMap/src/sagas/users.js": {"path":"/Users/grzegorzwypych/MSS_Development/FishMap/src/sagas/users.js","statementMap":{"0":{"start":{"line":1,"column":13},"end":{"line":1,"column":75}},"1":{"start":{"line":1,"column":75},"end":{"line":1,"column":117}},"2":{"start":{"line":1,"column":117},"end":{"line":1,"column":149}},"3":{"start":{"line":1,"column":149},"end":{"line":1,"column":195}},"4":{"start":{"line":1,"column":195},"end":{"line":1,"column":253}},"5":{"start":{"line":1,"column":253},"end":{"line":1,"column":287}},"6":{"start":{"line":1,"column":287},"end":{"line":1,"column":339}},"7":{"start":{"line":1,"column":339},"end":{"line":1,"column":395}},"8":{"start":{"line":1,"column":395},"end":{"line":1,"column":581}},"9":{"start":{"line":1,"column":598},"end":{"line":1,"column":631}},"10":{"start":{"line":25,"column":15},"end":{"line":25,"column":44}},"11":{"start":{"line":26,"column":19},"end":{"line":26,"column":42}},"12":{"start":{"line":27,"column":13},"end":{"line":27,"column":39}},"13":{"start":{"line":29,"column":14},"end":{"line":29,"column":77}},"14":{"start":{"line":29,"column":92},"end":{"line":54,"column":16}},"15":{"start":{"line":54,"column":28},"end":{"line":75,"column":11}},"16":{"start":{"line":75,"column":23},"end":{"line":88,"column":18}},"17":{"start":{"line":88,"column":30},"end":{"line":119,"column":24}},"18":{"start":{"line":119,"column":36},"end":{"line":148,"column":10}},"19":{"start":{"line":148,"column":22},"end":{"line":191,"column":12}},"20":{"start":{"line":191,"column":24},"end":{"line":230,"column":21}},"21":{"start":{"line":230,"column":33},"end":{"line":245,"column":23}},"22":{"start":{"line":245,"column":43},"end":{"line":245,"column":101}},"23":{"start":{"line":245,"column":73},"end":{"line":245,"column":100}},"24":{"start":{"line":245,"column":102},"end":{"line":245,"column":138}},"25":{"start":{"line":245,"column":161},"end":{"line":245,"column":273}},"26":{"start":{"line":245,"column":196},"end":{"line":245,"column":272}},"27":{"start":{"line":245,"column":274},"end":{"line":245,"column":318}},"28":{"start":{"line":245,"column":348},"end":{"line":245,"column":468}},"29":{"start":{"line":245,"column":390},"end":{"line":245,"column":467}},"30":{"start":{"line":245,"column":469},"end":{"line":245,"column":527}},"31":{"start":{"line":245,"column":551},"end":{"line":245,"column":665}},"32":{"start":{"line":245,"column":587},"end":{"line":245,"column":664}},"33":{"start":{"line":245,"column":666},"end":{"line":245,"column":712}},"34":{"start":{"line":245,"column":733},"end":{"line":245,"column":844}},"35":{"start":{"line":245,"column":766},"end":{"line":245,"column":843}},"36":{"start":{"line":245,"column":845},"end":{"line":245,"column":885}},"37":{"start":{"line":245,"column":903},"end":{"line":245,"column":1052}},"38":{"start":{"line":245,"column":934},"end":{"line":245,"column":1051}},"39":{"start":{"line":245,"column":981},"end":{"line":245,"column":1048}},"40":{"start":{"line":245,"column":1053},"end":{"line":245,"column":1087}},"41":{"start":{"line":245,"column":1109},"end":{"line":245,"column":1146}},"42":{"start":{"line":245,"column":1155},"end":{"line":245,"column":1176}},"43":{"start":{"line":245,"column":1186},"end":{"line":245,"column":1208}},"44":{"start":{"line":245,"column":1228},"end":{"line":245,"column":1242}},"45":{"start":{"line":245,"column":1265},"end":{"line":245,"column":1271}},"46":{"start":{"line":245,"column":1294},"end":{"line":245,"column":1324}},"47":{"start":{"line":245,"column":1384},"end":{"line":245,"column":2479}},"48":{"start":{"line":245,"column":1452},"end":{"line":245,"column":2450}},"49":{"start":{"line":245,"column":1463},"end":{"line":245,"column":2449}},"50":{"start":{"line":245,"column":1510},"end":{"line":245,"column":1528}},"51":{"start":{"line":245,"column":1528},"end":{"line":245,"column":1546}},"52":{"start":{"line":245,"column":1546},"end":{"line":245,"column":1650}},"53":{"start":{"line":245,"column":1657},"end":{"line":245,"column":1686}},"54":{"start":{"line":245,"column":1686},"end":{"line":245,"column":1851}},"55":{"start":{"line":245,"column":1851},"end":{"line":245,"column":1897}},"56":{"start":{"line":245,"column":1871},"end":{"line":245,"column":1890}},"57":{"start":{"line":245,"column":1890},"end":{"line":245,"column":1896}},"58":{"start":{"line":245,"column":1897},"end":{"line":245,"column":1915}},"59":{"start":{"line":245,"column":1915},"end":{"line":245,"column":2031}},"60":{"start":{"line":245,"column":2038},"end":{"line":245,"column":2057}},"61":{"start":{"line":245,"column":2057},"end":{"line":245,"column":2063}},"62":{"start":{"line":245,"column":2071},"end":{"line":245,"column":2090}},"63":{"start":{"line":245,"column":2090},"end":{"line":245,"column":2200}},"64":{"start":{"line":245,"column":2208},"end":{"line":245,"column":2227}},"65":{"start":{"line":245,"column":2227},"end":{"line":245,"column":2233}},"66":{"start":{"line":245,"column":2241},"end":{"line":245,"column":2260}},"67":{"start":{"line":245,"column":2260},"end":{"line":245,"column":2295}},"68":{"start":{"line":245,"column":2295},"end":{"line":245,"column":2314}},"69":{"start":{"line":245,"column":2314},"end":{"line":245,"column":2406}},"70":{"start":{"line":245,"column":2425},"end":{"line":245,"column":2448}},"71":{"start":{"line":245,"column":2512},"end":{"line":245,"column":3382}},"72":{"start":{"line":245,"column":2576},"end":{"line":245,"column":3352}},"73":{"start":{"line":245,"column":2587},"end":{"line":245,"column":3351}},"74":{"start":{"line":245,"column":2636},"end":{"line":245,"column":2655}},"75":{"start":{"line":245,"column":2655},"end":{"line":245,"column":2674}},"76":{"start":{"line":245,"column":2674},"end":{"line":245,"column":2729}},"77":{"start":{"line":245,"column":2736},"end":{"line":245,"column":2755}},"78":{"start":{"line":245,"column":2755},"end":{"line":245,"column":2807}},"79":{"start":{"line":245,"column":2814},"end":{"line":245,"column":2836}},"80":{"start":{"line":245,"column":2836},"end":{"line":245,"column":2874}},"81":{"start":{"line":245,"column":2847},"end":{"line":245,"column":2867}},"82":{"start":{"line":245,"column":2867},"end":{"line":245,"column":2873}},"83":{"start":{"line":245,"column":2874},"end":{"line":245,"column":2893}},"84":{"start":{"line":245,"column":2893},"end":{"line":245,"column":2987}},"85":{"start":{"line":245,"column":2994},"end":{"line":245,"column":3014}},"86":{"start":{"line":245,"column":3014},"end":{"line":245,"column":3092}},"87":{"start":{"line":245,"column":3100},"end":{"line":245,"column":3120}},"88":{"start":{"line":245,"column":3120},"end":{"line":245,"column":3126}},"89":{"start":{"line":245,"column":3134},"end":{"line":245,"column":3154}},"90":{"start":{"line":245,"column":3154},"end":{"line":245,"column":3191}},"91":{"start":{"line":245,"column":3191},"end":{"line":245,"column":3211}},"92":{"start":{"line":245,"column":3211},"end":{"line":245,"column":3307}},"93":{"start":{"line":245,"column":3326},"end":{"line":245,"column":3350}},"94":{"start":{"line":245,"column":3459},"end":{"line":245,"column":4728}},"95":{"start":{"line":245,"column":3530},"end":{"line":245,"column":4698}},"96":{"start":{"line":245,"column":3541},"end":{"line":245,"column":4697}},"97":{"start":{"line":245,"column":3590},"end":{"line":245,"column":3609}},"98":{"start":{"line":245,"column":3609},"end":{"line":245,"column":3635}},"99":{"start":{"line":245,"column":3635},"end":{"line":245,"column":3688}},"100":{"start":{"line":245,"column":3688},"end":{"line":245,"column":3820}},"101":{"start":{"line":245,"column":3820},"end":{"line":245,"column":3839}},"102":{"start":{"line":245,"column":3839},"end":{"line":245,"column":3898}},"103":{"start":{"line":245,"column":3905},"end":{"line":245,"column":3931}},"104":{"start":{"line":245,"column":3931},"end":{"line":245,"column":3950}},"105":{"start":{"line":245,"column":3950},"end":{"line":245,"column":3973}},"106":{"start":{"line":245,"column":3980},"end":{"line":245,"column":4004}},"107":{"start":{"line":245,"column":4004},"end":{"line":245,"column":4065}},"108":{"start":{"line":245,"column":4038},"end":{"line":245,"column":4058}},"109":{"start":{"line":245,"column":4058},"end":{"line":245,"column":4064}},"110":{"start":{"line":245,"column":4065},"end":{"line":245,"column":4085}},"111":{"start":{"line":245,"column":4085},"end":{"line":245,"column":4177}},"112":{"start":{"line":245,"column":4185},"end":{"line":245,"column":4237}},"113":{"start":{"line":245,"column":4237},"end":{"line":245,"column":4257}},"114":{"start":{"line":245,"column":4257},"end":{"line":245,"column":4263}},"115":{"start":{"line":245,"column":4271},"end":{"line":245,"column":4318}},"116":{"start":{"line":245,"column":4318},"end":{"line":245,"column":4370}},"117":{"start":{"line":245,"column":4378},"end":{"line":245,"column":4398}},"118":{"start":{"line":245,"column":4398},"end":{"line":245,"column":4404}},"119":{"start":{"line":245,"column":4412},"end":{"line":245,"column":4432}},"120":{"start":{"line":245,"column":4432},"end":{"line":245,"column":4469}},"121":{"start":{"line":245,"column":4469},"end":{"line":245,"column":4489}},"122":{"start":{"line":245,"column":4489},"end":{"line":245,"column":4587}},"123":{"start":{"line":245,"column":4595},"end":{"line":245,"column":4653}},"124":{"start":{"line":245,"column":4672},"end":{"line":245,"column":4696}},"125":{"start":{"line":245,"column":4811},"end":{"line":245,"column":6070}},"126":{"start":{"line":245,"column":4888},"end":{"line":245,"column":6040}},"127":{"start":{"line":245,"column":4899},"end":{"line":245,"column":6039}},"128":{"start":{"line":245,"column":4948},"end":{"line":245,"column":4967}},"129":{"start":{"line":245,"column":4967},"end":{"line":245,"column":4993}},"130":{"start":{"line":245,"column":4993},"end":{"line":245,"column":5046}},"131":{"start":{"line":245,"column":5046},"end":{"line":245,"column":5146}},"132":{"start":{"line":245,"column":5146},"end":{"line":245,"column":5165}},"133":{"start":{"line":245,"column":5165},"end":{"line":245,"column":5218}},"134":{"start":{"line":245,"column":5225},"end":{"line":245,"column":5251}},"135":{"start":{"line":245,"column":5251},"end":{"line":245,"column":5270}},"136":{"start":{"line":245,"column":5270},"end":{"line":245,"column":5293}},"137":{"start":{"line":245,"column":5300},"end":{"line":245,"column":5324}},"138":{"start":{"line":245,"column":5324},"end":{"line":245,"column":5385}},"139":{"start":{"line":245,"column":5358},"end":{"line":245,"column":5378}},"140":{"start":{"line":245,"column":5378},"end":{"line":245,"column":5384}},"141":{"start":{"line":245,"column":5385},"end":{"line":245,"column":5405}},"142":{"start":{"line":245,"column":5405},"end":{"line":245,"column":5508}},"143":{"start":{"line":245,"column":5516},"end":{"line":245,"column":5568}},"144":{"start":{"line":245,"column":5568},"end":{"line":245,"column":5588}},"145":{"start":{"line":245,"column":5588},"end":{"line":245,"column":5594}},"146":{"start":{"line":245,"column":5602},"end":{"line":245,"column":5649}},"147":{"start":{"line":245,"column":5649},"end":{"line":245,"column":5701}},"148":{"start":{"line":245,"column":5709},"end":{"line":245,"column":5729}},"149":{"start":{"line":245,"column":5729},"end":{"line":245,"column":5735}},"150":{"start":{"line":245,"column":5743},"end":{"line":245,"column":5763}},"151":{"start":{"line":245,"column":5763},"end":{"line":245,"column":5800}},"152":{"start":{"line":245,"column":5800},"end":{"line":245,"column":5820}},"153":{"start":{"line":245,"column":5820},"end":{"line":245,"column":5929}},"154":{"start":{"line":245,"column":5937},"end":{"line":245,"column":5995}},"155":{"start":{"line":245,"column":6014},"end":{"line":245,"column":6038}},"156":{"start":{"line":245,"column":6146},"end":{"line":245,"column":7860}},"157":{"start":{"line":245,"column":6209},"end":{"line":245,"column":7830}},"158":{"start":{"line":245,"column":6220},"end":{"line":245,"column":7829}},"159":{"start":{"line":245,"column":6269},"end":{"line":245,"column":6288}},"160":{"start":{"line":245,"column":6288},"end":{"line":245,"column":6314}},"161":{"start":{"line":245,"column":6314},"end":{"line":245,"column":6367}},"162":{"start":{"line":245,"column":6367},"end":{"line":245,"column":6499}},"163":{"start":{"line":245,"column":6499},"end":{"line":245,"column":6518}},"164":{"start":{"line":245,"column":6518},"end":{"line":245,"column":6570}},"165":{"start":{"line":245,"column":6577},"end":{"line":245,"column":6603}},"166":{"start":{"line":245,"column":6603},"end":{"line":245,"column":6622}},"167":{"start":{"line":245,"column":6622},"end":{"line":245,"column":6645}},"168":{"start":{"line":245,"column":6652},"end":{"line":245,"column":6676}},"169":{"start":{"line":245,"column":6676},"end":{"line":245,"column":6737}},"170":{"start":{"line":245,"column":6710},"end":{"line":245,"column":6730}},"171":{"start":{"line":245,"column":6730},"end":{"line":245,"column":6736}},"172":{"start":{"line":245,"column":6737},"end":{"line":245,"column":6757}},"173":{"start":{"line":245,"column":6757},"end":{"line":245,"column":6844}},"174":{"start":{"line":245,"column":6852},"end":{"line":245,"column":6902}},"175":{"start":{"line":245,"column":6902},"end":{"line":245,"column":6922}},"176":{"start":{"line":245,"column":6922},"end":{"line":245,"column":6928}},"177":{"start":{"line":245,"column":6936},"end":{"line":245,"column":6956}},"178":{"start":{"line":245,"column":6956},"end":{"line":245,"column":6998}},"179":{"start":{"line":245,"column":7006},"end":{"line":245,"column":7026}},"180":{"start":{"line":245,"column":7026},"end":{"line":245,"column":7078}},"181":{"start":{"line":245,"column":7086},"end":{"line":245,"column":7109}},"182":{"start":{"line":245,"column":7109},"end":{"line":245,"column":7183}},"183":{"start":{"line":245,"column":7156},"end":{"line":245,"column":7176}},"184":{"start":{"line":245,"column":7176},"end":{"line":245,"column":7182}},"185":{"start":{"line":245,"column":7183},"end":{"line":245,"column":7320}},"186":{"start":{"line":245,"column":7320},"end":{"line":245,"column":7340}},"187":{"start":{"line":245,"column":7340},"end":{"line":245,"column":7455}},"188":{"start":{"line":245,"column":7463},"end":{"line":245,"column":7509}},"189":{"start":{"line":245,"column":7517},"end":{"line":245,"column":7537}},"190":{"start":{"line":245,"column":7537},"end":{"line":245,"column":7543}},"191":{"start":{"line":245,"column":7551},"end":{"line":245,"column":7571}},"192":{"start":{"line":245,"column":7571},"end":{"line":245,"column":7608}},"193":{"start":{"line":245,"column":7608},"end":{"line":245,"column":7628}},"194":{"start":{"line":245,"column":7628},"end":{"line":245,"column":7721}},"195":{"start":{"line":245,"column":7729},"end":{"line":245,"column":7785}},"196":{"start":{"line":245,"column":7804},"end":{"line":245,"column":7828}},"197":{"start":{"line":245,"column":7956},"end":{"line":245,"column":9457}},"198":{"start":{"line":245,"column":8021},"end":{"line":245,"column":9438}},"199":{"start":{"line":245,"column":8032},"end":{"line":245,"column":9437}},"200":{"start":{"line":245,"column":8081},"end":{"line":245,"column":8100}},"201":{"start":{"line":245,"column":8100},"end":{"line":245,"column":8152}},"202":{"start":{"line":245,"column":8159},"end":{"line":245,"column":8182}},"203":{"start":{"line":245,"column":8182},"end":{"line":245,"column":8201}},"204":{"start":{"line":245,"column":8201},"end":{"line":245,"column":8243}},"205":{"start":{"line":245,"column":8250},"end":{"line":245,"column":8276}},"206":{"start":{"line":245,"column":8276},"end":{"line":245,"column":8302}},"207":{"start":{"line":245,"column":8302},"end":{"line":245,"column":8355}},"208":{"start":{"line":245,"column":8355},"end":{"line":245,"column":8415}},"209":{"start":{"line":245,"column":8415},"end":{"line":245,"column":8462}},"210":{"start":{"line":245,"column":8462},"end":{"line":245,"column":8513}},"211":{"start":{"line":245,"column":8486},"end":{"line":245,"column":8506}},"212":{"start":{"line":245,"column":8506},"end":{"line":245,"column":8512}},"213":{"start":{"line":245,"column":8513},"end":{"line":245,"column":8533}},"214":{"start":{"line":245,"column":8533},"end":{"line":245,"column":8583}},"215":{"start":{"line":245,"column":8591},"end":{"line":245,"column":8617}},"216":{"start":{"line":245,"column":8617},"end":{"line":245,"column":8637}},"217":{"start":{"line":245,"column":8637},"end":{"line":245,"column":8643}},"218":{"start":{"line":245,"column":8651},"end":{"line":245,"column":8730}},"219":{"start":{"line":245,"column":8689},"end":{"line":245,"column":8729}},"220":{"start":{"line":245,"column":8738},"end":{"line":245,"column":8758}},"221":{"start":{"line":245,"column":8758},"end":{"line":245,"column":8799}},"222":{"start":{"line":245,"column":8807},"end":{"line":245,"column":8831}},"223":{"start":{"line":245,"column":8831},"end":{"line":245,"column":8845}},"224":{"start":{"line":245,"column":8845},"end":{"line":245,"column":8906}},"225":{"start":{"line":245,"column":8879},"end":{"line":245,"column":8899}},"226":{"start":{"line":245,"column":8899},"end":{"line":245,"column":8905}},"227":{"start":{"line":245,"column":8906},"end":{"line":245,"column":8948}},"228":{"start":{"line":245,"column":8921},"end":{"line":245,"column":8941}},"229":{"start":{"line":245,"column":8941},"end":{"line":245,"column":8947}},"230":{"start":{"line":245,"column":8948},"end":{"line":245,"column":9058}},"231":{"start":{"line":245,"column":9058},"end":{"line":245,"column":9078}},"232":{"start":{"line":245,"column":9078},"end":{"line":245,"column":9186}},"233":{"start":{"line":245,"column":9194},"end":{"line":245,"column":9233}},"234":{"start":{"line":245,"column":9233},"end":{"line":245,"column":9253}},"235":{"start":{"line":245,"column":9253},"end":{"line":245,"column":9259}},"236":{"start":{"line":245,"column":9267},"end":{"line":245,"column":9314}},"237":{"start":{"line":245,"column":9280},"end":{"line":245,"column":9313}},"238":{"start":{"line":245,"column":9314},"end":{"line":245,"column":9393}},"239":{"start":{"line":245,"column":9352},"end":{"line":245,"column":9392}},"240":{"start":{"line":245,"column":9412},"end":{"line":245,"column":9436}},"241":{"start":{"line":245,"column":9497},"end":{"line":245,"column":10106}},"242":{"start":{"line":245,"column":9571},"end":{"line":245,"column":10087}},"243":{"start":{"line":245,"column":9582},"end":{"line":245,"column":10086}},"244":{"start":{"line":245,"column":9631},"end":{"line":245,"column":9682}},"245":{"start":{"line":245,"column":9656},"end":{"line":245,"column":9675}},"246":{"start":{"line":245,"column":9675},"end":{"line":245,"column":9681}},"247":{"start":{"line":245,"column":9682},"end":{"line":245,"column":9701}},"248":{"start":{"line":245,"column":9701},"end":{"line":245,"column":9818}},"249":{"start":{"line":245,"column":9825},"end":{"line":245,"column":9844}},"250":{"start":{"line":245,"column":9844},"end":{"line":245,"column":9850}},"251":{"start":{"line":245,"column":9857},"end":{"line":245,"column":9907}},"252":{"start":{"line":245,"column":9881},"end":{"line":245,"column":9900}},"253":{"start":{"line":245,"column":9900},"end":{"line":245,"column":9906}},"254":{"start":{"line":245,"column":9907},"end":{"line":245,"column":9926}},"255":{"start":{"line":245,"column":9926},"end":{"line":245,"column":10043}},"256":{"start":{"line":245,"column":10061},"end":{"line":245,"column":10085}},"257":{"start":{"line":245,"column":10148},"end":{"line":247,"column":175}},"258":{"start":{"line":245,"column":10224},"end":{"line":247,"column":156}},"259":{"start":{"line":245,"column":10235},"end":{"line":247,"column":155}},"260":{"start":{"line":245,"column":10284},"end":{"line":246,"column":58}},"261":{"start":{"line":246,"column":32},"end":{"line":246,"column":51}},"262":{"start":{"line":246,"column":51},"end":{"line":246,"column":57}},"263":{"start":{"line":246,"column":58},"end":{"line":246,"column":77}},"264":{"start":{"line":247,"column":10},"end":{"line":247,"column":112}},"265":{"start":{"line":247,"column":130},"end":{"line":247,"column":154}},"266":{"start":{"line":251,"column":16},"end":{"line":259,"column":76}},"267":{"start":{"line":259,"column":77},"end":{"line":259,"column":107}}},"fnMap":{"0":{"name":"selectSocket","decl":{"start":{"line":245,"column":52},"end":{"line":245,"column":64}},"loc":{"start":{"line":245,"column":72},"end":{"line":245,"column":101}},"line":245},"1":{"name":"authenticateUser","decl":{"start":{"line":245,"column":170},"end":{"line":245,"column":186}},"loc":{"start":{"line":245,"column":195},"end":{"line":245,"column":273}},"line":245},"2":{"name":"createConfirmationToken","decl":{"start":{"line":245,"column":357},"end":{"line":245,"column":380}},"loc":{"start":{"line":245,"column":389},"end":{"line":245,"column":468}},"line":245},"3":{"name":"resendVerifyEmail","decl":{"start":{"line":245,"column":560},"end":{"line":245,"column":577}},"loc":{"start":{"line":245,"column":586},"end":{"line":245,"column":665}},"line":245},"4":{"name":"checkTokenLife","decl":{"start":{"line":245,"column":742},"end":{"line":245,"column":756}},"loc":{"start":{"line":245,"column":765},"end":{"line":245,"column":844}},"line":245},"5":{"name":"getPosition","decl":{"start":{"line":245,"column":912},"end":{"line":245,"column":923}},"loc":{"start":{"line":245,"column":933},"end":{"line":245,"column":1052}},"line":245},"6":{"name":"(anonymous_6)","decl":{"start":{"line":245,"column":953},"end":{"line":245,"column":954}},"loc":{"start":{"line":245,"column":980},"end":{"line":245,"column":1049}},"line":245},"7":{"name":"getUserPosition","decl":{"start":{"line":245,"column":1334},"end":{"line":245,"column":1349}},"loc":{"start":{"line":245,"column":1352},"end":{"line":245,"column":2480}},"line":245},"8":{"name":"getUserPosition$","decl":{"start":{"line":245,"column":1424},"end":{"line":245,"column":1440}},"loc":{"start":{"line":245,"column":1451},"end":{"line":245,"column":2451}},"line":245},"9":{"name":"logoutUser","decl":{"start":{"line":245,"column":2489},"end":{"line":245,"column":2499}},"loc":{"start":{"line":245,"column":2502},"end":{"line":245,"column":3383}},"line":245},"10":{"name":"logoutUser$","decl":{"start":{"line":245,"column":2552},"end":{"line":245,"column":2563}},"loc":{"start":{"line":245,"column":2575},"end":{"line":245,"column":3353}},"line":245},"11":{"name":"createUserAccount","decl":{"start":{"line":245,"column":3392},"end":{"line":245,"column":3409}},"loc":{"start":{"line":245,"column":3418},"end":{"line":245,"column":4729}},"line":245},"12":{"name":"createUserAccount$","decl":{"start":{"line":245,"column":3499},"end":{"line":245,"column":3517}},"loc":{"start":{"line":245,"column":3529},"end":{"line":245,"column":4699}},"line":245},"13":{"name":"resendVerificationEmail","decl":{"start":{"line":245,"column":4738},"end":{"line":245,"column":4761}},"loc":{"start":{"line":245,"column":4770},"end":{"line":245,"column":6071}},"line":245},"14":{"name":"resendVerificationEmail$","decl":{"start":{"line":245,"column":4851},"end":{"line":245,"column":4875}},"loc":{"start":{"line":245,"column":4887},"end":{"line":245,"column":6041}},"line":245},"15":{"name":"loginUser","decl":{"start":{"line":245,"column":6080},"end":{"line":245,"column":6089}},"loc":{"start":{"line":245,"column":6098},"end":{"line":245,"column":7861}},"line":245},"16":{"name":"loginUser$","decl":{"start":{"line":245,"column":6186},"end":{"line":245,"column":6196}},"loc":{"start":{"line":245,"column":6208},"end":{"line":245,"column":7831}},"line":245},"17":{"name":"verifyToken","decl":{"start":{"line":245,"column":7870},"end":{"line":245,"column":7881}},"loc":{"start":{"line":245,"column":7890},"end":{"line":245,"column":9458}},"line":245},"18":{"name":"verifyToken$","decl":{"start":{"line":245,"column":7996},"end":{"line":245,"column":8008}},"loc":{"start":{"line":245,"column":8020},"end":{"line":245,"column":9439}},"line":245},"19":{"name":"emitWaypointReceiver","decl":{"start":{"line":245,"column":9467},"end":{"line":245,"column":9487}},"loc":{"start":{"line":245,"column":9496},"end":{"line":245,"column":10107}},"line":245},"20":{"name":"emitWaypointReceiver$","decl":{"start":{"line":245,"column":9537},"end":{"line":245,"column":9558}},"loc":{"start":{"line":245,"column":9570},"end":{"line":245,"column":10088}},"line":245},"21":{"name":"changeDurationInterval","decl":{"start":{"line":245,"column":10116},"end":{"line":245,"column":10138}},"loc":{"start":{"line":245,"column":10147},"end":{"line":247,"column":176}},"line":245},"22":{"name":"changeDurationInterval$","decl":{"start":{"line":245,"column":10188},"end":{"line":245,"column":10211}},"loc":{"start":{"line":245,"column":10223},"end":{"line":247,"column":157}},"line":245}},"branchMap":{"0":{"loc":{"start":{"line":245,"column":1463},"end":{"line":245,"column":2449}},"type":"switch","locations":[{"start":{"line":245,"column":1503},"end":{"line":245,"column":1650}},{"start":{"line":245,"column":1650},"end":{"line":245,"column":2031}},{"start":{"line":245,"column":2031},"end":{"line":245,"column":2063}},{"start":{"line":245,"column":2063},"end":{"line":245,"column":2200}},{"start":{"line":245,"column":2200},"end":{"line":245,"column":2233}},{"start":{"line":245,"column":2233},"end":{"line":245,"column":2406}},{"start":{"line":245,"column":2406},"end":{"line":245,"column":2414}},{"start":{"line":245,"column":2414},"end":{"line":245,"column":2448}}],"line":245},"1":{"loc":{"start":{"line":245,"column":1851},"end":{"line":245,"column":1897}},"type":"if","locations":[{"start":{"line":245,"column":1851},"end":{"line":245,"column":1897}},{"start":{"line":245,"column":1851},"end":{"line":245,"column":1897}}],"line":245},"2":{"loc":{"start":{"line":245,"column":2587},"end":{"line":245,"column":3351}},"type":"switch","locations":[{"start":{"line":245,"column":2629},"end":{"line":245,"column":2729}},{"start":{"line":245,"column":2729},"end":{"line":245,"column":2807}},{"start":{"line":245,"column":2807},"end":{"line":245,"column":2987}},{"start":{"line":245,"column":2987},"end":{"line":245,"column":3092}},{"start":{"line":245,"column":3092},"end":{"line":245,"column":3126}},{"start":{"line":245,"column":3126},"end":{"line":245,"column":3307}},{"start":{"line":245,"column":3307},"end":{"line":245,"column":3315}},{"start":{"line":245,"column":3315},"end":{"line":245,"column":3350}}],"line":245},"3":{"loc":{"start":{"line":245,"column":2836},"end":{"line":245,"column":2874}},"type":"if","locations":[{"start":{"line":245,"column":2836},"end":{"line":245,"column":2874}},{"start":{"line":245,"column":2836},"end":{"line":245,"column":2874}}],"line":245},"4":{"loc":{"start":{"line":245,"column":3541},"end":{"line":245,"column":4697}},"type":"switch","locations":[{"start":{"line":245,"column":3583},"end":{"line":245,"column":3898}},{"start":{"line":245,"column":3898},"end":{"line":245,"column":3973}},{"start":{"line":245,"column":3973},"end":{"line":245,"column":4177}},{"start":{"line":245,"column":4177},"end":{"line":245,"column":4263}},{"start":{"line":245,"column":4263},"end":{"line":245,"column":4370}},{"start":{"line":245,"column":4370},"end":{"line":245,"column":4404}},{"start":{"line":245,"column":4404},"end":{"line":245,"column":4587}},{"start":{"line":245,"column":4587},"end":{"line":245,"column":4653}},{"start":{"line":245,"column":4653},"end":{"line":245,"column":4661}},{"start":{"line":245,"column":4661},"end":{"line":245,"column":4696}}],"line":245},"5":{"loc":{"start":{"line":245,"column":4004},"end":{"line":245,"column":4065}},"type":"if","locations":[{"start":{"line":245,"column":4004},"end":{"line":245,"column":4065}},{"start":{"line":245,"column":4004},"end":{"line":245,"column":4065}}],"line":245},"6":{"loc":{"start":{"line":245,"column":4899},"end":{"line":245,"column":6039}},"type":"switch","locations":[{"start":{"line":245,"column":4941},"end":{"line":245,"column":5218}},{"start":{"line":245,"column":5218},"end":{"line":245,"column":5293}},{"start":{"line":245,"column":5293},"end":{"line":245,"column":5508}},{"start":{"line":245,"column":5508},"end":{"line":245,"column":5594}},{"start":{"line":245,"column":5594},"end":{"line":245,"column":5701}},{"start":{"line":245,"column":5701},"end":{"line":245,"column":5735}},{"start":{"line":245,"column":5735},"end":{"line":245,"column":5929}},{"start":{"line":245,"column":5929},"end":{"line":245,"column":5995}},{"start":{"line":245,"column":5995},"end":{"line":245,"column":6003}},{"start":{"line":245,"column":6003},"end":{"line":245,"column":6038}}],"line":245},"7":{"loc":{"start":{"line":245,"column":5324},"end":{"line":245,"column":5385}},"type":"if","locations":[{"start":{"line":245,"column":5324},"end":{"line":245,"column":5385}},{"start":{"line":245,"column":5324},"end":{"line":245,"column":5385}}],"line":245},"8":{"loc":{"start":{"line":245,"column":6220},"end":{"line":245,"column":7829}},"type":"switch","locations":[{"start":{"line":245,"column":6262},"end":{"line":245,"column":6570}},{"start":{"line":245,"column":6570},"end":{"line":245,"column":6645}},{"start":{"line":245,"column":6645},"end":{"line":245,"column":6844}},{"start":{"line":245,"column":6844},"end":{"line":245,"column":6928}},{"start":{"line":245,"column":6928},"end":{"line":245,"column":6998}},{"start":{"line":245,"column":6998},"end":{"line":245,"column":7078}},{"start":{"line":245,"column":7078},"end":{"line":245,"column":7455}},{"start":{"line":245,"column":7455},"end":{"line":245,"column":7509}},{"start":{"line":245,"column":7509},"end":{"line":245,"column":7543}},{"start":{"line":245,"column":7543},"end":{"line":245,"column":7721}},{"start":{"line":245,"column":7721},"end":{"line":245,"column":7785}},{"start":{"line":245,"column":7785},"end":{"line":245,"column":7793}},{"start":{"line":245,"column":7793},"end":{"line":245,"column":7828}}],"line":245},"9":{"loc":{"start":{"line":245,"column":6676},"end":{"line":245,"column":6737}},"type":"if","locations":[{"start":{"line":245,"column":6676},"end":{"line":245,"column":6737}},{"start":{"line":245,"column":6676},"end":{"line":245,"column":6737}}],"line":245},"10":{"loc":{"start":{"line":245,"column":7109},"end":{"line":245,"column":7183}},"type":"if","locations":[{"start":{"line":245,"column":7109},"end":{"line":245,"column":7183}},{"start":{"line":245,"column":7109},"end":{"line":245,"column":7183}}],"line":245},"11":{"loc":{"start":{"line":245,"column":7115},"end":{"line":245,"column":7152}},"type":"binary-expr","locations":[{"start":{"line":245,"column":7115},"end":{"line":245,"column":7120}},{"start":{"line":245,"column":7124},"end":{"line":245,"column":7152}}],"line":245},"12":{"loc":{"start":{"line":245,"column":8032},"end":{"line":245,"column":9437}},"type":"switch","locations":[{"start":{"line":245,"column":8074},"end":{"line":245,"column":8152}},{"start":{"line":245,"column":8152},"end":{"line":245,"column":8243}},{"start":{"line":245,"column":8243},"end":{"line":245,"column":8583}},{"start":{"line":245,"column":8583},"end":{"line":245,"column":8643}},{"start":{"line":245,"column":8643},"end":{"line":245,"column":8730}},{"start":{"line":245,"column":8730},"end":{"line":245,"column":8799}},{"start":{"line":245,"column":8799},"end":{"line":245,"column":9186}},{"start":{"line":245,"column":9186},"end":{"line":245,"column":9259}},{"start":{"line":245,"column":9259},"end":{"line":245,"column":9393}},{"start":{"line":245,"column":9393},"end":{"line":245,"column":9401}},{"start":{"line":245,"column":9401},"end":{"line":245,"column":9436}}],"line":245},"13":{"loc":{"start":{"line":245,"column":8462},"end":{"line":245,"column":8513}},"type":"if","locations":[{"start":{"line":245,"column":8462},"end":{"line":245,"column":8513}},{"start":{"line":245,"column":8462},"end":{"line":245,"column":8513}}],"line":245},"14":{"loc":{"start":{"line":245,"column":8651},"end":{"line":245,"column":8730}},"type":"if","locations":[{"start":{"line":245,"column":8651},"end":{"line":245,"column":8730}},{"start":{"line":245,"column":8651},"end":{"line":245,"column":8730}}],"line":245},"15":{"loc":{"start":{"line":245,"column":8765},"end":{"line":245,"column":8798}},"type":"cond-expr","locations":[{"start":{"line":245,"column":8776},"end":{"line":245,"column":8791}},{"start":{"line":245,"column":8794},"end":{"line":245,"column":8798}}],"line":245},"16":{"loc":{"start":{"line":245,"column":8845},"end":{"line":245,"column":8906}},"type":"if","locations":[{"start":{"line":245,"column":8845},"end":{"line":245,"column":8906}},{"start":{"line":245,"column":8845},"end":{"line":245,"column":8906}}],"line":245},"17":{"loc":{"start":{"line":245,"column":8851},"end":{"line":245,"column":8875}},"type":"binary-expr","locations":[{"start":{"line":245,"column":8851},"end":{"line":245,"column":8857}},{"start":{"line":245,"column":8861},"end":{"line":245,"column":8875}}],"line":245},"18":{"loc":{"start":{"line":245,"column":8906},"end":{"line":245,"column":8948}},"type":"if","locations":[{"start":{"line":245,"column":8906},"end":{"line":245,"column":8948}},{"start":{"line":245,"column":8906},"end":{"line":245,"column":8948}}],"line":245},"19":{"loc":{"start":{"line":245,"column":9267},"end":{"line":245,"column":9314}},"type":"if","locations":[{"start":{"line":245,"column":9267},"end":{"line":245,"column":9314}},{"start":{"line":245,"column":9267},"end":{"line":245,"column":9314}}],"line":245},"20":{"loc":{"start":{"line":245,"column":9314},"end":{"line":245,"column":9393}},"type":"if","locations":[{"start":{"line":245,"column":9314},"end":{"line":245,"column":9393}},{"start":{"line":245,"column":9314},"end":{"line":245,"column":9393}}],"line":245},"21":{"loc":{"start":{"line":245,"column":9582},"end":{"line":245,"column":10086}},"type":"switch","locations":[{"start":{"line":245,"column":9624},"end":{"line":245,"column":9818}},{"start":{"line":245,"column":9818},"end":{"line":245,"column":9850}},{"start":{"line":245,"column":9850},"end":{"line":245,"column":10043}},{"start":{"line":245,"column":10043},"end":{"line":245,"column":10050}},{"start":{"line":245,"column":10050},"end":{"line":245,"column":10085}}],"line":245},"22":{"loc":{"start":{"line":245,"column":9631},"end":{"line":245,"column":9682}},"type":"if","locations":[{"start":{"line":245,"column":9631},"end":{"line":245,"column":9682}},{"start":{"line":245,"column":9631},"end":{"line":245,"column":9682}}],"line":245},"23":{"loc":{"start":{"line":245,"column":9857},"end":{"line":245,"column":9907}},"type":"if","locations":[{"start":{"line":245,"column":9857},"end":{"line":245,"column":9907}},{"start":{"line":245,"column":9857},"end":{"line":245,"column":9907}}],"line":245},"24":{"loc":{"start":{"line":245,"column":10235},"end":{"line":247,"column":155}},"type":"switch","locations":[{"start":{"line":245,"column":10277},"end":{"line":247,"column":112}},{"start":{"line":247,"column":112},"end":{"line":247,"column":119}},{"start":{"line":247,"column":119},"end":{"line":247,"column":154}}],"line":245},"25":{"loc":{"start":{"line":245,"column":10284},"end":{"line":246,"column":58}},"type":"if","locations":[{"start":{"line":245,"column":10284},"end":{"line":246,"column":58}},{"start":{"line":245,"column":10284},"end":{"line":246,"column":58}}],"line":245}},"s":{"0":1,"1":1,"2":1,"3":1,"4":1,"5":1,"6":1,"7":1,"8":1,"9":1,"10":1,"11":1,"12":1,"13":1,"14":1,"15":1,"16":1,"17":1,"18":1,"19":1,"20":1,"21":1,"22":1,"23":0,"24":1,"25":1,"26":0,"27":1,"28":1,"29":0,"30":1,"31":1,"32":0,"33":1,"34":1,"35":0,"36":1,"37":1,"38":0,"39":0,"40":1,"41":1,"42":1,"43":1,"44":1,"45":1,"46":1,"47":1,"48":1,"49":1,"50":1,"51":1,"52":1,"53":0,"54":0,"55":0,"56":0,"57":0,"58":0,"59":0,"60":0,"61":0,"62":0,"63":0,"64":0,"65":0,"66":0,"67":0,"68":0,"69":0,"70":0,"71":1,"72":3,"73":3,"74":1,"75":1,"76":1,"77":1,"78":1,"79":1,"80":1,"81":0,"82":0,"83":1,"84":1,"85":0,"86":0,"87":0,"88":0,"89":0,"90":0,"91":0,"92":0,"93":0,"94":0,"95":0,"96":0,"97":0,"98":0,"99":0,"100":0,"101":0,"102":0,"103":0,"104":0,"105":0,"106":0,"107":0,"108":0,"109":0,"110":0,"111":0,"112":0,"113":0,"114":0,"115":0,"116":0,"117":0,"118":0,"119":0,"120":0,"121":0,"122":0,"123":0,"124":0,"125":0,"126":0,"127":0,"128":0,"129":0,"130":0,"131":0,"132":0,"133":0,"134":0,"135":0,"136":0,"137":0,"138":0,"139":0,"140":0,"141":0,"142":0,"143":0,"144":0,"145":0,"146":0,"147":0,"148":0,"149":0,"150":0,"151":0,"152":0,"153":0,"154":0,"155":0,"156":0,"157":0,"158":0,"159":0,"160":0,"161":0,"162":0,"163":0,"164":0,"165":0,"166":0,"167":0,"168":0,"169":0,"170":0,"171":0,"172":0,"173":0,"174":0,"175":0,"176":0,"177":0,"178":0,"179":0,"180":0,"181":0,"182":0,"183":0,"184":0,"185":0,"186":0,"187":0,"188":0,"189":0,"190":0,"191":0,"192":0,"193":0,"194":0,"195":0,"196":0,"197":1,"198":2,"199":2,"200":1,"201":1,"202":1,"203":1,"204":1,"205":0,"206":0,"207":0,"208":0,"209":0,"210":0,"211":0,"212":0,"213":0,"214":0,"215":0,"216":0,"217":0,"218":0,"219":0,"220":0,"221":0,"222":0,"223":0,"224":0,"225":0,"226":0,"227":0,"228":0,"229":0,"230":0,"231":0,"232":0,"233":0,"234":0,"235":0,"236":0,"237":0,"238":0,"239":0,"240":0,"241":2,"242":2,"243":3,"244":2,"245":1,"246":1,"247":1,"248":1,"249":0,"250":0,"251":1,"252":0,"253":0,"254":1,"255":1,"256":0,"257":1,"258":1,"259":1,"260":1,"261":0,"262":0,"263":1,"264":1,"265":0,"266":1,"267":1},"f":{"0":0,"1":0,"2":0,"3":0,"4":0,"5":0,"6":0,"7":1,"8":1,"9":1,"10":3,"11":0,"12":0,"13":0,"14":0,"15":0,"16":0,"17":1,"18":2,"19":2,"20":2,"21":1,"22":1},"b":{"0":[1,0,0,0,0,0,0,0],"1":[0,0],"2":[1,1,1,0,0,0,0,0],"3":[0,1],"4":[0,0,0,0,0,0,0,0,0,0],"5":[0,0],"6":[0,0,0,0,0,0,0,0,0,0],"7":[0,0],"8":[0,0,0,0,0,0,0,0,0,0,0,0,0],"9":[0,0],"10":[0,0],"11":[0,0],"12":[1,1,0,0,0,0,0,0,0,0,0],"13":[0,0],"14":[0,0],"15":[0,0],"16":[0,0],"17":[0,0],"18":[0,0],"19":[0,0],"20":[0,0],"21":[2,0,1,0,0],"22":[1,1],"23":[0,1],"24":[1,0,0],"25":[0,1]},"_coverageSchema":"332fd63041d2c1bcb487cc26dd0d5f7d97098a6c","hash":"e711a0e8625d2f9dc54323d41f83ef50d1c11fc7"}
,"/Users/grzegorzwypych/MSS_Development/FishMap/src/screens/CreateAccountScreen.js": {"path":"/Users/grzegorzwypych/MSS_Development/FishMap/src/screens/CreateAccountScreen.js","statementMap":{"0":{"start":{"line":1,"column":13},"end":{"line":1,"column":75}},"1":{"start":{"line":1,"column":75},"end":{"line":1,"column":100}},"2":{"start":{"line":1,"column":113},"end":{"line":1,"column":165}},"3":{"start":{"line":2,"column":19},"end":{"line":2,"column":42}},"4":{"start":{"line":3,"column":18},"end":{"line":3,"column":40}},"5":{"start":{"line":4,"column":12},"end":{"line":4,"column":38}},"6":{"start":{"line":5,"column":13},"end":{"line":5,"column":39}},"7":{"start":{"line":6,"column":27},"end":{"line":6,"column":59}},"8":{"start":{"line":7,"column":17},"end":{"line":7,"column":74}},"9":{"start":{"line":7,"column":94},"end":{"line":7,"column":176}},"10":{"start":{"line":9,"column":22},"end":{"line":135,"column":125}},"11":{"start":{"line":20,"column":44},"end":{"line":20,"column":99}},"12":{"start":{"line":21,"column":4},"end":{"line":21,"column":118}},"13":{"start":{"line":21,"column":118},"end":{"line":43,"column":6}},"14":{"start":{"line":37,"column":17},"end":{"line":40,"column":44}},"15":{"start":{"line":42,"column":6},"end":{"line":42,"column":59}},"16":{"start":{"line":43,"column":6},"end":{"line":48,"column":6}},"17":{"start":{"line":46,"column":15},"end":{"line":46,"column":167}},"18":{"start":{"line":47,"column":6},"end":{"line":47,"column":28}},"19":{"start":{"line":48,"column":6},"end":{"line":60,"column":6}},"20":{"start":{"line":51,"column":6},"end":{"line":59,"column":7}},"21":{"start":{"line":52,"column":8},"end":{"line":52,"column":83}},"22":{"start":{"line":54,"column":19},"end":{"line":56,"column":46}},"23":{"start":{"line":58,"column":8},"end":{"line":58,"column":65}},"24":{"start":{"line":60,"column":6},"end":{"line":70,"column":6}},"25":{"start":{"line":64,"column":6},"end":{"line":68,"column":7}},"26":{"start":{"line":65,"column":8},"end":{"line":65,"column":114}},"27":{"start":{"line":67,"column":8},"end":{"line":67,"column":39}},"28":{"start":{"line":69,"column":6},"end":{"line":69,"column":24}},"29":{"start":{"line":70,"column":6},"end":{"line":70,"column":132}},"30":{"start":{"line":70,"column":132},"end":{"line":70,"column":278}},"31":{"start":{"line":70,"column":278},"end":{"line":70,"column":410}},"32":{"start":{"line":70,"column":410},"end":{"line":70,"column":499}},"33":{"start":{"line":70,"column":499},"end":{"line":70,"column":512}},"34":{"start":{"line":70,"column":513},"end":{"line":135,"column":10}},"35":{"start":{"line":72,"column":18},"end":{"line":72,"column":22}},"36":{"start":{"line":74,"column":21},"end":{"line":74,"column":40}},"37":{"start":{"line":75,"column":18},"end":{"line":75,"column":34}},"38":{"start":{"line":76,"column":27},"end":{"line":76,"column":52}},"39":{"start":{"line":77,"column":23},"end":{"line":77,"column":70}},"40":{"start":{"line":79,"column":6},"end":{"line":127,"column":98}},"41":{"start":{"line":87,"column":54},"end":{"line":87,"column":95}},"42":{"start":{"line":98,"column":57},"end":{"line":98,"column":104}},"43":{"start":{"line":108,"column":63},"end":{"line":108,"column":122}},"44":{"start":{"line":113,"column":101},"end":{"line":113,"column":141}},"45":{"start":{"line":135,"column":10},"end":{"line":135,"column":71}},"46":{"start":{"line":135,"column":71},"end":{"line":135,"column":98}},"47":{"start":{"line":135,"column":126},"end":{"line":135,"column":298}},"48":{"start":{"line":138,"column":13},"end":{"line":210,"column":21}},"49":{"start":{"line":214,"column":0},"end":{"line":216,"column":38}},"50":{"start":{"line":219,"column":0},"end":{"line":219,"column":47}},"51":{"start":{"line":219,"column":48},"end":{"line":219,"column":75}}},"fnMap":{"0":{"name":"(anonymous_0)","decl":{"start":{"line":9,"column":22},"end":{"line":9,"column":23}},"loc":{"start":{"line":9,"column":50},"end":{"line":135,"column":99}},"line":9},"1":{"name":"CreateAccountScreen","decl":{"start":{"line":20,"column":11},"end":{"line":20,"column":30}},"loc":{"start":{"line":20,"column":33},"end":{"line":70,"column":513}},"line":20},"2":{"name":"(anonymous_2)","decl":{"start":{"line":36,"column":19},"end":{"line":36,"column":20}},"loc":{"start":{"line":36,"column":31},"end":{"line":43,"column":5}},"line":36},"3":{"name":"(anonymous_3)","decl":{"start":{"line":45,"column":20},"end":{"line":45,"column":21}},"loc":{"start":{"line":45,"column":37},"end":{"line":48,"column":5}},"line":45},"4":{"name":"(anonymous_4)","decl":{"start":{"line":50,"column":30},"end":{"line":50,"column":31}},"loc":{"start":{"line":50,"column":42},"end":{"line":60,"column":5}},"line":50},"5":{"name":"(anonymous_5)","decl":{"start":{"line":62,"column":23},"end":{"line":62,"column":24}},"loc":{"start":{"line":62,"column":59},"end":{"line":70,"column":5}},"line":62},"6":{"name":"render","decl":{"start":{"line":70,"column":593},"end":{"line":70,"column":599}},"loc":{"start":{"line":72,"column":4},"end":{"line":135,"column":5}},"line":72},"7":{"name":"onChangeText","decl":{"start":{"line":87,"column":33},"end":{"line":87,"column":45}},"loc":{"start":{"line":87,"column":53},"end":{"line":87,"column":96}},"line":87},"8":{"name":"onChangeText","decl":{"start":{"line":98,"column":33},"end":{"line":98,"column":45}},"loc":{"start":{"line":98,"column":56},"end":{"line":98,"column":105}},"line":98},"9":{"name":"onChangeText","decl":{"start":{"line":108,"column":33},"end":{"line":108,"column":45}},"loc":{"start":{"line":108,"column":62},"end":{"line":108,"column":123}},"line":108},"10":{"name":"onPress","decl":{"start":{"line":113,"column":90},"end":{"line":113,"column":97}},"loc":{"start":{"line":113,"column":100},"end":{"line":113,"column":142}},"line":113}},"branchMap":{"0":{"loc":{"
[...]
end":{"line":220,"column":27}},"loc":{"start":{"line":220,"column":37},"end":{"line":223,"column":11}},"line":220},"28":{"name":"(anonymous_28)","decl":{"start":{"line":230,"column":33},"end":{"line":230,"column":34}},"loc":{"start":{"line":230,"column":58},"end":{"line":232,"column":117}},"line":230},"29":{"name":"(anonymous_29)","decl":{"start":{"line":241,"column":125},"end":{"line":241,"column":126}},"loc":{"start":{"line":241,"column":141},"end":{"line":241,"column":1368}},"line":241},"30":{"name":"tabBarLabel","decl":{"start":{"line":241,"column":400},"end":{"line":241,"column":411}},"loc":{"start":{"line":241,"column":419},"end":{"line":241,"column":591}},"line":241},"31":{"name":"onPress","decl":{"start":{"line":241,"column":784},"end":{"line":241,"column":791}},"loc":{"start":{"line":241,"column":794},"end":{"line":241,"column":837}},"line":241},"32":{"name":"onPress","decl":{"start":{"line":241,"column":1097},"end":{"line":241,"column":1104}},"loc":{"start":{"line":241,"column":1107},"end":{"line":241,"column":1138}},"line":241},"33":{"name":"mapStateToProps","decl":{"start":{"line":269,"column":31},"end":{"line":269,"column":46}},"loc":{"start":{"line":269,"column":54},"end":{"line":284,"column":1}},"line":269}},"branchMap":{"0":{"loc":{"start":{"line":32,"column":11},"end":{"line":32,"column":52}},"type":"cond-expr","locations":[{"start":{"line":32,"column":27},"end":{"line":32,"column":42}},{"start":{"line":32,"column":45},"end":{"line":32,"column":52}}],"line":32},"1":{"loc":{"start":{"line":160,"column":6},"end":{"line":160,"column":126}},"type":"cond-expr","locations":[{"start":{"line":160,"column":38},"end":{"line":160,"column":119}},{"start":{"line":160,"column":122},"end":{"line":160,"column":126}}],"line":160},"2":{"loc":{"start":{"line":160,"column":6},"end":{"line":160,"column":35}},"type":"binary-expr","locations":[{"start":{"line":160,"column":6},"end":{"line":160,"column":20}},{"start":{"line":160,"column":24},"end":{"line":160,"column":35}}],"line":160},"3":{"loc":{"start":{"line":174,"column":75},"end":{"line":174,"column":159}},"type":"binary-expr","locations":[{"start":{"line":174,"column":75},"end":{"line":174,"column":114}},{"start":{"line":174,"column":118},"end":{"line":174,"column":159}}],"line":174},"4":{"loc":{"start":{"line":203,"column":20},"end":{"line":203,"column":87}},"type":"cond-expr","locations":[{"start":{"line":203,"column":56},"end":{"line":203,"column":80}},{"start":{"line":203,"column":83},"end":{"line":203,"column":87}}],"line":203},"5":{"loc":{"start":{"line":204,"column":6},"end":{"line":206,"column":7}},"type":"if","locations":[{"start":{"line":204,"column":6},"end":{"line":206,"column":7}},{"start":{"line":204,"column":6},"end":{"line":206,"column":7}}],"line":204},"6":{"loc":{"start":{"line":204,"column":10},"end":{"line":204,"column":55}},"type":"binary-expr","locations":[{"start":{"line":204,"column":10},"end":{"line":204,"column":17}},{"start":{"line":204,"column":21},"end":{"line":204,"column":55}}],"line":204},"7":{"loc":{"start":{"line":208,"column":1338},"end":{"line":208,"column":1440}},"type":"if","locations":[{"start":{"line":208,"column":1338},"end":{"line":208,"column":1440}},{"start":{"line":208,"column":1338},"end":{"line":208,"column":1440}}],"line":208},"8":{"loc":{"start":{"line":208,"column":2333},"end":{"line":208,"column":3205}},"type":"if","locations":[{"start":{"line":208,"column":2333},"end":{"line":208,"column":3205}},{"start":{"line":208,"column":2333},"end":{"line":208,"column":3205}}],"line":208},"9":{"loc":{"start":{"line":208,"column":2490},"end":{"line":208,"column":2812}},"type":"if","locations":[{"start":{"line":208,"column":2490},"end":{"line":208,"column":2812}},{"start":{"line":208,"column":2490},"end":{"line":208,"column":2812}}],"line":208},"10":{"loc":{"start":{"line":225,"column":25},"end":{"line":228,"column":59}},"type":"binary-expr","locations":[{"start":{"line":225,"column":25},"end":{"line":225,"column":41}},{"start":{"line":225,"column":45},"end":{"line":228,"column":59}}],"line":225},"11":{"loc":{"start":{"line":235,"column":8},"end":{"line":236,"column":149}},"type":"cond-expr","locations":[{"start":{"line":236,"column":8},"end":{"line":236,"column":142}},{"start":{"line":236,"column":145},"end":{"line":236,"column":149}}],"line":235},"12":{"loc":{"start":{"line":238,"column":8},"end":{"line":238,"column":168}},"type":"cond-expr","locations":[{"start":{"line":238,"column":27},"end":{"line":238,"column":161}},{"start":{"line":238,"column":164},"end":{"line":238,"column":168}}],"line":238},"13":{"loc":{"start":{"line":241,"column":236},"end":{"line":241,"column":297}},"type":"cond-expr","locations":[{"start":{"line":241,"column":271},"end":{"line":241,"column":273}},{"start":{"line":241,"column":276},"end":{"line":241,"column":297}}],"line":241}},"s":{"0":1,"1":1,"2":1,"3":1,"4":1,"5":1,"6":1,"7":1,"8":1,"9":1,"10":1,"11":1,"12":1,"13":1,"14":1,"15":0,"16":1,"17":1,"18":9,"19":9,"20":9,"21":0,"22":0,"23":0,"24":9,"25":2,"26":9,"27":1,"28":0,"29":1,"30":1,"31":9,"32":1,"33":1,"34":9,"35":1,"36":1,"37":1,"38":1,"39":1,"40":0,"41":9,"42":10,"43":10,"44":10,"45":10,"46":9,"47":9,"48":9,"49":9,"50":9,"51":9,"52":9,"53":9,"54":9,"55":9,"56":1,"57":0,"58":0,"59":0,"60":0,"61":0,"62":0,"63":0,"64":0,"65":0,"66":0,"67":0,"68":0,"69":9,"70":11,"71":11,"72":0,"73":0,"74":0,"75":0,"76":0,"77":0,"78":0,"79":0,"80":0,"81":0,"82":0,"83":0,"84":0,"85":0,"86":0,"87":1,"88":10,"89":10,"90":10,"91":10,"92":0,"93":0,"94":0,"95":1,"96":1,"97":1,"98":0,"99":0,"100":0,"101":0,"102":0,"103":0,"104":0,"105":1,"106":1,"107":12,"108":1,"109":1,"110":1},"f":{"0":0,"1":1,"2":9,"3":0,"4":2,"5":1,"6":0,"7":1,"8":1,"9":1,"10":1,"11":1,"12":0,"13":10,"14":0,"15":0,"16":0,"17":0,"18":0,"19":9,"20":11,"21":0,"22":0,"23":0,"24":0,"25":1,"26":10,"27":0,"28":0,"29":0,"30":0,"31":0,"32":0,"33":12},"b":{"0":[0,0],"1":[1,1],"2":[2,1],"3":[0,0],"4":[1,9],"5":[10,0],"6":[10,9],"7":[0,0],"8":[0,0],"9":[0,0],"10":[10,9],"11":[1,9],"12":[0,10],"13":[0,0]},"_coverageSchema":"332fd63041d2c1bcb487cc26dd0d5f7d97098a6c","hash":"1c0c2f55b2c7c43064932aade565b82545c302a4"}
,"/Users/grzegorzwypych/MSS_Development/FishMap/src/screens/ProfileScreen.js": {"path":"/Users/grzegorzwypych/MSS_Development/FishMap/src/screens/ProfileScreen.js","statementMap":{"0":{"start":{"line":1,"column":13},"end":{"line":1,"column":75}},"1":{"start":{"line":1,"column":75},"end":{"line":1,"column":124}},"2":{"start":{"line":1,"column":137},"end":{"line":1,"column":190}},"3":{"start":{"line":2,"column":19},"end":{"line":2,"column":42}},"4":{"start":{"line":3,"column":18},"end":{"line":3,"column":40}},"5":{"start":{"line":3,"column":60},"end":{"line":3,"column":136}},"6":{"start":{"line":5,"column":16},"end":{"line":17,"column":99}},"7":{"start":{"line":5,"column":65},"end":{"line":5,"column":114}},"8":{"start":{"line":5,"column":114},"end":{"line":5,"column":233}},"9":{"start":{"line":5,"column":234},"end":{"line":17,"column":10}},"10":{"start":{"line":16,"column":6},"end":{"line":16,"column":140}},"11":{"start":{"line":17,"column":10},"end":{"line":17,"column":59}},"12":{"start":{"line":17,"column":59},"end":{"line":17,"column":80}},"13":{"start":{"line":17,"column":100},"end":{"line":17,"column":138}},"14":{"start":{"line":17,"column":138},"end":{"line":17,"column":264}},"15":{"start":{"line":20,"column":0},"end":{"line":20,"column":41}},"16":{"start":{"line":20,"column":42},"end":{"line":20,"column":69}}},"fnMap":{"0":{"name":"(anonymous_0)","decl":{"start":{"line":5,"column":16},"end":{"line":5,"column":17}},"loc":{"start":{"line":5,"column":38},"end":{"line":17,"column":81}},"line":5},"1":{"name":"ProfileScreen","decl":{"start":{"line":5,"column":48},"end":{"line":5,"column":61}},"loc":{"start":{"line":5,"column":64},"end":{"line":5,"column":234}},"line":5},"2":{"name":"render","decl":{"start":{"line":5,"column":308},"end":{"line":5,"column":314}},"loc":{"start":{"line":15,"column":4},"end":{"line":17,"column":5}},"line":15}},"branchMap":{},"s":{"0":1,"1":1,"2":1,"3":1,"4":1,"5":1,"6":1,"7":1,"8":1,"9":1,"10":1,"11":1,"12":1,"13":1,"14":1,"15":1,"16":1},"f":{"0":1,"1":1,"2":1},"b":{},"_coverageSchema":"332fd63041d2c1bcb487cc26dd0d5f7d97098a6c","hash":"7b26236d480bd538a81b9932dde1269f3e054857"}
,"/Users/grzegorzwypych/MSS_Development/FishMap/src/screens/SettingScreen.js": {"path":"/Users/grzegorzwypych/MSS_Development/FishMap/src/screens/SettingScreen.js","statementMap":{"0":{"start":{"line":1,"column":13},"end":{"line":1,"column":75}},"1":{"start":{"line":1,"column":75},"end":{"line":1,"column":100}},"2":{"start":{"line":1,"column":113},"end":{"line":1,"column":166}},"3":{"start":{"line":2,"column":17},"end":{"line":2,"column":74}},"4":{"start":{"line":3,"column":19},"end":{"line":3,"column":42}},"5":{"start":{"line":12,"column":19},"end":{"line":12,"column":103}},"6":{"start":{"line":13,"column":18},"end":{"line":13,"column":40}},"7":{"start":{"line":14,"column":12},"end":{"line":14,"column":38}},"8":{"start":{"line":14,"column":58},"end":{"line":14,"column":134}},"9":{"start":{"line":19,"column":16},"end":{"line":103,"column":99}},"10":{"start":{"line":21,"column":38},"end":{"line":21,"column":87}},"11":{"start":{"line":22,"column":4},"end":{"line":22,"column":112}},"12":{"start":{"line":23,"column":4},"end":{"line":29,"column":23}},"13":{"start":{"line":31,"column":4},"end":{"line":31,"column":118}},"14":{"start":{"line":31,"column":118},"end":{"line":31,"column":131}},"15":{"start":{"line":32,"column":3},"end":{"line":103,"column":10}},"16":{"start":{"line":51,"column":18},"end":{"line":51,"column":22}},"17":{"start":{"line":52,"column":6},"end":{"line":68,"column":7}},"18":{"start":{"line":53,"column":8},"end":{"line":53,"column":67}},"19":{"start":{"line":54,"column":8},"end":{"line":62,"column":11}},"20":{"start":{"line":55,"column":10},"end":{"line":61,"column":11}},"21":{"start":{"line":56,"column":29},"end":{"line":59,"column":34}},"22":{"start":{"line":56,"column":54},"end":{"line":58,"column":49}},"23":{"start":{"line":60,"column":12},"end":{"line":60,"column":72}},"24":{"start":{"line":65,"column":8},"end":{"line":65,"column":44}},"25":{"start":{"line":66,"column":8},"end":{"line":66,"column":66}},"26":{"start":{"line":71,"column":18},"end":{"line":71,"column":22}},"27":{"start":{"line":73,"column":6},"end":{"line":98,"column":85}},"28":{"start":{"line":86,"column":51},"end":{"line":86,"column":75}},"29":{"start":{"line":90,"column":39},"end":{"line":90,"column":97}},"30":{"start":{"line":103,"column":10},"end":{"line":103,"column":59}},"31":{"start":{"line":103,"column":59},"end":{"line":103,"column":80}},"32":{"start":{"line":103,"column":100},"end":{"line":103,"column":409}},"33":{"start":{"line":103,"column":168},"end":{"line":103,"column":183}},"34":{"start":{"line":103,"column":212},"end":{"line":103,"column":235}},"35":{"start":{"line":103,"column":245},"end":{"line":103,"column":306}},"36":{"start":{"line":103,"column":307},"end":{"line":103,"column":407}},"37":{"start":{"line":103,"column":409},"end":{"line":103,"column":477}},"38":{"start":{"line":106,"column":13},"end":{"line":168,"column":28}},"39":{"start":{"line":173,"column":22},"end":{"line":182,"column":1}},"40":{"start":{"line":174,"column":2},"end":{"line":180,"column":38}},"41":{"start":{"line":184,"column":0},"end":{"line":188,"column":41}},"42":{"start":{"line":191,"column":0},"end":{"line":191,"column":56}},"43":{"start":{"line":191,"column":57},"end":{"line":191,"column":84}}},"fnMap":{"0":{"name":"(anonymous_0)","decl":{"start":{"line":19,"column":16},"end":{"line":19,"column":17}},"loc":{"start":{"line":19,"column":38},"end":{"line":103,"column":81}},"line":19},"1":{"name":"SettingScreen","decl":{"start":{"line":21,"column":11},"end":{"line":21,"column":24}},"loc":{"start":{"line":21,"column":27},"end":{"line":32,"column":3}},"line":21},"2":{"name":"setEmit","decl":{"start":{"line":32,"column":78},"end":{"line":32,"column":85}},"loc":{"start":{"line":51,"column":4},"end":{"line":69,"column":5}},"line":51},"3":{"name":"(anonymous_3)","decl":{"start":{"line":54,"column":56},"end":{"line":54,"column":57}},"loc":{"start":{"line":54,"column":73},"end":{"line":62,"column":9}},"line":54},"4":{"name":"(anonymous_4)","decl":{"start":{"line":56,"column":41},"end":{"line":56,"column":42}},"loc":{"start":{"line":56,"column":53},"end":{"line":58,"column":50}},"line":56},"5":{"name":"render","decl":{"start":{"line":69,"column":42},"end":{"line":69,"column":48}},"loc":{"start":{"line":71,"column":4},"end":{"line":103,"column":5}},"line":71},"6":{"name":"onValueChange","decl":{"start":{"line":86,"column":34},"end":{"line":86,"column":47}},"loc":{"start":{"line":86,"column":50},"end":{"line":86,"column":76}},"line":86},"7":{"name":"onPress","decl":{"start":{"line":90,"column":28},"end":{"line":90,"column":35}},"loc":{"start":{"line":90,"column":38},"end":{"line":90,"column":98}},"line":90},"8":{"name":"(anonymous_8)","decl":{"start":{"line":103,"column":134},"end":{"line":103,"column":135}},"loc":{"start":{"line":103,"column":150},"end":{"line":103,"column":408}},"line":103},"9":{"name":"mapStateToProps","decl":{"start":{"line":173,"column":31},"end":{"line":173,"column":46}},"loc":{"start":{"line":173,"column":54},"end":{"line":182,"column":1}},"line":173}},"branchMap":{"0":{"loc":{"start":{"line":52,"column":6},"end":{"line":68,"column":7}},"type":"if","locations":[{"start":{"line":52,"column":6},"end":{"line":68,"column":7}},{"start":{"line":52,"column":6},"end":{"line":68,"column":7}}],"line":52},"1":{"loc":{"start":{"line":55,"column":10},"end":{"line":61,"column":11}},"type":"if","locations":[{"start":{"line":55,"column":10},"end":{"line":61,"column":11}},{"start":{"line":55,"column":10},"end":{"line":61,"column":11}}],"line":55},"2":{"loc":{"start":{"line":103,"column":245},"end":{"line":103,"column":306}},"type":"cond-expr","locations":[{"start":{"line":103,"column":280},"end":{"line":103,"column":282}},{"start":{"line":103,"column":285},"end":{"line":103,"column":306}}],"line":103}},"s":{"0":1,"1":1,"2":1,"3":1,"4":1,"5":1,"6":1,"7":1,"8":1,"9":1,"10":5,"11":5,"12":5,"13":5,"14":5,"15":1,"16":2,"17":2,"18":1,"19":1,"20":0,"21":0,"22":0,"23":0,"24":1,"25":1,"26":7,"27":7,"28":2,"29":1,"30":1,"31":1,"32":1,"33":0,"34":0,"35":0,"36":0,"37":1,"38":1,"39":1,"40":5,"41":1,"42":1,"43":1},"f":{"0":1,"1":5,"2":2,"3":0,"4":0,"5":7,"6":2,"7":1,"8":0,"9":5},"b":{"0":[1,1],"1":[0,0],"2":[0,0]},"_coverageSchema":"332fd63041d2c1bcb487cc26dd0d5f7d97098a6c","hash":"224f6af85c21131c93a33412d22d5b5b56c7f8ea"}
,"/Users/grzegorzwypych/MSS_Development/FishMap/src/screens/WayPointEditScreen.js": {"path":"/Users/grzegorzwypych/MSS_Development/FishMap/src/screens/WayPointEditScreen.js","statementMap":{"0":{"start":{"line":1,"column":13},"end":{"line":1,"column":75}},"1":{"start":{"line":1,"column":75},"end":{"line":1,"column":100}},"2":{"start":{"line":1,"column":113},"end":{"line":1,"column":165}},"3":{"start":{"line":2,"column":19},"end":{"line":2,"column":42}},"4":{"start":{"line":3,"column":24},"end":{"line":3,"column":89}},"5":{"start":{"line":4,"column":18},"end":{"line":4,"column":40}},"6":{"start":{"line":5,"column":17},"end":{"line":5,"column":74}},"7":{"start":{"line":6,"column":18},"end":{"line":6,"column":60}},"8":{"start":{"line":7,"column":27},"end":{"line":7,"column":59}},"9":{"start":{"line":7,"column":79},"end":{"line":7,"column":160}},"10":{"start":{"line":9,"column":21},"end":{"line":85,"column":123}},"11":{"start":{"line":19,"column":43},"end":{"line":19,"column":97}},"12":{"start":{"line":20,"column":4},"end":{"line":20,"column":117}},"13":{"start":{"line":20,"column":117},"end":{"line":36,"column":6}},"14":{"start":{"line":35,"column":6},"end":{"line":35,"column":47}},"15":{"start":{"line":36,"column":6},"end":{"line":40,"column":6}},"16":{"start":{"line":39,"column":6},"end":{"line":39,"column":84}},"17":{"start":{"line":40,"column":6},"end":{"line":40,"column":74}},"18":{"start":{"line":40,"column":74},"end":{"line":40,"column":87}},"19":{"start":{"line":40,"column":88},"end":{"line":85,"column":10}},"20":{"start":{"line":40,"column":199},"end":{"line":40,"column":270}},"21":{"start":{"line":40,"column":240},"end":{"line":40,"column":269}},"22":{"start":{"line":42,"column":18},"end":{"line":42,"column":22}},"23":{"start":{"line":43,"column":6},"end":{"line":75,"column":89}},"24":{"start":{"line":56,"column":54},"end":{"line":56,"column":95}},"25":{"start":{"line":66,"column":39},"end":{"line":66,"column":87}},"26":{"start":{"line":74,"column":39},"end":{"line":74,"column":87}},"27":{"start":{"line":85,"column":10},"end":{"line":85,"column":70}},"28":{"start":{"line":85,"column":70},"end":{"line":85,"column":96}},"29":{"start":{"line":85,"column":124},"end":{"line":85,"column":263}},"30":{"start":{"line":87,"column":0},"end":{"line":88,"column":48}},"31":{"start":{"line":91,"column":13},"end":{"line":121,"column":22}},"32":{"start":{"line":125,"column":22},"end":{"line":130,"column":1}},"33":{"start":{"line":127,"column":2},"end":{"line":128,"column":57}},"34":{"start":{"line":132,"column":0},"end":{"line":132,"column":61}},"35":{"start":{"line":132,"column":62},"end":{"line":132,"column":89}}},"fnMap":{"0":{"name":"(anonymous_0)","decl":{"start":{"line":9,"column":21},"end":{"line":9,"column":22}},"loc":{"start":{"line":9,"column":49},"end":{"line":85,"column":97}},"line":9},"1":{"name":"WayPointEditScreen","decl":{"start":{"line":19,"column":11},"end":{"line":19,"column":29}},"loc":{"start":{"line":19,"column":32},"end":{"line":40,"column":88}},"line":19},"2":{"name":"(anonymous_2)","decl":{"start":{"line":34,"column":22},"end":{"line":34,"column":23}},"loc":{"start":{"line":34,"column":40},"end":{"line":36,"column":5}},"line":34},"3":{"name":"(anonymous_3)","decl":{"start":{"line":38,"column":17},"end":{"line":38,"column":18}},"loc":{"start":{"line":38,"column":33},"end":{"line":40,"column":5}},"line":38},"4":{"name":"componentDidMount","decl":{"start":{"line":40,"column":178},"end":{"line":40,"column":195}},"loc":{"start":{"line":40,"column":198},"end":{"line":40,"column":271}},"line":40},"5":{"name":"render","decl":{"start":{"line":40,"column":308},"end":{"line":40,"column":314}},"loc":{"start":{"line":42,"column":4},"end":{"line":85,"column":5}},"line":42},"6":{"name":"onChangeText","decl":{"start":{"line":56,"column":33},"end":{"line":56,"column":45}},"loc":{"start":{"line":56,"column":53},"end":{"line":56,"column":96}},"line":56},"7":{"name":"onPress","decl":{"start":{"line":66,"column":28},"end":{"line":66,"column":35}},"loc":{"start":{"line":66,"column":38},"end":{"line":66,"column":88}},"line":66},"8":{"name":"onPress","decl":{"start":{"line":74,"column":28},"end":{"line":74,"column":35}},"loc":{"start":{"line":74,"column":38},"end":{"line":74,"column":88}},"line":74},"9":{"name":"mapStateToProps","decl":{"start":{"line":125,"column":31},"end":{"line":125,"column":46}},"loc":{"start":{"line":126,"column":0},"end":{"line":130,"column":1}},"line":126}},"branchMap":{"0":{"loc":{"start":{"line":40,"column":199},"end":{"line":40,"column":270}},"type":"if","locations":[{"start":{"line":40,"column":199},"end":{"line":40,"column":270}},{"start":{"line":40,"column":199},"end":{"line":40,"column":270}}],"line":40},"1":{"loc":{"start":{"line":55,"column":70},"end":{"line":55,"column":118}},"type":"cond-expr","locations":[{"start":{"line":55,"column":88},"end":{"line":55,"column":100}},{"start":{"line":55,"column":103},"end":{"line":55,"column":118}}],"line":55}},"s":{"0":1,"1":1,"2":1,"3":1,"4":1,"5":1,"6":1,"7":1,"8":1,"9":1,"10":1,"11":0,"12":0,"13":0,"14":0,"15":0,"16":0,"17":0,"18":0,"19":1,"20":0,"21":0,"22":0,"23":0,"24":0,"25":0,"26":0,"27":1,"28":1,"29":1,"30":1,"31":1,"32":1,"33":2,"34":1,"35":1},"f":{"0":1,"1":0,"2":0,"3":0,"4":0,"5":0,"6":0,"7":0,"8":0,"9":2},"b":{"0":[0,0],"1":[0,0]},"_coverageSchema":"332fd63041d2c1bcb487cc26dd0d5f7d97098a6c","hash":"bfbdc51cdfd1fece9eff72523cdd00771cc764b9"}
}
