TN:
SF:/Users/grzegorzwypych/MSS_Development/FishMap/src/actions/fishmarks.js
FN:19,(anonymous_0)
FN:24,(anonymous_1)
FN:30,(anonymous_2)
FN:35,(anonymous_3)
FN:39,(anonymous_4)
FN:43,(anonymous_5)
FN:47,(anonymous_6)
FN:53,(anonymous_7)
FN:59,(anonymous_8)
FN:66,(anonymous_9)
FN:71,(anonymous_10)
FN:76,(anonymous_11)
FN:81,(anonymous_12)
FN:87,(anonymous_13)
FN:92,(anonymous_14)
FNF:15
FNH:5
FNDA:1,(anonymous_0)
FNDA:0,(anonymous_1)
FNDA:1,(anonymous_2)
FNDA:9,(anonymous_3)
FNDA:0,(anonymous_4)
FNDA:0,(anonymous_5)
FNDA:1,(anonymous_6)
FNDA:0,(anonymous_7)
FNDA:0,(anonymous_8)
FNDA:1,(anonymous_9)
FNDA:0,(anonymous_10)
FNDA:0,(anonymous_11)
FNDA:0,(anonymous_12)
FNDA:0,(anonymous_13)
FNDA:0,(anonymous_14)
DA:19,1
DA:24,1
DA:30,1
DA:35,9
DA:39,1
DA:43,1
DA:47,1
DA:53,1
DA:59,1
DA:66,1
DA:71,1
DA:76,1
DA:81,1
DA:87,1
DA:92,1
LF:15
LH:15
BRF:0
BRH:0
end_of_record
TN:
SF:/Users/grzegorzwypych/MSS_Development/FishMap/src/actions/user.js
FN:20,(anonymous_0)
FN:25,(anonymous_1)
FN:29,(anonymous_2)
FN:34,(anonymous_3)
FN:40,(anonymous_4)
FN:45,(anonymous_5)
FN:51,(anonymous_6)
FN:55,(anonymous_7)
FN:61,(anonymous_8)
FN:67,(anonymous_9)
FN:73,(anonymous_10)
FN:78,(anonymous_11)
FN:83,(anonymous_12)
FN:88,(anonymous_13)
FN:93,(anonymous_14)
FNF:15
FNH:5
FNDA:0,(anonymous_0)
FNDA:0,(anonymous_1)
FNDA:1,(anonymous_2)
FNDA:0,(anonymous_3)
FNDA:0,(anonymous_4)
FNDA:28,(anonymous_5)
FNDA:9,(anonymous_6)
FNDA:0,(anonymous_7)
FNDA:0,(anonymous_8)
FNDA:2,(anonymous_9)
FNDA:1,(anonymous_10)
FNDA:0,(anonymous_11)
FNDA:0,(anonymous_12)
FNDA:0,(anonymous_13)
FNDA:0,(anonymous_14)
DA:20,3
DA:25,3
DA:29,3
DA:34,3
DA:40,3
DA:45,28
DA:51,9
DA:55,3
DA:61,3
DA:67,3
DA:73,3
DA:78,3
DA:83,3
DA:88,3
DA:93,3
LF:15
LH:15
BRF:0
BRH:0
end_of_record
TN:
SF:/Users/grzegorzwypych/MSS_Development/FishMap/src/common/utils.js
FN:3,(anonymous_0)
FN:8,(anonymous_1)
FN:14,(anonymous_2)
FN:29,(anonymous_3)
FN:30,(anonymous_4)
FN:31,(anonymous_5)
FNF:6
FNH:0
FNDA:0,(anonymous_0)
FNDA:0,(anonymous_1)
FNDA:0,(anonymous_2)
FNDA:0,(anonymous_3)
FNDA:0,(anonymous_4)
FNDA:0,(anonymous_5)
DA:3,3
DA:4,0
DA:8,0
DA:14,3
DA:15,0
DA:16,0
DA:18,0
DA:19,0
DA:22,0
DA:23,0
DA:26,0
DA:29,3
DA:30,3
DA:31,3
LF:14
LH:5
BRF:0
BRH:0
end_of_record
TN:
SF:/Users/grzegorzwypych/MSS_Development/FishMap/src/components/FishMarker.js
FN:13,(anonymous_0)
FNF:1
FNH:0
FNDA:0,(anonymous_0)
DA:15,0
DA:20,0
LF:2
LH:0
BRF:0
BRH:0
end_of_record
TN:
SF:/Users/grzegorzwypych/MSS_Development/FishMap/src/components/UserMarker.js
FN:7,(anonymous_0)
FNF:1
FNH:0
FNDA:0,(anonymous_0)
DA:9,0
DA:14,0
LF:2
LH:0
BRF:0
BRH:0
end_of_record
TN:
SF:/Users/grzegorzwypych/MSS_Development/FishMap/src/constants/constants.js
FNF:0
FNH:0
DA:1,4
DA:2,4
DA:3,4
DA:4,4
DA:5,4
DA:6,4
DA:8,4
DA:9,4
DA:10,4
DA:11,4
DA:12,4
DA:15,4
DA:18,4
DA:19,4
DA:21,4
DA:23,4
DA:24,4
DA:25,4
DA:26,4
DA:27,4
DA:28,4
DA:30,4
DA:31,4
DA:32,4
DA:33,4
DA:34,4
DA:35,4
DA:36,4
DA:38,4
DA:39,4
DA:40,4
DA:41,4
DA:42,4
DA:43,4
DA:44,4
DA:46,4
DA:47,4
DA:48,4
DA:50,4
DA:51,4
DA:52,4
DA:54,4
DA:55,4
DA:56,4
DA:58,4
DA:60,4
DA:61,4
DA:62,4
DA:63,4
DA:65,4
DA:66,4
DA:67,4
DA:68,4
DA:69,4
DA:70,4
DA:71,4
DA:72,4
DA:74,4
DA:75,4
DA:77,4
DA:78,4
DA:80,4
DA:81,4
DA:83,4
DA:84,4
DA:85,4
DA:87,4
DA:88,4
DA:89,4
DA:90,4
DA:92,4
DA:94,4
DA:95,4
DA:96,4
DA:98,4
LF:75
LH:75
BRF:0
BRH:0
end_of_record
TN:
SF:/Users/grzegorzwypych/MSS_Development/FishMap/src/sagas/users.js
FN:25,(anonymous_0)
FN:28,(anonymous_1)
FN:29,(anonymous_2)
FN:30,(anonymous_3)
FN:32,(anonymous_4)
FN:35,(anonymous_5)
FN:36,(anonymous_6)
FN:49,getUserPosition
FN:74,logoutUser
FN:89,createUserAccount
FN:123,resendVerificationEmail
FN:154,loginUser
FN:198,verifyToken
FN:242,emitWaypointReceiver
FN:257,changeDurationInterval
FNF:15
FNH:5
FNDA:0,(anonymous_0)
FNDA:0,(anonymous_1)
FNDA:0,(anonymous_2)
FNDA:0,(anonymous_3)
FNDA:0,(anonymous_4)
FNDA:0,(anonymous_5)
FNDA:0,(anonymous_6)
FNDA:1,getUserPosition
FNDA:1,logoutUser
FNDA:0,createUserAccount
FNDA:0,resendVerificationEmail
FNDA:0,loginUser
FNDA:1,verifyToken
FNDA:2,emitWaypointReceiver
FNDA:1,changeDurationInterval
DA:25,1
DA:28,1
DA:29,1
DA:30,1
DA:32,1
DA:35,1
DA:36,0
DA:37,0
DA:41,1
DA:43,1
DA:45,1
DA:46,1
DA:51,1
DA:53,1
DA:55,0
DA:63,0
DA:64,0
DA:66,0
DA:69,0
DA:75,1
DA:77,1
DA:78,1
DA:79,1
DA:80,1
DA:81,0
DA:85,0
DA:91,0
DA:92,0
DA:94,0
DA:96,0
DA:104,0
DA:105,0
DA:108,0
DA:109,0
DA:110,0
DA:112,0
DA:113,0
DA:117,0
DA:118,0
DA:124,0
DA:125,0
DA:127,0
DA:129,0
DA:136,0
DA:137,0
DA:140,0
DA:141,0
DA:142,0
DA:144,0
DA:145,0
DA:149,0
DA:150,0
DA:156,0
DA:157,0
DA:159,0
DA:161,0
DA:169,0
DA:170,0
DA:173,0
DA:174,0
DA:175,0
DA:178,0
DA:180,0
DA:181,0
DA:182,0
DA:187,0
DA:188,0
DA:193,0
DA:194,0
DA:199,1
DA:200,1
DA:202,1
DA:204,1
DA:206,1
DA:214,1
DA:215,1
DA:217,0
DA:218,0
DA:221,0
DA:224,0
DA:225,0
DA:226,0
DA:227,0
DA:228,0
DA:230,0
DA:232,0
DA:233,0
DA:235,0
DA:236,0
DA:244,2
DA:245,1
DA:251,1
DA:252,1
DA:258,1
DA:259,1
DA:263,1
LF:96
LH:31
BRDA:63,0,0,0
BRDA:63,0,1,0
BRDA:79,1,0,1
BRDA:79,1,1,0
BRDA:108,2,0,0
BRDA:108,2,1,0
BRDA:140,3,0,0
BRDA:140,3,1,0
BRDA:173,4,0,0
BRDA:173,4,1,0
BRDA:181,5,0,0
BRDA:181,5,1,0
BRDA:181,6,0,0
BRDA:181,6,1,0
BRDA:210,7,0,1
BRDA:210,7,1,0
BRDA:214,8,0,1
BRDA:214,8,1,0
BRDA:217,9,0,0
BRDA:217,9,1,0
BRDA:221,10,0,0
BRDA:221,10,1,0
BRDA:225,11,0,0
BRDA:225,11,1,0
BRDA:225,12,0,0
BRDA:225,12,1,0
BRDA:226,13,0,0
BRDA:226,13,1,0
BRDA:232,14,0,0
BRDA:232,14,1,0
BRDA:235,15,0,0
BRDA:235,15,1,0
BRDA:244,16,0,1
BRDA:244,16,1,1
BRDA:251,17,0,1
BRDA:251,17,1,0
BRDA:258,18,0,1
BRDA:258,18,1,0
BRF:38
BRH:7
end_of_record
TN:
SF:/Users/grzegorzwypych/MSS_Development/FishMap/src/screens/LoginScreen.js
FN:28,(anonymous_0)
FN:45,(anonymous_1)
FN:51,(anonymous_2)
FN:57,(anonymous_3)
FN:61,(anonymous_4)
FN:65,(anonymous_5)
FN:69,(anonymous_6)
FN:77,(anonymous_7)
FN:82,(anonymous_8)
FN:97,(anonymous_9)
FN:105,(anonymous_10)
FN:109,(anonymous_11)
FN:125,(anonymous_12)
FN:135,(anonymous_13)
FN:163,(anonymous_14)
FN:252,(anonymous_15)
FNF:16
FNH:14
FNDA:17,(anonymous_0)
FNDA:17,(anonymous_1)
FNDA:1,(anonymous_2)
FNDA:1,(anonymous_3)
FNDA:1,(anonymous_4)
FNDA:1,(anonymous_5)
FNDA:17,(anonymous_6)
FNDA:66,(anonymous_7)
FNDA:2,(anonymous_8)
FNDA:59,(anonymous_9)
FNDA:0,(anonymous_10)
FNDA:57,(anonymous_11)
FNDA:5,(anonymous_12)
FNDA:5,(anonymous_13)
FNDA:0,(anonymous_14)
FNDA:18,(anonymous_15)
DA:29,17
DA:30,17
DA:31,17
DA:32,17
DA:33,17
DA:34,17
DA:35,17
DA:36,17
DA:46,17
DA:47,17
DA:48,17
DA:52,1
DA:53,1
DA:54,1
DA:58,1
DA:62,1
DA:66,1
DA:70,17
DA:71,17
DA:73,17
DA:78,66
DA:79,66
DA:83,2
DA:84,1
DA:89,1
DA:92,1
DA:99,59
DA:100,5
DA:102,59
DA:106,0
DA:111,57
DA:112,57
DA:113,57
DA:115,57
DA:125,5
DA:135,5
DA:163,0
DA:175,1
DA:252,1
DA:253,18
LF:40
LH:38
BRDA:70,0,0,17
BRDA:70,0,1,0
BRDA:83,1,0,1
BRDA:83,1,1,1
BRDA:83,2,0,2
BRDA:83,2,1,1
BRDA:99,3,0,5
BRDA:99,3,1,54
BRDA:100,4,0,2
BRDA:100,4,1,3
BRDA:117,5,0,53
BRDA:117,5,1,4
BRDA:117,6,0,57
BRDA:117,6,1,55
BRDA:124,7,0,17
BRDA:124,7,1,40
BRDA:130,8,0,17
BRDA:130,8,1,40
BRDA:143,9,0,55
BRDA:143,9,1,2
BRDA:143,10,0,57
BRDA:143,10,1,4
BRDA:145,11,0,57
BRDA:145,11,1,7
BRF:24
BRH:23
end_of_record
TN:
SF:/Users/grzegorzwypych/MSS_Development/FishMap/src/screens/MainScreen.js
FN:28,(anonymous_0)
FN:42,(anonymous_1)
FN:63,(anonymous_2)
FN:70,(anonymous_3)
FN:71,(anonymous_4)
FN:83,(anonymous_5)
FN:88,(anonymous_6)
FN:89,(anonymous_7)
FN:95,(anonymous_8)
FN:105,(anonymous_9)
FN:111,(anonymous_10)
FN:119,(anonymous_11)
FN:131,(anonymous_12)
FN:140,(anonymous_13)
FN:141,(anonymous_14)
FN:149,(anonymous_15)
FN:158,(anonymous_16)
FN:159,(anonymous_17)
FN:165,(anonymous_18)
FN:170,(anonymous_19)
FN:179,(anonymous_20)
FN:180,(anonymous_21)
FN:186,(anonymous_22)
FN:193,(anonymous_23)
FN:194,(anonymous_24)
FN:195,(anonymous_25)
FN:196,(anonymous_26)
FN:202,(anonymous_27)
FN:212,(anonymous_28)
FN:221,(anonymous_29)
FN:233,(anonymous_30)
FN:273,(anonymous_31)
FNF:32
FNH:14
FNDA:0,(anonymous_0)
FNDA:9,(anonymous_1)
FNDA:0,(anonymous_2)
FNDA:0,(anonymous_3)
FNDA:0,(anonymous_4)
FNDA:0,(anonymous_5)
FNDA:0,(anonymous_6)
FNDA:0,(anonymous_7)
FNDA:0,(anonymous_8)
FNDA:0,(anonymous_9)
FNDA:0,(anonymous_10)
FNDA:0,(anonymous_11)
FNDA:9,(anonymous_12)
FNDA:11,(anonymous_13)
FNDA:11,(anonymous_14)
FNDA:0,(anonymous_15)
FNDA:0,(anonymous_16)
FNDA:0,(anonymous_17)
FNDA:2,(anonymous_18)
FNDA:1,(anonymous_19)
FNDA:1,(anonymous_20)
FNDA:0,(anonymous_21)
FNDA:1,(anonymous_22)
FNDA:1,(anonymous_23)
FNDA:1,(anonymous_24)
FNDA:1,(anonymous_25)
FNDA:0,(anonymous_26)
FNDA:10,(anonymous_27)
FNDA:10,(anonymous_28)
FNDA:0,(anonymous_29)
FNDA:0,(anonymous_30)
FNDA:12,(anonymous_31)
DA:28,1
DA:38,1
DA:43,9
DA:45,9
DA:46,9
DA:47,9
DA:48,9
DA:49,9
DA:50,9
DA:51,9
DA:52,9
DA:54,9
DA:64,0
DA:65,0
DA:66,0
DA:71,0
DA:72,0
DA:73,0
DA:76,0
DA:77,0
DA:78,0
DA:79,0
DA:84,0
DA:88,0
DA:89,0
DA:96,0
DA:99,0
DA:105,0
DA:111,0
DA:119,0
DA:132,9
DA:141,11
DA:142,11
DA:143,0
DA:146,11
DA:147,9
DA:148,0
DA:149,0
DA:153,0
DA:155,9
DA:156,9
DA:157,9
DA:158,0
DA:159,0
DA:166,2
DA:172,1
DA:180,1
DA:181,1
DA:182,1
DA:187,1
DA:189,1
DA:193,1
DA:194,1
DA:195,1
DA:196,0
DA:204,10
DA:205,10
DA:206,10
DA:208,10
DA:214,10
DA:215,10
DA:216,10
DA:222,0
DA:223,0
DA:234,0
DA:248,1
DA:273,1
DA:274,12
LF:68
LH:40
BRDA:32,0,0,0
BRDA:32,0,1,0
BRDA:72,1,0,0
BRDA:72,1,1,0
BRDA:96,2,0,0
BRDA:142,3,0,0
BRDA:142,3,1,11
BRDA:147,4,0,0
BRDA:147,4,1,9
BRDA:166,5,0,1
BRDA:166,5,1,1
BRDA:166,6,0,2
BRDA:166,6,1,1
BRDA:180,7,0,0
BRDA:180,7,1,0
BRDA:204,8,0,1
BRDA:204,8,1,9
BRDA:205,9,0,10
BRDA:205,9,1,0
BRDA:205,10,0,10
BRDA:205,10,1,9
BRDA:238,11,0,1
BRDA:238,11,1,9
BRDA:241,12,0,0
BRDA:241,12,1,10
BRF:25
BRH:14
end_of_record
TN:
SF:/Users/grzegorzwypych/MSS_Development/FishMap/src/screens/ProfileScreen.js
FN:15,(anonymous_0)
FNF:1
FNH:1
FNDA:1,(anonymous_0)
DA:16,1
LF:1
LH:1
BRF:0
BRH:0
end_of_record
TN:
SF:/Users/grzegorzwypych/MSS_Development/FishMap/src/screens/SettingScreen.js
FN:24,(anonymous_0)
FN:39,(anonymous_1)
FN:56,(anonymous_2)
FN:59,(anonymous_3)
FN:61,(anonymous_4)
FN:77,(anonymous_5)
FN:92,(anonymous_6)
FN:97,(anonymous_7)
FN:185,(anonymous_8)
FNF:9
FNH:7
FNDA:5,(anonymous_0)
FNDA:0,(anonymous_1)
FNDA:2,(anonymous_2)
FNDA:1,(anonymous_3)
FNDA:0,(anonymous_4)
FNDA:7,(anonymous_5)
FNDA:2,(anonymous_6)
FNDA:1,(anonymous_7)
FNDA:5,(anonymous_8)
DA:25,5
DA:27,5
DA:29,5
DA:41,0
DA:43,0
DA:57,2
DA:58,1
DA:59,1
DA:60,1
DA:61,1
DA:65,1
DA:70,1
DA:71,1
DA:79,7
DA:92,2
DA:97,1
DA:115,1
DA:185,1
DA:186,5
LF:19
LH:17
BRDA:41,0,0,0
BRDA:57,1,0,1
BRDA:57,1,1,1
BRDA:60,2,0,1
BRDA:60,2,1,0
BRF:5
BRH:3
end_of_record
