TN:
SF:/Users/grzegorzwypych/MSS_Development/FishMap/src/actions/fishmarks.js
FN:20,setFishmark
FN:25,moveToFishmarkPosition
FN:31,deleteFishmarkPosition
FN:36,loadFishPositions
FN:40,loadFishWaypointsOnPush
FN:44,deleteAllUserFishmarks
FN:48,IOsetFishmarksCandidateList
FN:54,shareWaypointToPeer
FN:60,shareWaypointChecked
FN:67,shareMyWaypoint
FN:72,removeShareMyWaypoint
FN:77,clearSharedCheckedWaypoints
FN:82,uncheckWaypointShared
FN:88,saveSharedWaypoints
FN:93,setMapViewForAnimation
FN:98,selectWaypoint
FNF:16
FNH:5
FNDA:1,setFishmark
FNDA:0,moveToFishmarkPosition
FNDA:1,deleteFishmarkPosition
FNDA:0,loadFishPositions
FNDA:0,loadFishWaypointsOnPush
FNDA:0,deleteAllUserFishmarks
FNDA:1,IOsetFishmarksCandidateList
FNDA:0,shareWaypointToPeer
FNDA:0,shareWaypointChecked
FNDA:1,shareMyWaypoint
FNDA:0,removeShareMyWaypoint
FNDA:0,clearSharedCheckedWaypoints
FNDA:0,uncheckWaypointShared
FNDA:0,saveSharedWaypoints
FNDA:0,setMapViewForAnimation
FNDA:1,selectWaypoint
DA:1,1
DA:20,1
DA:22,1
DA:25,1
DA:28,1
DA:31,1
DA:33,1
DA:36,1
DA:37,1
DA:40,1
DA:41,1
DA:44,1
DA:45,1
DA:48,1
DA:50,1
DA:54,1
DA:57,1
DA:60,1
DA:64,1
DA:67,1
DA:69,1
DA:72,1
DA:74,1
DA:77,1
DA:79,1
DA:82,1
DA:85,1
DA:88,1
DA:90,1
DA:93,1
DA:95,1
DA:98,1
DA:100,1
LF:33
LH:33
BRF:0
BRH:0
end_of_record
TN:
SF:/Users/grzegorzwypych/MSS_Development/FishMap/src/actions/user.js
FN:20,setUserData
FN:25,logout
FN:29,login
FN:34,createAccount
FN:40,resendVerifyEmail
FN:45,checkAuthToken
FN:51,getUserLocation
FN:55,changeReceiveStatus
FN:61,changeDuration
FN:67,emitWaypointReceive
FN:73,setIntervalID
FN:78,setSelectedDuration
FN:83,setIOSocket
FN:88,setIntervalAlive
FN:93,shareToEmail
FNF:15
FNH:4
FNDA:0,setUserData
FNDA:0,logout
FNDA:1,login
FNDA:1,createAccount
FNDA:0,resendVerifyEmail
FNDA:19,checkAuthToken
FNDA:0,getUserLocation
FNDA:0,changeReceiveStatus
FNDA:0,changeDuration
FNDA:2,emitWaypointReceive
FNDA:0,setIntervalID
FNDA:0,setSelectedDuration
FNDA:0,setIOSocket
FNDA:0,setIntervalAlive
FNDA:0,shareToEmail
DA:1,4
DA:20,4
DA:22,4
DA:25,4
DA:26,4
DA:29,4
DA:31,4
DA:34,4
DA:36,4
DA:40,4
DA:42,4
DA:45,19
DA:48,4
DA:51,4
DA:52,4
DA:55,4
DA:57,4
DA:61,4
DA:63,4
DA:67,4
DA:69,4
DA:73,4
DA:75,4
DA:78,4
DA:80,4
DA:83,4
DA:85,4
DA:88,4
DA:90,4
DA:93,4
DA:95,4
LF:31
LH:31
BRF:0
BRH:0
end_of_record
TN:
SF:/Users/grzegorzwypych/MSS_Development/FishMap/src/assets/fishmap-lightsky.png
FNF:0
FNH:0
DA:1,1
LF:1
LH:1
BRF:0
BRH:0
end_of_record
TN:
SF:/Users/grzegorzwypych/MSS_Development/FishMap/src/assets/perch.png
FNF:0
FNH:0
DA:1,1
LF:1
LH:1
BRF:0
BRH:0
end_of_record
TN:
SF:/Users/grzegorzwypych/MSS_Development/FishMap/src/common/utils.js
FN:3,displayAlert
FN:8,onPress
FN:14,removeDuplicates
FN:28,getToken
FN:29,removeToken
FN:30,setToken
FNF:6
FNH:0
FNDA:0,displayAlert
FNDA:0,onPress
FNDA:0,removeDuplicates
FNDA:0,getToken
FNDA:0,removeToken
FNDA:0,setToken
DA:1,3
DA:3,3
DA:4,0
DA:8,0
DA:12,3
DA:14,3
DA:15,0
DA:16,0
DA:18,0
DA:19,0
DA:22,0
DA:23,0
DA:25,0
DA:26,3
DA:28,3
DA:29,3
DA:30,3
LF:17
LH:8
BRF:0
BRH:0
end_of_record
TN:
SF:/Users/grzegorzwypych/MSS_Development/FishMap/src/components/EditedItem.js
FN:5,EditedItem
FN:9,onPress
FN:15,onPress
FNF:3
FNH:3
FNDA:2,EditedItem
FNDA:1,onPress
FNDA:1,onPress
DA:1,2
DA:2,2
DA:3,2
DA:5,2
DA:7,2
DA:9,1
DA:15,1
DA:24,2
DA:25,2
DA:30,2
LF:10
LH:10
BRF:0
BRH:0
end_of_record
TN:
SF:/Users/grzegorzwypych/MSS_Development/FishMap/src/components/FishMarker.js
FN:8,(anonymous_0)
FN:8,FishMarker
FN:8,render
FNF:3
FNH:3
FNDA:2,(anonymous_0)
FNDA:1,FishMarker
FNDA:1,render
DA:1,2
DA:3,2
DA:4,2
DA:5,2
DA:6,2
DA:8,2
DA:10,1
DA:14,1
DA:24,2
DA:27,2
DA:34,2
LF:11
LH:11
BRF:0
BRH:0
end_of_record
TN:
SF:/Users/grzegorzwypych/MSS_Development/FishMap/src/components/UserMarker.js
FN:5,(anonymous_0)
FN:5,UserMarker
FN:5,render
FNF:3
FNH:3
FNDA:2,(anonymous_0)
FNDA:1,UserMarker
FNDA:1,render
DA:1,2
DA:2,2
DA:3,2
DA:5,2
DA:8,1
DA:12,1
DA:18,2
DA:21,2
DA:23,2
LF:9
LH:9
BRF:0
BRH:0
end_of_record
TN:
SF:/Users/grzegorzwypych/MSS_Development/FishMap/src/constants/constants.js
FNF:0
FNH:0
DA:1,5
DA:2,5
DA:3,5
DA:4,5
DA:5,5
DA:6,5
DA:8,5
DA:9,5
DA:10,5
DA:11,5
DA:12,5
DA:18,5
DA:19,5
DA:21,5
DA:23,5
DA:24,5
DA:25,5
DA:26,5
DA:27,5
DA:28,5
DA:30,5
DA:31,5
DA:32,5
DA:33,5
DA:34,5
DA:35,5
DA:36,5
DA:38,5
DA:39,5
DA:40,5
DA:41,5
DA:42,5
DA:43,5
DA:44,5
DA:46,5
DA:47,5
DA:48,5
DA:50,5
DA:51,5
DA:52,5
DA:54,5
DA:55,5
DA:56,5
DA:58,5
DA:60,5
DA:61,5
DA:62,5
DA:63,5
DA:65,5
DA:66,5
DA:67,5
DA:68,5
DA:69,5
DA:70,5
DA:71,5
DA:72,5
DA:74,5
DA:75,5
DA:77,5
DA:78,5
DA:80,5
DA:81,5
DA:83,5
DA:84,5
DA:85,5
DA:87,5
DA:88,5
DA:89,5
DA:90,5
DA:92,5
DA:94,5
DA:95,5
DA:96,5
DA:98,5
DA:100,5
LF:75
LH:75
BRF:0
BRH:0
end_of_record
TN:
SF:/Users/grzegorzwypych/MSS_Development/FishMap/src/sagas/users.js
FN:245,selectSocket
FN:245,authenticateUser
FN:245,createConfirmationToken
FN:245,resendVerifyEmail
FN:245,checkTokenLife
FN:245,getPosition
FN:245,(anonymous_6)
FN:245,getUserPosition
FN:245,getUserPosition$
FN:245,logoutUser
FN:245,logoutUser$
FN:245,createUserAccount
FN:245,createUserAccount$
FN:245,resendVerificationEmail
FN:245,resendVerificationEmail$
FN:245,loginUser
FN:245,loginUser$
FN:245,verifyToken
FN:245,verifyToken$
FN:245,emitWaypointReceiver
FN:245,emitWaypointReceiver$
FN:245,changeDurationInterval
FN:245,changeDurationInterval$
FNF:23
FNH:10
FNDA:0,selectSocket
FNDA:0,authenticateUser
FNDA:0,createConfirmationToken
FNDA:0,resendVerifyEmail
FNDA:0,checkTokenLife
FNDA:0,getPosition
FNDA:0,(anonymous_6)
FNDA:1,getUserPosition
FNDA:1,getUserPosition$
FNDA:1,logoutUser
FNDA:3,logoutUser$
FNDA:0,createUserAccount
FNDA:0,createUserAccount$
FNDA:0,resendVerificationEmail
FNDA:0,resendVerificationEmail$
FNDA:0,loginUser
FNDA:0,loginUser$
FNDA:1,verifyToken
FNDA:2,verifyToken$
FNDA:2,emitWaypointReceiver
FNDA:2,emitWaypointReceiver$
FNDA:1,changeDurationInterval
FNDA:1,changeDurationInterval$
DA:1,1
DA:25,1
DA:26,1
DA:27,1
DA:29,1
DA:54,1
DA:75,1
DA:88,1
DA:119,1
DA:148,1
DA:191,1
DA:230,1
DA:245,3
DA:246,1
DA:247,1
DA:251,1
DA:259,1
LF:17
LH:17
BRDA:245,0,0,1
BRDA:245,0,1,0
BRDA:245,0,2,0
BRDA:245,0,3,0
BRDA:245,0,4,0
BRDA:245,0,5,0
BRDA:245,0,6,0
BRDA:245,0,7,0
BRDA:245,1,0,0
BRDA:245,1,1,0
BRDA:245,2,0,1
BRDA:245,2,1,1
BRDA:245,2,2,1
BRDA:245,2,3,0
BRDA:245,2,4,0
BRDA:245,2,5,0
BRDA:245,2,6,0
BRDA:245,2,7,0
BRDA:245,3,0,0
BRDA:245,3,1,1
BRDA:245,4,0,0
BRDA:245,4,1,0
BRDA:245,4,2,0
BRDA:245,4,3,0
BRDA:245,4,4,0
BRDA:245,4,5,0
BRDA:245,4,6,0
BRDA:245,4,7,0
BRDA:245,4,8,0
BRDA:245,4,9,0
BRDA:245,5,0,0
BRDA:245,5,1,0
BRDA:245,6,0,0
BRDA:245,6,1,0
BRDA:245,6,2,0
BRDA:245,6,3,0
BRDA:245,6,4,0
BRDA:245,6,5,0
BRDA:245,6,6,0
BRDA:245,6,7,0
BRDA:245,6,8,0
BRDA:245,6,9,0
BRDA:245,7,0,0
BRDA:245,7,1,0
BRDA:245,8,0,0
BRDA:245,8,1,0
BRDA:245,8,2,0
BRDA:245,8,3,0
BRDA:245,8,4,0
BRDA:245,8,5,0
BRDA:245,8,6,0
BRDA:245,8,7,0
BRDA:245,8,8,0
BRDA:245,8,9,0
BRDA:245,8,10,0
BRDA:245,8,11,0
BRDA:245,8,12,0
BRDA:245,9,0,0
BRDA:245,9,1,0
BRDA:245,10,0,0
BRDA:245,10,1,0
BRDA:245,11,0,0
BRDA:245,11,1,0
BRDA:245,12,0,1
BRDA:245,12,1,1
BRDA:245,12,2,0
BRDA:245,12,3,0
BRDA:245,12,4,0
BRDA:245,12,5,0
BRDA:245,12,6,0
BRDA:245,12,7,0
BRDA:245,12,8,0
BRDA:245,12,9,0
BRDA:245,12,10,0
BRDA:245,13,0,0
BRDA:245,13,1,0
BRDA:245,14,0,0
BRDA:245,14,1,0
BRDA:245,15,0,0
BRDA:245,15,1,0
BRDA:245,16,0,0
BRDA:245,16,1,0
BRDA:245,17,0,0
BRDA:245,17,1,0
BRDA:245,18,0,0
BRDA:245,18,1,0
BRDA:245,19,0,0
BRDA:245,19,1,0
BRDA:245,20,0,0
BRDA:245,20,1,0
BRDA:245,21,0,2
BRDA:245,21,1,0
BRDA:245,21,2,1
BRDA:245,21,3,0
BRDA:245,21,4,0
BRDA:245,22,0,1
BRDA:245,22,1,1
BRDA:245,23,0,0
BRDA:245,23,1,1
BRDA:245,24,0,1
BRDA:245,24,1,0
BRDA:245,24,2,0
BRDA:245,25,0,0
BRDA:245,25,1,1
BRF:104
BRH:14
end_of_record
TN:
SF:/Users/grzegorzwypych/MSS_Development/FishMap/src/screens/CreateAccountScreen.js
FN:9,(anonymous_0)
FN:20,CreateAccountScreen
FN:36,(anonymous_2)
FN:45,(anonymous_3)
FN:50,(anonymous_4)
FN:62,(anonymous_5)
FN:70,render
FN:87,onChangeText
FN:98,onChangeText
FN:108,onChangeText
FN:113,onPress
FNF:11
FNH:9
FNDA:1,(anonymous_0)
FNDA:14,CreateAccountScreen
FNDA:1,(anonymous_2)
FNDA:96,(anonymous_3)
FNDA:0,(anonymous_4)
FNDA:45,(anonymous_5)
FNDA:45,render
FNDA:10,onChangeText
FNDA:10,onChangeText
FNDA:10,onChangeText
FNDA:0,onPress
DA:1,1
DA:2,1
DA:3,1
DA:4,1
DA:5,1
DA:6,1
DA:7,1
DA:9,1
DA:20,14
DA:21,14
DA:37,1
DA:42,1
DA:43,14
DA:46,96
DA:47,96
DA:48,14
DA:51,0
DA:52,0
DA:54,0
DA:58,0
DA:60,14
DA:64,45
DA:65,18
DA:67,27
DA:69,45
DA:70,14
DA:72,45
DA:74,45
DA:75,45
DA:76,45
DA:77,45
DA:79,45
DA:87,10
DA:98,10
DA:108,10
DA:113,0
DA:135,1
DA:138,1
DA:214,1
DA:219,1
LF:40
LH:35
BRDA:51,0,0,0
BRDA:51,0,1,0
BRDA:64,1,0,18
BRDA:64,1,1,27
BRDA:65,2,0,13
BRDA:65,2,1,5
BRDA:65,3,0,18
BRDA:65,3,1,14
BRDA:86,4,0,20
BRDA:86,4,1,25
BRDA:100,5,0,3
BRDA:100,5,1,42
BRDA:100,6,0,45
BRDA:100,6,1,18
BRDA:100,6,2,12
BRDA:110,7,0,12
BRDA:110,7,1,33
BRDA:110,8,0,45
BRDA:110,8,1,18
BRDA:123,9,0,41
BRDA:123,9,1,4
BRDA:123,10,0,45
BRDA:123,10,1,25
BRDA:123,10,2,14
BRDA:123,10,3,12
BRDA:123,10,4,7
BRDA:123,10,5,6
BRDA:125,11,0,45
BRDA:125,11,1,30
BRDA:125,11,2,6
BRDA:125,11,3,4
BRDA:125,11,4,4
BRDA:125,11,5,4
BRF:33
BRH:31
end_of_record
TN:
SF:/Users/grzegorzwypych/MSS_Development/FishMap/src/screens/LoginScreen.js
FN:19,(anonymous_0)
FN:26,LoginScreen
FN:76,(anonymous_2)
FN:81,(anonymous_3)
FN:96,(anonymous_4)
FN:104,(anonymous_5)
FN:112,(anonymous_6)
FN:119,(anonymous_7)
FN:121,componentWillMount
FN:121,componentWillUnmount
FN:121,_keyboardDidShow
FN:121,_keyboardDidHide
FN:121,_DimensionHandler
FN:121,componentDidMount
FN:121,render
FN:143,onChangeText
FN:153,onChangeText
FN:182,onPress
FN:276,mapStateToProps
FNF:19
FNH:14
FNDA:1,(anonymous_0)
FNDA:17,LoginScreen
FNDA:66,(anonymous_2)
FNDA:2,(anonymous_3)
FNDA:59,(anonymous_4)
FNDA:0,(anonymous_5)
FNDA:0,(anonymous_6)
FNDA:0,(anonymous_7)
FNDA:17,componentWillMount
FNDA:0,componentWillUnmount
FNDA:1,_keyboardDidShow
FNDA:1,_keyboardDidHide
FNDA:1,_DimensionHandler
FNDA:17,componentDidMount
FNDA:57,render
FNDA:5,onChangeText
FNDA:5,onChangeText
FNDA:0,onPress
FNDA:18,mapStateToProps
DA:1,1
DA:2,1
DA:14,1
DA:15,1
DA:17,1
DA:19,1
DA:26,17
DA:27,17
DA:77,66
DA:78,66
DA:79,17
DA:82,2
DA:83,1
DA:88,1
DA:91,1
DA:93,17
DA:98,59
DA:99,5
DA:101,59
DA:102,17
DA:105,0
DA:115,0
DA:117,17
DA:120,0
DA:121,17
DA:123,57
DA:125,57
DA:126,57
DA:127,57
DA:129,57
DA:133,57
DA:143,5
DA:153,5
DA:182,0
DA:190,1
DA:194,1
DA:276,1
DA:277,18
DA:281,1
LF:39
LH:35
BRDA:82,0,0,1
BRDA:82,0,1,1
BRDA:82,1,0,2
BRDA:82,1,1,1
BRDA:98,2,0,5
BRDA:98,2,1,54
BRDA:99,3,0,2
BRDA:99,3,1,3
BRDA:115,4,0,0
BRDA:115,4,1,0
BRDA:121,5,0,17
BRDA:121,5,1,0
BRDA:135,6,0,53
BRDA:135,6,1,4
BRDA:135,7,0,57
BRDA:135,7,1,55
BRDA:142,8,0,17
BRDA:142,8,1,40
BRDA:148,9,0,17
BRDA:148,9,1,40
BRDA:161,10,0,55
BRDA:161,10,1,2
BRDA:161,11,0,57
BRDA:161,11,1,4
BRDA:163,12,0,57
BRDA:163,12,1,7
BRF:26
BRH:23
end_of_record
TN:
SF:/Users/grzegorzwypych/MSS_Development/FishMap/src/screens/MainScreen.js
FN:28,labelStyle
FN:39,(anonymous_1)
FN:41,MainScreen
FN:62,(anonymous_3)
FN:159,(anonymous_4)
FN:173,(anonymous_5)
FN:174,(anonymous_6)
FN:179,(anonymous_7)
FN:185,(anonymous_8)
FN:192,onPress
FN:193,onPress
FN:194,onPress
FN:195,onPress
FN:201,(anonymous_13)
FN:208,logoutUser
FN:208,(anonymous_15)
FN:208,handleLogout
FN:208,onPress
FN:208,onPress
FN:208,componentWillMount
FN:208,componentDidMount
FN:208,(anonymous_21)
FN:208,(anonymous_22)
FN:208,(anonymous_23)
FN:208,(anonymous_24)
FN:208,handleFishMarkerSet
FN:208,render
FN:220,ref
FN:230,(anonymous_28)
FN:241,(anonymous_29)
FN:241,tabBarLabel
FN:241,onPress
FN:241,onPress
FN:269,mapStateToProps
FNF:34
FNH:15
FNDA:0,labelStyle
FNDA:1,(anonymous_1)
FNDA:9,MainScreen
FNDA:0,(anonymous_3)
FNDA:2,(anonymous_4)
FNDA:1,(anonymous_5)
FNDA:0,(anonymous_6)
FNDA:1,(anonymous_7)
FNDA:1,(anonymous_8)
FNDA:1,onPress
FNDA:1,onPress
FNDA:1,onPress
FNDA:0,onPress
FNDA:10,(anonymous_13)
FNDA:0,logoutUser
FNDA:0,(anonymous_15)
FNDA:0,handleLogout
FNDA:0,onPress
FNDA:0,onPress
FNDA:9,componentWillMount
FNDA:11,componentDidMount
FNDA:0,(anonymous_21)
FNDA:0,(anonymous_22)
FNDA:0,(anonymous_23)
FNDA:0,(anonymous_24)
FNDA:1,handleFishMarkerSet
FNDA:10,render
FNDA:0,ref
FNDA:0,(anonymous_28)
FNDA:0,(anonymous_29)
FNDA:0,tabBarLabel
FNDA:0,onPress
FNDA:0,onPress
FNDA:12,mapStateToProps
DA:1,1
DA:2,1
DA:3,1
DA:4,1
DA:6,1
DA:14,1
DA:16,1
DA:18,1
DA:19,1
DA:21,1
DA:25,1
DA:28,1
DA:37,1
DA:39,1
DA:41,9
DA:42,9
DA:63,0
DA:64,0
DA:65,0
DA:67,9
DA:160,2
DA:161,9
DA:174,1
DA:175,1
DA:176,1
DA:177,9
DA:180,1
DA:181,1
DA:182,9
DA:186,1
DA:188,1
DA:192,1
DA:193,1
DA:194,1
DA:195,0
DA:199,9
DA:203,10
DA:204,10
DA:205,10
DA:207,10
DA:208,11
DA:211,10
DA:213,10
DA:214,10
DA:215,10
DA:221,0
DA:222,0
DA:230,0
DA:241,1
DA:244,1
DA:269,1
DA:270,12
DA:286,1
DA:288,1
LF:54
LH:47
BRDA:32,0,0,0
BRDA:32,0,1,0
BRDA:160,1,0,1
BRDA:160,1,1,1
BRDA:160,2,0,2
BRDA:160,2,1,1
BRDA:174,3,0,0
BRDA:174,3,1,0
BRDA:203,4,0,1
BRDA:203,4,1,9
BRDA:204,5,0,10
BRDA:204,5,1,0
BRDA:204,6,0,10
BRDA:204,6,1,9
BRDA:208,7,0,0
BRDA:208,7,1,0
BRDA:208,8,0,0
BRDA:208,8,1,0
BRDA:208,9,0,0
BRDA:208,9,1,0
BRDA:225,10,0,10
BRDA:225,10,1,9
BRDA:235,11,0,1
BRDA:235,11,1,9
BRDA:238,12,0,0
BRDA:238,12,1,10
BRDA:241,13,0,0
BRDA:241,13,1,0
BRF:28
BRH:14
end_of_record
TN:
SF:/Users/grzegorzwypych/MSS_Development/FishMap/src/screens/ProfileScreen.js
FN:5,(anonymous_0)
FN:5,ProfileScreen
FN:5,render
FNF:3
FNH:3
FNDA:1,(anonymous_0)
FNDA:1,ProfileScreen
FNDA:1,render
DA:1,1
DA:2,1
DA:3,1
DA:5,1
DA:16,1
DA:17,1
DA:20,1
LF:7
LH:7
BRF:0
BRH:0
end_of_record
TN:
SF:/Users/grzegorzwypych/MSS_Development/FishMap/src/screens/SettingScreen.js
FN:19,(anonymous_0)
FN:21,SettingScreen
FN:32,setEmit
FN:54,(anonymous_3)
FN:56,(anonymous_4)
FN:69,render
FN:86,onValueChange
FN:90,onPress
FN:103,(anonymous_8)
FN:173,mapStateToProps
FNF:10
FNH:7
FNDA:1,(anonymous_0)
FNDA:5,SettingScreen
FNDA:2,setEmit
FNDA:0,(anonymous_3)
FNDA:0,(anonymous_4)
FNDA:7,render
FNDA:2,onValueChange
FNDA:1,onPress
FNDA:0,(anonymous_8)
FNDA:5,mapStateToProps
DA:1,1
DA:2,1
DA:3,1
DA:12,1
DA:13,1
DA:14,1
DA:19,1
DA:21,5
DA:22,5
DA:23,5
DA:31,5
DA:32,1
DA:51,2
DA:52,2
DA:53,1
DA:54,1
DA:55,0
DA:56,0
DA:60,0
DA:65,1
DA:66,1
DA:71,7
DA:73,7
DA:86,2
DA:90,1
DA:103,1
DA:106,1
DA:173,1
DA:174,5
DA:184,1
DA:191,1
LF:31
LH:28
BRDA:52,0,0,1
BRDA:52,0,1,1
BRDA:55,1,0,0
BRDA:55,1,1,0
BRDA:103,2,0,0
BRDA:103,2,1,0
BRF:6
BRH:2
end_of_record
TN:
SF:/Users/grzegorzwypych/MSS_Development/FishMap/src/screens/WayPointEditScreen.js
FN:9,(anonymous_0)
FN:19,WayPointEditScreen
FN:34,(anonymous_2)
FN:38,(anonymous_3)
FN:40,componentDidMount
FN:40,render
FN:56,onChangeText
FN:66,onPress
FN:74,onPress
FN:125,mapStateToProps
FNF:10
FNH:2
FNDA:1,(anonymous_0)
FNDA:0,WayPointEditScreen
FNDA:0,(anonymous_2)
FNDA:0,(anonymous_3)
FNDA:0,componentDidMount
FNDA:0,render
FNDA:0,onChangeText
FNDA:0,onPress
FNDA:0,onPress
FNDA:2,mapStateToProps
DA:1,1
DA:2,1
DA:3,1
DA:4,1
DA:5,1
DA:6,1
DA:7,1
DA:9,1
DA:19,0
DA:20,0
DA:35,0
DA:36,0
DA:39,0
DA:40,1
DA:42,0
DA:43,0
DA:56,0
DA:66,0
DA:74,0
DA:85,1
DA:87,1
DA:91,1
DA:125,1
DA:127,2
DA:132,1
LF:25
LH:15
BRDA:40,0,0,0
BRDA:40,0,1,0
BRDA:55,1,0,0
BRDA:55,1,1,0
BRF:4
BRH:0
end_of_record
